{"meta": {"format": 3, "version": "7.13.5", "timestamp": "2026-07-27T17:49:47.011782", "branch_coverage": false, "show_contexts": false}, "files": {"src/__init__.py": {"executed_lines": [], "summary": {"covered_lines": 0, "num_statements": 0, "percent_covered": 100.0, "percent_covered_display": "100", "missing_lines": 0, "excluded_lines": 0, "percent_statements_covered": 100.0, "percent_statements_covered_display": "100"}, "missing_lines": [], "excluded_lines": [], "functions": {"": {"executed_lines": [], "summary": {"covered_lines": 0, "num_statements": 0, "percent_covered": 100.0, "percent_covered_display": "100", "missing_lines": 0, "excluded_lines": 0, "percent_statements_covered": 100.0, "percent_statements_covered_display": "100"}, "missing_lines": [], "excluded_lines": [], "start_line": 1}}, "classes": {"": {"executed_lines": [], "summary": {"covered_lines": 0, "num_statements": 0, "percent_covered": 100.0, "percent_covered_display": "100", "missing_lines": 0, "excluded_lines": 0, "percent_statements_covered": 100.0, "percent_statements_covered_display": "100"}, "missing_lines": [], "excluded_lines": [], "start_line": 1}}}, "src/antispoof/__init__.py": {"executed_lines": [], "summary": {"covered_lines": 0, "num_statements": 0, "percent_covered": 100.0, "percent_covered_display": "100", "missing_lines": 0, "excluded_lines": 0, "percent_statements_covered": 100.0, "percent_statements_covered_display": "100"}, "missing_lines": [], "excluded_lines": [], "functions": {"": {"executed_lines": [], "summary": {"covered_lines": 0, "num_statements": 0, "percent_covered": 100.0, "percent_covered_display": "100", "missing_lines": 0, "excluded_lines": 0, "percent_statements_covered": 100.0, "percent_statements_covered_display": "100"}, "missing_lines": [], "excluded_lines": [], "start_line": 1}}, "classes": {"": {"executed_lines": [], "summary": {"covered_lines": 0, "num_statements": 0, "percent_covered": 100.0, "percent_covered_display": "100", "missing_lines": 0, "excluded_lines": 0, "percent_statements_covered": 100.0, "percent_statements_covered_display": "100"}, "missing_lines": [], "excluded_lines": [], "start_line": 1}}}, "src/antispoof/crop_image.py": {"executed_lines": [], "summary": {"covered_lines": 0, "num_statements": 38, "percent_covered": 0.0, "percent_covered_display": "0", "missing_lines": 38, "excluded_lines": 0, "percent_statements_covered": 0.0, "percent_statements_covered_display": "0"}, "missing_lines": [3, 4, 7, 10, 11, 24, 25, 26, 27, 29, 31, 32, 33, 35, 36, 37, 38, 40, 41, 42, 44, 45, 46, 48, 49, 50, 52, 53, 54, 56, 63, 86, 87, 89, 90, 94, 95, 96], "excluded_lines": [], "functions": {"CropImage._get_new_box": {"executed_lines": [], "summary": {"covered_lines": 0, "num_statements": 25, "percent_covered": 0.0, "percent_covered_display": "0", "missing_lines": 25, "excluded_lines": 0, "percent_statements_covered": 0.0, "percent_statements_covered_display": "0"}, "missing_lines": [24, 25, 26, 27, 29, 31, 32, 33, 35, 36, 37, 38, 40, 41, 42, 44, 45, 46, 48, 49, 50, 52, 53, 54, 56], "excluded_lines": [], "start_line": 11}, "CropImage.crop": {"executed_lines": [], "summary": {"covered_lines": 0, "num_statements": 7, "percent_covered": 0.0, "percent_covered_display": "0", "missing_lines": 7, "excluded_lines": 0, "percent_statements_covered": 0.0, "percent_statements_covered_display": "0"}, "missing_lines": [86, 87, 89, 90, 94, 95, 96], "excluded_lines": [], "start_line": 63}, "": {"executed_lines": [], "summary": {"covered_lines": 0, "num_statements": 6, "percent_covered": 0.0, "percent_covered_display": "0", "missing_lines": 6, "excluded_lines": 0, "percent_statements_covered": 0.0, "percent_statements_covered_display": "0"}, "missing_lines": [3, 4, 7, 10, 11, 63], "excluded_lines": [], "start_line": 1}}, "classes": {"CropImage": {"executed_lines": [], "summary": {"covered_lines": 0, "num_statements": 32, "percent_covered": 0.0, "percent_covered_display": "0", "missing_lines": 32, "excluded_lines": 0, "percent_statements_covered": 0.0, "percent_statements_covered_display": "0"}, "missing_lines": [24, 25, 26, 27, 29, 31, 32, 33, 35, 36, 37, 38, 40, 41, 42, 44, 45, 46, 48, 49, 50, 52, 53, 54, 56, 86, 87, 89, 90, 94, 95, 96], "excluded_lines": [], "start_line": 7}, "": {"executed_lines": [], "summary": {"covered_lines": 0, "num_statements": 6, "percent_covered": 0.0, "percent_covered_display": "0", "missing_lines": 6, "excluded_lines": 0, "percent_statements_covered": 0.0, "percent_statements_covered_display": "0"}, "missing_lines": [3, 4, 7, 10, 11, 63], "excluded_lines": [], "start_line": 1}}}, "src/antispoof/data_io/__init__.py": {"executed_lines": [], "summary": {"covered_lines": 0, "num_statements": 0, "percent_covered": 100.0, "percent_covered_display": "100", "missing_lines": 0, "excluded_lines": 0, "percent_statements_covered": 100.0, "percent_statements_covered_display": "100"}, "missing_lines": [], "excluded_lines": [], "functions": {"": {"executed_lines": [], "summary": {"covered_lines": 0, "num_statements": 0, "percent_covered": 100.0, "percent_covered_display": "100", "missing_lines": 0, "excluded_lines": 0, "percent_statements_covered": 100.0, "percent_statements_covered_display": "100"}, "missing_lines": [], "excluded_lines": [], "start_line": 1}}, "classes": {"": {"executed_lines": [], "summary": {"covered_lines": 0, "num_statements": 0, "percent_covered": 100.0, "percent_covered_display": "100", "missing_lines": 0, "excluded_lines": 0, "percent_statements_covered": 100.0, "percent_statements_covered_display": "100"}, "missing_lines": [], "excluded_lines": [], "start_line": 1}}}, "src/antispoof/data_io/dataset_folder.py": {"executed_lines": [], "summary": {"covered_lines": 0, "num_statements": 47, "percent_covered": 0.0, "percent_covered_display": "0", "missing_lines": 47, "excluded_lines": 0, "percent_statements_covered": 0.0, "percent_statements_covered_display": "0"}, "missing_lines": [7, 8, 9, 10, 13, 14, 15, 18, 19, 28, 29, 30, 31, 33, 34, 35, 37, 38, 39, 40, 41, 42, 44, 45, 46, 48, 49, 50, 51, 52, 53, 54, 55, 58, 59, 60, 61, 62, 63, 64, 65, 66, 67, 68, 69, 70, 71], "excluded_lines": [], "functions": {"opencv_loader": {"executed_lines": [], "summary": {"covered_lines": 0, "num_statements": 2, "percent_covered": 0.0, "percent_covered_display": "0", "missing_lines": 2, "excluded_lines": 0, "percent_statements_covered": 0.0, "percent_statements_covered_display": "0"}, "missing_lines": [14, 15], "excluded_lines": [], "start_line": 13}, "DatasetFolderFT.__init__": {"executed_lines": [], "summary": {"covered_lines": 0, "num_statements": 4, "percent_covered": 0.0, "percent_covered_display": "0", "missing_lines": 4, "excluded_lines": 0, "percent_statements_covered": 0.0, "percent_statements_covered_display": "0"}, "missing_lines": [28, 29, 30, 31], "excluded_lines": [], "start_line": 19}, "DatasetFolderFT.__getitem__": {"executed_lines": [], "summary": {"covered_lines": 0, "num_statements": 19, "percent_covered": 0.0, "percent_covered_display": "0", "missing_lines": 19, "excluded_lines": 0, "percent_statements_covered": 0.0, "percent_statements_covered_display": "0"}, "missing_lines": [34, 35, 37, 38, 39, 40, 41, 42, 44, 45, 46, 48, 49, 50, 51, 52, 53, 54, 55], "excluded_lines": [], "start_line": 33}, "generate_FT": {"executed_lines": [], "summary": {"covered_lines": 0, "num_statements": 13, "percent_covered": 0.0, "percent_covered_display": "0", "missing_lines": 13, "excluded_lines": 0, "percent_statements_covered": 0.0, "percent_statements_covered_display": "0"}, "missing_lines": [59, 60, 61, 62, 63, 64, 65, 66, 67, 68, 69, 70, 71], "excluded_lines": [], "start_line": 58}, "": {"executed_lines": [], "summary": {"covered_lines": 0, "num_statements": 9, "percent_covered": 0.0, "percent_covered_display": "0", "missing_lines": 9, "excluded_lines": 0, "percent_statements_covered": 0.0, "percent_statements_covered_display": "0"}, "missing_lines": [7, 8, 9, 10, 13, 18, 19, 33, 58], "excluded_lines": [], "start_line": 1}}, "classes": {"DatasetFolderFT": {"executed_lines": [], "summary": {"covered_lines": 0, "num_statements": 23, "percent_covered": 0.0, "percent_covered_display": "0", "missing_lines": 23, "excluded_lines": 0, "percent_statements_covered": 0.0, "percent_statements_covered_display": "0"}, "missing_lines": [28, 29, 30, 31, 34, 35, 37, 38, 39, 40, 41, 42, 44, 45, 46, 48, 49, 50, 51, 52, 53, 54, 55], "excluded_lines": [], "start_line": 18}, "": {"executed_lines": [], "summary": {"covered_lines": 0, "num_statements": 24, "percent_covered": 0.0, "percent_covered_display": "0", "missing_lines": 24, "excluded_lines": 0, "percent_statements_covered": 0.0, "percent_statements_covered_display": "0"}, "missing_lines": [7, 8, 9, 10, 13, 14, 15, 18, 19, 33, 58, 59, 60, 61, 62, 63, 64, 65, 66, 67, 68, 69, 70, 71], "excluded_lines": [], "start_line": 1}}}, "src/antispoof/data_io/dataset_loader.py": {"executed_lines": [], "summary": {"covered_lines": 0, "num_statements": 9, "percent_covered": 0.0, "percent_covered_display": "0", "missing_lines": 9, "excluded_lines": 0, "percent_statements_covered": 0.0, "percent_statements_covered_display": "0"}, "missing_lines": [7, 9, 10, 13, 14, 24, 25, 26, 29], "excluded_lines": [], "functions": {"get_train_loader": {"executed_lines": [], "summary": {"covered_lines": 0, "num_statements": 5, "percent_covered": 0.0, "percent_covered_display": "0", "missing_lines": 5, "excluded_lines": 0, "percent_statements_covered": 0.0, "percent_statements_covered_display": "0"}, "missing_lines": [14, 24, 25, 26, 29], "excluded_lines": [], "start_line": 13}, "": {"executed_lines": [], "summary": {"covered_lines": 0, "num_statements": 4, "percent_covered": 0.0, "percent_covered_display": "0", "missing_lines": 4, "excluded_lines": 0, "percent_statements_covered": 0.0, "percent_statements_covered_display": "0"}, "missing_lines": [7, 9, 10, 13], "excluded_lines": [], "start_line": 1}}, "classes": {"": {"executed_lines": [], "summary": {"covered_lines": 0, "num_statements": 9, "percent_covered": 0.0, "percent_covered_display": "0", "missing_lines": 9, "excluded_lines": 0, "percent_statements_covered": 0.0, "percent_statements_covered_display": "0"}, "missing_lines": [7, 9, 10, 13, 14, 24, 25, 26, 29], "excluded_lines": [], "start_line": 1}}}, "src/antispoof/data_io/functional.py": {"executed_lines": [7, 8, 10, 11, 12, 13, 14, 15, 16, 18, 21, 28, 32, 36, 90, 155, 176, 213, 222, 255, 274, 284, 307, 322, 337, 369, 405, 425, 445, 465, 510, 544, 570], "summary": {"covered_lines": 33, "num_statements": 229, "percent_covered": 14.410480349344978, "percent_covered_display": "14", "missing_lines": 196, "excluded_lines": 0, "percent_statements_covered": 14.410480349344978, "percent_statements_covered_display": "14"}, "missing_lines": [22, 23, 25, 29, 33, 47, 48, 50, 53, 54, 56, 59, 60, 61, 62, 63, 66, 67, 68, 69, 71, 73, 74, 75, 76, 78, 79, 82, 83, 85, 87, 104, 105, 107, 108, 109, 110, 111, 113, 114, 118, 119, 120, 121, 122, 123, 124, 125, 126, 127, 128, 129, 130, 133, 135, 136, 137, 138, 140, 141, 143, 144, 145, 146, 147, 149, 150, 152, 168, 169, 171, 172, 173, 192, 193, 194, 195, 197, 198, 199, 200, 201, 202, 203, 204, 206, 207, 208, 210, 214, 219, 238, 239, 241, 242, 243, 244, 246, 247, 252, 268, 269, 271, 275, 276, 277, 278, 279, 280, 281, 301, 302, 303, 304, 316, 317, 319, 331, 332, 334, 352, 353, 355, 357, 358, 359, 360, 361, 362, 363, 364, 365, 366, 389, 390, 392, 394, 396, 397, 399, 401, 402, 417, 418, 420, 421, 422, 437, 438, 440, 441, 442, 457, 458, 460, 461, 462, 488, 489, 491, 492, 494, 495, 496, 498, 500, 502, 503, 504, 506, 507, 527, 528, 530, 531, 533, 534, 536, 537, 538, 540, 541, 564, 565, 567, 581, 582, 584, 585, 586, 587, 588, 589, 590, 592, 594], "excluded_lines": [], "functions": {"_is_pil_image": {"executed_lines": [], "summary": {"covered_lines": 0, "num_statements": 3, "percent_covered": 0.0, "percent_covered_display": "0", "missing_lines": 3, "excluded_lines": 0, "percent_statements_covered": 0.0, "percent_statements_covered_display": "0"}, "missing_lines": [22, 23, 25], "excluded_lines": [], "start_line": 21}, "_is_tensor_image": {"executed_lines": [], "summary": {"covered_lines": 0, "num_statements": 1, "percent_covered": 0.0, "percent_covered_display": "0", "missing_lines": 1, "excluded_lines": 0, "percent_statements_covered": 0.0, "percent_statements_covered_display": "0"}, "missing_lines": [29], "excluded_lines": [], "start_line": 28}, "_is_numpy_image": {"executed_lines": [], "summary": {"covered_lines": 0, "num_statements": 1, "percent_covered": 0.0, "percent_covered_display": "0", "missing_lines": 1, "excluded_lines": 0, "percent_statements_covered": 0.0, "percent_statements_covered_display": "0"}, "missing_lines": [33], "excluded_lines": [], "start_line": 32}, "to_tensor": {"executed_lines": [], "summary": {"covered_lines": 0, "num_statements": 26, "percent_covered": 0.0, "percent_covered_display": "0", "missing_lines": 26, "excluded_lines": 0, "percent_statements_covered": 0.0, "percent_statements_covered_display": "0"}, "missing_lines": [47, 48, 50, 53, 54, 56, 59, 60, 61, 62, 63, 66, 67, 68, 69, 71, 73, 74, 75, 76, 78, 79, 82, 83, 85, 87], "excluded_lines": [], "start_line": 36}, "to_pil_image": {"executed_lines": [], "summary": {"covered_lines": 0, "num_statements": 37, "percent_covered": 0.0, "percent_covered_display": "0", "missing_lines": 37, "excluded_lines": 0, "percent_statements_covered": 0.0, "percent_statements_covered_display": "0"}, "missing_lines": [104, 105, 107, 108, 109, 110, 111, 113, 114, 118, 119, 120, 121, 122, 123, 124, 125, 126, 127, 128, 129, 130, 133, 135, 136, 137, 138, 140, 141, 143, 144, 145, 146, 147, 149, 150, 152], "excluded_lines": [], "start_line": 90}, "normalize": {"executed_lines": [], "summary": {"covered_lines": 0, "num_statements": 5, "percent_covered": 0.0, "percent_covered_display": "0", "missing_lines": 5, "excluded_lines": 0, "percent_statements_covered": 0.0, "percent_statements_covered_display": "0"}, "missing_lines": [168, 169, 171, 172, 173], "excluded_lines": [], "start_line": 155}, "resize": {"executed_lines": [], "summary": {"covered_lines": 0, "num_statements": 16, "percent_covered": 0.0, "percent_covered_display": "0", "missing_lines": 16, "excluded_lines": 0, "percent_statements_covered": 0.0, "percent_statements_covered_display": "0"}, "missing_lines": [192, 193, 194, 195, 197, 198, 199, 200, 201, 202, 203, 204, 206, 207, 208, 210], "excluded_lines": [], "start_line": 176}, "scale": {"executed_lines": [], "summary": {"covered_lines": 0, "num_statements": 2, "percent_covered": 0.0, "percent_covered_display": "0", "missing_lines": 2, "excluded_lines": 0, "percent_statements_covered": 0.0, "percent_statements_covered_display": "0"}, "missing_lines": [214, 219], "excluded_lines": [], "start_line": 213}, "pad": {"executed_lines": [], "summary": {"covered_lines": 0, "num_statements": 9, "percent_covered": 0.0, "percent_covered_display": "0", "missing_lines": 9, "excluded_lines": 0, "percent_statements_covered": 0.0, "percent_statements_covered_display": "0"}, "missing_lines": [238, 239, 241, 242, 243, 244, 246, 247, 252], "excluded_lines": [], "start_line": 222}, "crop": {"executed_lines": [], "summary": {"covered_lines": 0, "num_statements": 3, "percent_covered": 0.0, "percent_covered_display": "0", "missing_lines": 3, "excluded_lines": 0, "percent_statements_covered": 0.0, "percent_statements_covered_display": "0"}, "missing_lines": [268, 269, 271], "excluded_lines": [], "start_line": 255}, "center_crop": {"executed_lines": [], "summary": {"covered_lines": 0, "num_statements": 7, "percent_covered": 0.0, "percent_covered_display": "0", "missing_lines": 7, "excluded_lines": 0, "percent_statements_covered": 0.0, "percent_statements_covered_display": "0"}, "missing_lines": [275, 276, 277, 278, 279, 280, 281], "excluded_lines": [], "start_line": 274}, "resized_crop": {"executed_lines": [], "summary": {"covered_lines": 0, "num_statements": 4, "percent_covered": 0.0, "percent_covered_display": "0", "missing_lines": 4, "excluded_lines": 0, "percent_statements_covered": 0.0, "percent_statements_covered_display": "0"}, "missing_lines": [301, 302, 303, 304], "excluded_lines": [], "start_line": 284}, "hflip": {"executed_lines": [], "summary": {"covered_lines": 0, "num_statements": 3, "percent_covered": 0.0, "percent_covered_display": "0", "missing_lines": 3, "excluded_lines": 0, "percent_statements_covered": 0.0, "percent_statements_covered_display": "0"}, "missing_lines": [316, 317, 319], "excluded_lines": [], "start_line": 307}, "vflip": {"executed_lines": [], "summary": {"covered_lines": 0, "num_statements": 3, "percent_covered": 0.0, "percent_covered_display": "0", "missing_lines": 3, "excluded_lines": 0, "percent_statements_covered": 0.0, "percent_statements_covered_display": "0"}, "missing_lines": [331, 332, 334], "excluded_lines": [], "start_line": 322}, "five_crop": {"executed_lines": [], "summary": {"covered_lines": 0, "num_statements": 13, "percent_covered": 0.0, "percent_covered_display": "0", "missing_lines": 13, "excluded_lines": 0, "percent_statements_covered": 0.0, "percent_statements_covered_display": "0"}, "missing_lines": [352, 353, 355, 357, 358, 359, 360, 361, 362, 363, 364, 365, 366], "excluded_lines": [], "start_line": 337}, "ten_crop": {"executed_lines": [], "summary": {"covered_lines": 0, "num_statements": 9, "percent_covered": 0.0, "percent_covered_display": "0", "missing_lines": 9, "excluded_lines": 0, "percent_statements_covered": 0.0, "percent_statements_covered_display": "0"}, "missing_lines": [389, 390, 392, 394, 396, 397, 399, 401, 402], "excluded_lines": [], "start_line": 369}, "adjust_brightness": {"executed_lines": [], "summary": {"covered_lines": 0, "num_statements": 5, "percent_covered": 0.0, "percent_covered_display": "0", "missing_lines": 5, "excluded_lines": 0, "percent_statements_covered": 0.0, "percent_statements_covered_display": "0"}, "missing_lines": [417, 418, 420, 421, 422], "excluded_lines": [], "start_line": 405}, "adjust_contrast": {"executed_lines": [], "summary": {"covered_lines": 0, "num_statements": 5, "percent_covered": 0.0, "percent_covered_display": "0", "missing_lines": 5, "excluded_lines": 0, "percent_statements_covered": 0.0, "percent_statements_covered_display": "0"}, "missing_lines": [437, 438, 440, 441, 442], "excluded_lines": [], "start_line": 425}, "adjust_saturation": {"executed_lines": [], "summary": {"covered_lines": 0, "num_statements": 5, "percent_covered": 0.0, "percent_covered_display": "0", "missing_lines": 5, "excluded_lines": 0, "percent_statements_covered": 0.0, "percent_statements_covered_display": "0"}, "missing_lines": [457, 458, 460, 461, 462], "excluded_lines": [], "start_line": 445}, "adjust_hue": {"executed_lines": [], "summary": {"covered_lines": 0, "num_statements": 14, "percent_covered": 0.0, "percent_covered_display": "0", "missing_lines": 14, "excluded_lines": 0, "percent_statements_covered": 0.0, "percent_statements_covered_display": "0"}, "missing_lines": [488, 489, 491, 492, 494, 495, 496, 498, 500, 502, 503, 504, 506, 507], "excluded_lines": [], "start_line": 465}, "adjust_gamma": {"executed_lines": [], "summary": {"covered_lines": 0, "num_statements": 11, "percent_covered": 0.0, "percent_covered_display": "0", "missing_lines": 11, "excluded_lines": 0, "percent_statements_covered": 0.0, "percent_statements_covered_display": "0"}, "missing_lines": [527, 528, 530, 531, 533, 534, 536, 537, 538, 540, 541], "excluded_lines": [], "start_line": 510}, "rotate": {"executed_lines": [], "summary": {"covered_lines": 0, "num_statements": 3, "percent_covered": 0.0, "percent_covered_display": "0", "missing_lines": 3, "excluded_lines": 0, "percent_statements_covered": 0.0, "percent_statements_covered_display": "0"}, "missing_lines": [564, 565, 567], "excluded_lines": [], "start_line": 544}, "to_grayscale": {"executed_lines": [], "summary": {"covered_lines": 0, "num_statements": 11, "percent_covered": 0.0, "percent_covered_display": "0", "missing_lines": 11, "excluded_lines": 0, "percent_statements_covered": 0.0, "percent_statements_covered_display": "0"}, "missing_lines": [581, 582, 584, 585, 586, 587, 588, 589, 590, 592, 594], "excluded_lines": [], "start_line": 570}, "": {"executed_lines": [7, 8, 10, 11, 12, 13, 14, 15, 16, 18, 21, 28, 32, 36, 90, 155, 176, 213, 222, 255, 274, 284, 307, 322, 337, 369, 405, 425, 445, 465, 510, 544, 570], "summary": {"covered_lines": 33, "num_statements": 33, "percent_covered": 100.0, "percent_covered_display": "100", "missing_lines": 0, "excluded_lines": 0, "percent_statements_covered": 100.0, "percent_statements_covered_display": "100"}, "missing_lines": [], "excluded_lines": [], "start_line": 1}}, "classes": {"": {"executed_lines": [7, 8, 10, 11, 12, 13, 14, 15, 16, 18, 21, 28, 32, 36, 90, 155, 176, 213, 222, 255, 274, 284, 307, 322, 337, 369, 405, 425, 445, 465, 510, 544, 570], "summary": {"covered_lines": 33, "num_statements": 229, "percent_covered": 14.410480349344978, "percent_covered_display": "14", "missing_lines": 196, "excluded_lines": 0, "percent_statements_covered": 14.410480349344978, "percent_statements_covered_display": "14"}, "missing_lines": [22, 23, 25, 29, 33, 47, 48, 50, 53, 54, 56, 59, 60, 61, 62, 63, 66, 67, 68, 69, 71, 73, 74, 75, 76, 78, 79, 82, 83, 85, 87, 104, 105, 107, 108, 109, 110, 111, 113, 114, 118, 119, 120, 121, 122, 123, 124, 125, 126, 127, 128, 129, 130, 133, 135, 136, 137, 138, 140, 141, 143, 144, 145, 146, 147, 149, 150, 152, 168, 169, 171, 172, 173, 192, 193, 194, 195, 197, 198, 199, 200, 201, 202, 203, 204, 206, 207, 208, 210, 214, 219, 238, 239, 241, 242, 243, 244, 246, 247, 252, 268, 269, 271, 275, 276, 277, 278, 279, 280, 281, 301, 302, 303, 304, 316, 317, 319, 331, 332, 334, 352, 353, 355, 357, 358, 359, 360, 361, 362, 363, 364, 365, 366, 389, 390, 392, 394, 396, 397, 399, 401, 402, 417, 418, 420, 421, 422, 437, 438, 440, 441, 442, 457, 458, 460, 461, 462, 488, 489, 491, 492, 494, 495, 496, 498, 500, 502, 503, 504, 506, 507, 527, 528, 530, 531, 533, 534, 536, 537, 538, 540, 541, 564, 565, 567, 581, 582, 584, 585, 586, 587, 588, 589, 590, 592, 594], "excluded_lines": [], "start_line": 1}}}, "src/antispoof/data_io/transform.py": {"executed_lines": [7, 8, 10, 12, 13, 14, 15, 16, 17, 19, 21, 23, 36, 49, 52, 58, 65, 76, 83, 87, 91, 108, 111, 123, 134, 138, 149, 152, 165, 180, 191, 192, 226, 238, 252, 258, 259, 290, 302, 322, 336, 337, 347], "summary": {"covered_lines": 43, "num_statements": 119, "percent_covered": 36.134453781512605, "percent_covered_display": "36", "missing_lines": 76, "excluded_lines": 0, "percent_statements_covered": 36.134453781512605, "percent_statements_covered_display": "36"}, "missing_lines": [50, 53, 54, 55, 73, 84, 85, 88, 109, 120, 135, 136, 146, 160, 161, 162, 183, 184, 186, 187, 188, 189, 204, 205, 206, 207, 209, 210, 212, 213, 215, 216, 217, 218, 221, 222, 223, 224, 234, 235, 253, 254, 255, 256, 268, 269, 270, 271, 273, 274, 275, 277, 278, 279, 281, 282, 283, 285, 286, 288, 298, 299, 323, 324, 325, 326, 328, 329, 330, 332, 333, 334, 343, 345, 355, 357], "excluded_lines": [], "functions": {"Compose.__init__": {"executed_lines": [], "summary": {"covered_lines": 0, "num_statements": 1, "percent_covered": 0.0, "percent_covered_display": "0", "missing_lines": 1, "excluded_lines": 0, "percent_statements_covered": 0.0, "percent_statements_covered_display": "0"}, "missing_lines": [50], "excluded_lines": [], "start_line": 49}, "Compose.__call__": {"executed_lines": [], "summary": {"covered_lines": 0, "num_statements": 3, "percent_covered": 0.0, "percent_covered_display": "0", "missing_lines": 3, "excluded_lines": 0, "percent_statements_covered": 0.0, "percent_statements_covered_display": "0"}, "missing_lines": [53, 54, 55], "excluded_lines": [], "start_line": 52}, "ToTensor.__call__": {"executed_lines": [], "summary": {"covered_lines": 0, "num_statements": 1, "percent_covered": 0.0, "percent_covered_display": "0", "missing_lines": 1, "excluded_lines": 0, "percent_statements_covered": 0.0, "percent_statements_covered_display": "0"}, "missing_lines": [73], "excluded_lines": [], "start_line": 65}, "Lambda.__init__": {"executed_lines": [], "summary": {"covered_lines": 0, "num_statements": 2, "percent_covered": 0.0, "percent_covered_display": "0", "missing_lines": 2, "excluded_lines": 0, "percent_statements_covered": 0.0, "percent_statements_covered_display": "0"}, "missing_lines": [84, 85], "excluded_lines": [], "start_line": 83}, "Lambda.__call__": {"executed_lines": [], "summary": {"covered_lines": 0, "num_statements": 1, "percent_covered": 0.0, "percent_covered_display": "0", "missing_lines": 1, "excluded_lines": 0, "percent_statements_covered": 0.0, "percent_statements_covered_display": "0"}, "missing_lines": [88], "excluded_lines": [], "start_line": 87}, "ToPILImage.__init__": {"executed_lines": [], "summary": {"covered_lines": 0, "num_statements": 1, "percent_covered": 0.0, "percent_covered_display": "0", "missing_lines": 1, "excluded_lines": 0, "percent_statements_covered": 0.0, "percent_statements_covered_display": "0"}, "missing_lines": [109], "excluded_lines": [], "start_line": 108}, "ToPILImage.__call__": {"executed_lines": [], "summary": {"covered_lines": 0, "num_statements": 1, "percent_covered": 0.0, "percent_covered_display": "0", "missing_lines": 1, "excluded_lines": 0, "percent_statements_covered": 0.0, "percent_statements_covered_display": "0"}, "missing_lines": [120], "excluded_lines": [], "start_line": 111}, "Normalize.__init__": {"executed_lines": [], "summary": {"covered_lines": 0, "num_statements": 2, "percent_covered": 0.0, "percent_covered_display": "0", "missing_lines": 2, "excluded_lines": 0, "percent_statements_covered": 0.0, "percent_statements_covered_display": "0"}, "missing_lines": [135, 136], "excluded_lines": [], "start_line": 134}, "Normalize.__call__": {"executed_lines": [], "summary": {"covered_lines": 0, "num_statements": 1, "percent_covered": 0.0, "percent_covered_display": "0", "missing_lines": 1, "excluded_lines": 0, "percent_statements_covered": 0.0, "percent_statements_covered_display": "0"}, "missing_lines": [146], "excluded_lines": [], "start_line": 138}, "RandomHorizontalFlip.__call__": {"executed_lines": [], "summary": {"covered_lines": 0, "num_statements": 3, "percent_covered": 0.0, "percent_covered_display": "0", "missing_lines": 3, "excluded_lines": 0, "percent_statements_covered": 0.0, "percent_statements_covered_display": "0"}, "missing_lines": [160, 161, 162], "excluded_lines": [], "start_line": 152}, "RandomResizedCrop.__init__": {"executed_lines": [], "summary": {"covered_lines": 0, "num_statements": 6, "percent_covered": 0.0, "percent_covered_display": "0", "missing_lines": 6, "excluded_lines": 0, "percent_statements_covered": 0.0, "percent_statements_covered_display": "0"}, "missing_lines": [183, 184, 186, 187, 188, 189], "excluded_lines": [], "start_line": 180}, "RandomResizedCrop.get_params": {"executed_lines": [], "summary": {"covered_lines": 0, "num_statements": 16, "percent_covered": 0.0, "percent_covered_display": "0", "missing_lines": 16, "excluded_lines": 0, "percent_statements_covered": 0.0, "percent_statements_covered_display": "0"}, "missing_lines": [204, 205, 206, 207, 209, 210, 212, 213, 215, 216, 217, 218, 221, 222, 223, 224], "excluded_lines": [], "start_line": 192}, "RandomResizedCrop.__call__": {"executed_lines": [], "summary": {"covered_lines": 0, "num_statements": 2, "percent_covered": 0.0, "percent_covered_display": "0", "missing_lines": 2, "excluded_lines": 0, "percent_statements_covered": 0.0, "percent_statements_covered_display": "0"}, "missing_lines": [234, 235], "excluded_lines": [], "start_line": 226}, "ColorJitter.__init__": {"executed_lines": [], "summary": {"covered_lines": 0, "num_statements": 4, "percent_covered": 0.0, "percent_covered_display": "0", "missing_lines": 4, "excluded_lines": 0, "percent_statements_covered": 0.0, "percent_statements_covered_display": "0"}, "missing_lines": [253, 254, 255, 256], "excluded_lines": [], "start_line": 252}, "ColorJitter.get_params": {"executed_lines": [], "summary": {"covered_lines": 0, "num_statements": 16, "percent_covered": 0.0, "percent_covered_display": "0", "missing_lines": 16, "excluded_lines": 0, "percent_statements_covered": 0.0, "percent_statements_covered_display": "0"}, "missing_lines": [268, 269, 270, 271, 273, 274, 275, 277, 278, 279, 281, 282, 283, 285, 286, 288], "excluded_lines": [], "start_line": 259}, "ColorJitter.__call__": {"executed_lines": [], "summary": {"covered_lines": 0, "num_statements": 2, "percent_covered": 0.0, "percent_covered_display": "0", "missing_lines": 2, "excluded_lines": 0, "percent_statements_covered": 0.0, "percent_statements_covered_display": "0"}, "missing_lines": [298, 299], "excluded_lines": [], "start_line": 290}, "RandomRotation.__init__": {"executed_lines": [], "summary": {"covered_lines": 0, "num_statements": 10, "percent_covered": 0.0, "percent_covered_display": "0", "missing_lines": 10, "excluded_lines": 0, "percent_statements_covered": 0.0, "percent_statements_covered_display": "0"}, "missing_lines": [323, 324, 325, 326, 328, 329, 330, 332, 333, 334], "excluded_lines": [], "start_line": 322}, "RandomRotation.get_params": {"executed_lines": [], "summary": {"covered_lines": 0, "num_statements": 2, "percent_covered": 0.0, "percent_covered_display": "0", "missing_lines": 2, "excluded_lines": 0, "percent_statements_covered": 0.0, "percent_statements_covered_display": "0"}, "missing_lines": [343, 345], "excluded_lines": [], "start_line": 337}, "RandomRotation.__call__": {"executed_lines": [], "summary": {"covered_lines": 0, "num_statements": 2, "percent_covered": 0.0, "percent_covered_display": "0", "missing_lines": 2, "excluded_lines": 0, "percent_statements_covered": 0.0, "percent_statements_covered_display": "0"}, "missing_lines": [355, 357], "excluded_lines": [], "start_line": 347}, "": {"executed_lines": [7, 8, 10, 12, 13, 14, 15, 16, 17, 19, 21, 23, 36, 49, 52, 58, 65, 76, 83, 87, 91, 108, 111, 123, 134, 138, 149, 152, 165, 180, 191, 192, 226, 238, 252, 258, 259, 290, 302, 322, 336, 337, 347], "summary": {"covered_lines": 43, "num_statements": 43, "percent_covered": 100.0, "percent_covered_display": "100", "missing_lines": 0, "excluded_lines": 0, "percent_statements_covered": 100.0, "percent_statements_covered_display": "100"}, "missing_lines": [], "excluded_lines": [], "start_line": 1}}, "classes": {"Compose": {"executed_lines": [], "summary": {"covered_lines": 0, "num_statements": 4, "percent_covered": 0.0, "percent_covered_display": "0", "missing_lines": 4, "excluded_lines": 0, "percent_statements_covered": 0.0, "percent_statements_covered_display": "0"}, "missing_lines": [50, 53, 54, 55], "excluded_lines": [], "start_line": 36}, "ToTensor": {"executed_lines": [], "summary": {"covered_lines": 0, "num_statements": 1, "percent_covered": 0.0, "percent_covered_display": "0", "missing_lines": 1, "excluded_lines": 0, "percent_statements_covered": 0.0, "percent_statements_covered_display": "0"}, "missing_lines": [73], "excluded_lines": [], "start_line": 58}, "Lambda": {"executed_lines": [], "summary": {"covered_lines": 0, "num_statements": 3, "percent_covered": 0.0, "percent_covered_display": "0", "missing_lines": 3, "excluded_lines": 0, "percent_statements_covered": 0.0, "percent_statements_covered_display": "0"}, "missing_lines": [84, 85, 88], "excluded_lines": [], "start_line": 76}, "ToPILImage": {"executed_lines": [], "summary": {"covered_lines": 0, "num_statements": 2, "percent_covered": 0.0, "percent_covered_display": "0", "missing_lines": 2, "excluded_lines": 0, "percent_statements_covered": 0.0, "percent_statements_covered_display": "0"}, "missing_lines": [109, 120], "excluded_lines": [], "start_line": 91}, "Normalize": {"executed_lines": [], "summary": {"covered_lines": 0, "num_statements": 3, "percent_covered": 0.0, "percent_covered_display": "0", "missing_lines": 3, "excluded_lines": 0, "percent_statements_covered": 0.0, "percent_statements_covered_display": "0"}, "missing_lines": [135, 136, 146], "excluded_lines": [], "start_line": 123}, "RandomHorizontalFlip": {"executed_lines": [], "summary": {"covered_lines": 0, "num_statements": 3, "percent_covered": 0.0, "percent_covered_display": "0", "missing_lines": 3, "excluded_lines": 0, "percent_statements_covered": 0.0, "percent_statements_covered_display": "0"}, "missing_lines": [160, 161, 162], "excluded_lines": [], "start_line": 149}, "RandomResizedCrop": {"executed_lines": [], "summary": {"covered_lines": 0, "num_statements": 24, "percent_covered": 0.0, "percent_covered_display": "0", "missing_lines": 24, "excluded_lines": 0, "percent_statements_covered": 0.0, "percent_statements_covered_display": "0"}, "missing_lines": [183, 184, 186, 187, 188, 189, 204, 205, 206, 207, 209, 210, 212, 213, 215, 216, 217, 218, 221, 222, 223, 224, 234, 235], "excluded_lines": [], "start_line": 165}, "ColorJitter": {"executed_lines": [], "summary": {"covered_lines": 0, "num_statements": 22, "percent_covered": 0.0, "percent_covered_display": "0", "missing_lines": 22, "excluded_lines": 0, "percent_statements_covered": 0.0, "percent_statements_covered_display": "0"}, "missing_lines": [253, 254, 255, 256, 268, 269, 270, 271, 273, 274, 275, 277, 278, 279, 281, 282, 283, 285, 286, 288, 298, 299], "excluded_lines": [], "start_line": 238}, "RandomRotation": {"executed_lines": [], "summary": {"covered_lines": 0, "num_statements": 14, "percent_covered": 0.0, "percent_covered_display": "0", "missing_lines": 14, "excluded_lines": 0, "percent_statements_covered": 0.0, "percent_statements_covered_display": "0"}, "missing_lines": [323, 324, 325, 326, 328, 329, 330, 332, 333, 334, 343, 345, 355, 357], "excluded_lines": [], "start_line": 302}, "": {"executed_lines": [7, 8, 10, 12, 13, 14, 15, 16, 17, 19, 21, 23, 36, 49, 52, 58, 65, 76, 83, 87, 91, 108, 111, 123, 134, 138, 149, 152, 165, 180, 191, 192, 226, 238, 252, 258, 259, 290, 302, 322, 336, 337, 347], "summary": {"covered_lines": 43, "num_statements": 43, "percent_covered": 100.0, "percent_covered_display": "100", "missing_lines": 0, "excluded_lines": 0, "percent_statements_covered": 100.0, "percent_statements_covered_display": "100"}, "missing_lines": [], "excluded_lines": [], "start_line": 1}}}, "src/antispoof/model_lib/MiniFASNet.py": {"executed_lines": [6, 7, 8, 22, 23, 27, 28, 32, 33, 47, 54, 55, 68, 74, 75, 89, 102, 103, 124, 128, 129, 139, 151, 152, 199, 203, 204, 228, 242, 243, 334, 354, 355, 412, 519, 526, 532, 541], "summary": {"covered_lines": 38, "num_statements": 196, "percent_covered": 19.387755102040817, "percent_covered_display": "19", "missing_lines": 158, "excluded_lines": 0, "percent_statements_covered": 19.387755102040817, "percent_statements_covered_display": "19"}, "missing_lines": [24, 29, 34, 35, 44, 45, 48, 49, 50, 51, 56, 57, 66, 69, 70, 71, 78, 79, 80, 81, 82, 83, 86, 87, 90, 91, 92, 93, 94, 95, 96, 98, 99, 104, 105, 106, 107, 108, 109, 110, 122, 125, 130, 131, 132, 133, 134, 135, 136, 137, 140, 141, 142, 143, 144, 145, 146, 147, 148, 164, 165, 166, 167, 168, 169, 170, 171, 185, 197, 200, 216, 217, 218, 219, 220, 221, 224, 225, 226, 229, 230, 231, 232, 233, 234, 235, 236, 238, 239, 246, 247, 249, 250, 254, 255, 256, 258, 262, 263, 264, 266, 270, 271, 272, 274, 278, 286, 294, 303, 307, 308, 309, 311, 315, 316, 317, 319, 322, 325, 328, 329, 330, 331, 332, 335, 336, 337, 338, 339, 340, 341, 342, 343, 344, 345, 346, 347, 348, 349, 350, 351, 358, 367, 368, 369, 371, 375, 383, 391, 400, 404, 405, 406, 407, 520, 527, 535, 544], "excluded_lines": [], "functions": {"L2Norm.forward": {"executed_lines": [], "summary": {"covered_lines": 0, "num_statements": 1, "percent_covered": 0.0, "percent_covered_display": "0", "missing_lines": 1, "excluded_lines": 0, "percent_statements_covered": 0.0, "percent_statements_covered_display": "0"}, "missing_lines": [24], "excluded_lines": [], "start_line": 23}, "Flatten.forward": {"executed_lines": [], "summary": {"covered_lines": 0, "num_statements": 1, "percent_covered": 0.0, "percent_covered_display": "0", "missing_lines": 1, "excluded_lines": 0, "percent_statements_covered": 0.0, "percent_statements_covered_display": "0"}, "missing_lines": [29], "excluded_lines": [], "start_line": 28}, "Conv_block.__init__": {"executed_lines": [], "summary": {"covered_lines": 0, "num_statements": 4, "percent_covered": 0.0, "percent_covered_display": "0", "missing_lines": 4, "excluded_lines": 0, "percent_statements_covered": 0.0, "percent_statements_covered_display": "0"}, "missing_lines": [34, 35, 44, 45], "excluded_lines": [], "start_line": 33}, "Conv_block.forward": {"executed_lines": [], "summary": {"covered_lines": 0, "num_statements": 4, "percent_covered": 0.0, "percent_covered_display": "0", "missing_lines": 4, "excluded_lines": 0, "percent_statements_covered": 0.0, "percent_statements_covered_display": "0"}, "missing_lines": [48, 49, 50, 51], "excluded_lines": [], "start_line": 47}, "Linear_block.__init__": {"executed_lines": [], "summary": {"covered_lines": 0, "num_statements": 3, "percent_covered": 0.0, "percent_covered_display": "0", "missing_lines": 3, "excluded_lines": 0, "percent_statements_covered": 0.0, "percent_statements_covered_display": "0"}, "missing_lines": [56, 57, 66], "excluded_lines": [], "start_line": 55}, "Linear_block.forward": {"executed_lines": [], "summary": {"covered_lines": 0, "num_statements": 3, "percent_covered": 0.0, "percent_covered_display": "0", "missing_lines": 3, "excluded_lines": 0, "percent_statements_covered": 0.0, "percent_statements_covered_display": "0"}, "missing_lines": [69, 70, 71], "excluded_lines": [], "start_line": 68}, "Depth_Wise.__init__": {"executed_lines": [], "summary": {"covered_lines": 0, "num_statements": 8, "percent_covered": 0.0, "percent_covered_display": "0", "missing_lines": 8, "excluded_lines": 0, "percent_statements_covered": 0.0, "percent_statements_covered_display": "0"}, "missing_lines": [78, 79, 80, 81, 82, 83, 86, 87], "excluded_lines": [], "start_line": 75}, "Depth_Wise.forward": {"executed_lines": [], "summary": {"covered_lines": 0, "num_statements": 9, "percent_covered": 0.0, "percent_covered_display": "0", "missing_lines": 9, "excluded_lines": 0, "percent_statements_covered": 0.0, "percent_statements_covered_display": "0"}, "missing_lines": [90, 91, 92, 93, 94, 95, 96, 98, 99], "excluded_lines": [], "start_line": 89}, "Residual.__init__": {"executed_lines": [], "summary": {"covered_lines": 0, "num_statements": 8, "percent_covered": 0.0, "percent_covered_display": "0", "missing_lines": 8, "excluded_lines": 0, "percent_statements_covered": 0.0, "percent_statements_covered_display": "0"}, "missing_lines": [104, 105, 106, 107, 108, 109, 110, 122], "excluded_lines": [], "start_line": 103}, "Residual.forward": {"executed_lines": [], "summary": {"covered_lines": 0, "num_statements": 1, "percent_covered": 0.0, "percent_covered_display": "0", "missing_lines": 1, "excluded_lines": 0, "percent_statements_covered": 0.0, "percent_statements_covered_display": "0"}, "missing_lines": [125], "excluded_lines": [], "start_line": 124}, "SEModule.__init__": {"executed_lines": [], "summary": {"covered_lines": 0, "num_statements": 8, "percent_covered": 0.0, "percent_covered_display": "0", "missing_lines": 8, "excluded_lines": 0, "percent_statements_covered": 0.0, "percent_statements_covered_display": "0"}, "missing_lines": [130, 131, 132, 133, 134, 135, 136, 137], "excluded_lines": [], "start_line": 129}, "SEModule.forward": {"executed_lines": [], "summary": {"covered_lines": 0, "num_statements": 9, "percent_covered": 0.0, "percent_covered_display": "0", "missing_lines": 9, "excluded_lines": 0, "percent_statements_covered": 0.0, "percent_statements_covered_display": "0"}, "missing_lines": [140, 141, 142, 143, 144, 145, 146, 147, 148], "excluded_lines": [], "start_line": 139}, "ResidualSE.__init__": {"executed_lines": [], "summary": {"covered_lines": 0, "num_statements": 10, "percent_covered": 0.0, "percent_covered_display": "0", "missing_lines": 10, "excluded_lines": 0, "percent_statements_covered": 0.0, "percent_statements_covered_display": "0"}, "missing_lines": [164, 165, 166, 167, 168, 169, 170, 171, 185, 197], "excluded_lines": [], "start_line": 152}, "ResidualSE.forward": {"executed_lines": [], "summary": {"covered_lines": 0, "num_statements": 1, "percent_covered": 0.0, "percent_covered_display": "0", "missing_lines": 1, "excluded_lines": 0, "percent_statements_covered": 0.0, "percent_statements_covered_display": "0"}, "missing_lines": [200], "excluded_lines": [], "start_line": 199}, "Depth_Wise_SE.__init__": {"executed_lines": [], "summary": {"covered_lines": 0, "num_statements": 9, "percent_covered": 0.0, "percent_covered_display": "0", "missing_lines": 9, "excluded_lines": 0, "percent_statements_covered": 0.0, "percent_statements_covered_display": "0"}, "missing_lines": [216, 217, 218, 219, 220, 221, 224, 225, 226], "excluded_lines": [], "start_line": 204}, "Depth_Wise_SE.forward": {"executed_lines": [], "summary": {"covered_lines": 0, "num_statements": 10, "percent_covered": 0.0, "percent_covered_display": "0", "missing_lines": 10, "excluded_lines": 0, "percent_statements_covered": 0.0, "percent_statements_covered_display": "0"}, "missing_lines": [229, 230, 231, 232, 233, 234, 235, 236, 238, 239], "excluded_lines": [], "start_line": 228}, "MiniFASNet.__init__": {"executed_lines": [], "summary": {"covered_lines": 0, "num_statements": 35, "percent_covered": 0.0, "percent_covered_display": "0", "missing_lines": 35, "excluded_lines": 0, "percent_statements_covered": 0.0, "percent_statements_covered_display": "0"}, "missing_lines": [246, 247, 249, 250, 254, 255, 256, 258, 262, 263, 264, 266, 270, 271, 272, 274, 278, 286, 294, 303, 307, 308, 309, 311, 315, 316, 317, 319, 322, 325, 328, 329, 330, 331, 332], "excluded_lines": [], "start_line": 243}, "MiniFASNet.forward": {"executed_lines": [], "summary": {"covered_lines": 0, "num_statements": 17, "percent_covered": 0.0, "percent_covered_display": "0", "missing_lines": 17, "excluded_lines": 0, "percent_statements_covered": 0.0, "percent_statements_covered_display": "0"}, "missing_lines": [335, 336, 337, 338, 339, 340, 341, 342, 343, 344, 345, 346, 347, 348, 349, 350, 351], "excluded_lines": [], "start_line": 334}, "MiniFASNetSE.__init__": {"executed_lines": [], "summary": {"covered_lines": 0, "num_statements": 13, "percent_covered": 0.0, "percent_covered_display": "0", "missing_lines": 13, "excluded_lines": 0, "percent_statements_covered": 0.0, "percent_statements_covered_display": "0"}, "missing_lines": [358, 367, 368, 369, 371, 375, 383, 391, 400, 404, 405, 406, 407], "excluded_lines": [], "start_line": 355}, "MiniFASNetV1": {"executed_lines": [], "summary": {"covered_lines": 0, "num_statements": 1, "percent_covered": 0.0, "percent_covered_display": "0", "missing_lines": 1, "excluded_lines": 0, "percent_statements_covered": 0.0, "percent_statements_covered_display": "0"}, "missing_lines": [520], "excluded_lines": [], "start_line": 519}, "MiniFASNetV2": {"executed_lines": [], "summary": {"covered_lines": 0, "num_statements": 1, "percent_covered": 0.0, "percent_covered_display": "0", "missing_lines": 1, "excluded_lines": 0, "percent_statements_covered": 0.0, "percent_statements_covered_display": "0"}, "missing_lines": [527], "excluded_lines": [], "start_line": 526}, "MiniFASNetV1SE": {"executed_lines": [], "summary": {"covered_lines": 0, "num_statements": 1, "percent_covered": 0.0, "percent_covered_display": "0", "missing_lines": 1, "excluded_lines": 0, "percent_statements_covered": 0.0, "percent_statements_covered_display": "0"}, "missing_lines": [535], "excluded_lines": [], "start_line": 532}, "MiniFASNetV2SE": {"executed_lines": [], "summary": {"covered_lines": 0, "num_statements": 1, "percent_covered": 0.0, "percent_covered_display": "0", "missing_lines": 1, "excluded_lines": 0, "percent_statements_covered": 0.0, "percent_statements_covered_display": "0"}, "missing_lines": [544], "excluded_lines": [], "start_line": 541}, "": {"executed_lines": [6, 7, 8, 22, 23, 27, 28, 32, 33, 47, 54, 55, 68, 74, 75, 89, 102, 103, 124, 128, 129, 139, 151, 152, 199, 203, 204, 228, 242, 243, 334, 354, 355, 412, 519, 526, 532, 541], "summary": {"covered_lines": 38, "num_statements": 38, "percent_covered": 100.0, "percent_covered_display": "100", "missing_lines": 0, "excluded_lines": 0, "percent_statements_covered": 100.0, "percent_statements_covered_display": "100"}, "missing_lines": [], "excluded_lines": [], "start_line": 1}}, "classes": {"L2Norm": {"executed_lines": [], "summary": {"covered_lines": 0, "num_statements": 1, "percent_covered": 0.0, "percent_covered_display": "0", "missing_lines": 1, "excluded_lines": 0, "percent_statements_covered": 0.0, "percent_statements_covered_display": "0"}, "missing_lines": [24], "excluded_lines": [], "start_line": 22}, "Flatten": {"executed_lines": [], "summary": {"covered_lines": 0, "num_statements": 1, "percent_covered": 0.0, "percent_covered_display": "0", "missing_lines": 1, "excluded_lines": 0, "percent_statements_covered": 0.0, "percent_statements_covered_display": "0"}, "missing_lines": [29], "excluded_lines": [], "start_line": 27}, "Conv_block": {"executed_lines": [], "summary": {"covered_lines": 0, "num_statements": 8, "percent_covered": 0.0, "percent_covered_display": "0", "missing_lines": 8, "excluded_lines": 0, "percent_statements_covered": 0.0, "percent_statements_covered_display": "0"}, "missing_lines": [34, 35, 44, 45, 48, 49, 50, 51], "excluded_lines": [], "start_line": 32}, "Linear_block": {"executed_lines": [], "summary": {"covered_lines": 0, "num_statements": 6, "percent_covered": 0.0, "percent_covered_display": "0", "missing_lines": 6, "excluded_lines": 0, "percent_statements_covered": 0.0, "percent_statements_covered_display": "0"}, "missing_lines": [56, 57, 66, 69, 70, 71], "excluded_lines": [], "start_line": 54}, "Depth_Wise": {"executed_lines": [], "summary": {"covered_lines": 0, "num_statements": 17, "percent_covered": 0.0, "percent_covered_display": "0", "missing_lines": 17, "excluded_lines": 0, "percent_statements_covered": 0.0, "percent_statements_covered_display": "0"}, "missing_lines": [78, 79, 80, 81, 82, 83, 86, 87, 90, 91, 92, 93, 94, 95, 96, 98, 99], "excluded_lines": [], "start_line": 74}, "Residual": {"executed_lines": [], "summary": {"covered_lines": 0, "num_statements": 9, "percent_covered": 0.0, "percent_covered_display": "0", "missing_lines": 9, "excluded_lines": 0, "percent_statements_covered": 0.0, "percent_statements_covered_display": "0"}, "missing_lines": [104, 105, 106, 107, 108, 109, 110, 122, 125], "excluded_lines": [], "start_line": 102}, "SEModule": {"executed_lines": [], "summary": {"covered_lines": 0, "num_statements": 17, "percent_covered": 0.0, "percent_covered_display": "0", "missing_lines": 17, "excluded_lines": 0, "percent_statements_covered": 0.0, "percent_statements_covered_display": "0"}, "missing_lines": [130, 131, 132, 133, 134, 135, 136, 137, 140, 141, 142, 143, 144, 145, 146, 147, 148], "excluded_lines": [], "start_line": 128}, "ResidualSE": {"executed_lines": [], "summary": {"covered_lines": 0, "num_statements": 11, "percent_covered": 0.0, "percent_covered_display": "0", "missing_lines": 11, "excluded_lines": 0, "percent_statements_covered": 0.0, "percent_statements_covered_display": "0"}, "missing_lines": [164, 165, 166, 167, 168, 169, 170, 171, 185, 197, 200], "excluded_lines": [], "start_line": 151}, "Depth_Wise_SE": {"executed_lines": [], "summary": {"covered_lines": 0, "num_statements": 19, "percent_covered": 0.0, "percent_covered_display": "0", "missing_lines": 19, "excluded_lines": 0, "percent_statements_covered": 0.0, "percent_statements_covered_display": "0"}, "missing_lines": [216, 217, 218, 219, 220, 221, 224, 225, 226, 229, 230, 231, 232, 233, 234, 235, 236, 238, 239], "excluded_lines": [], "start_line": 203}, "MiniFASNet": {"executed_lines": [], "summary": {"covered_lines": 0, "num_statements": 52, "percent_covered": 0.0, "percent_covered_display": "0", "missing_lines": 52, "excluded_lines": 0, "percent_statements_covered": 0.0, "percent_statements_covered_display": "0"}, "missing_lines": [246, 247, 249, 250, 254, 255, 256, 258, 262, 263, 264, 266, 270, 271, 272, 274, 278, 286, 294, 303, 307, 308, 309, 311, 315, 316, 317, 319, 322, 325, 328, 329, 330, 331, 332, 335, 336, 337, 338, 339, 340, 341, 342, 343, 344, 345, 346, 347, 348, 349, 350, 351], "excluded_lines": [], "start_line": 242}, "MiniFASNetSE": {"executed_lines": [], "summary": {"covered_lines": 0, "num_statements": 13, "percent_covered": 0.0, "percent_covered_display": "0", "missing_lines": 13, "excluded_lines": 0, "percent_statements_covered": 0.0, "percent_statements_covered_display": "0"}, "missing_lines": [358, 367, 368, 369, 371, 375, 383, 391, 400, 404, 405, 406, 407], "excluded_lines": [], "start_line": 354}, "": {"executed_lines": [6, 7, 8, 22, 23, 27, 28, 32, 33, 47, 54, 55, 68, 74, 75, 89, 102, 103, 124, 128, 129, 139, 151, 152, 199, 203, 204, 228, 242, 243, 334, 354, 355, 412, 519, 526, 532, 541], "summary": {"covered_lines": 38, "num_statements": 42, "percent_covered": 90.47619047619048, "percent_covered_display": "90", "missing_lines": 4, "excluded_lines": 0, "percent_statements_covered": 90.47619047619048, "percent_statements_covered_display": "90"}, "missing_lines": [520, 527, 535, 544], "excluded_lines": [], "start_line": 1}}}, "src/antispoof/model_lib/MultiFTNet.py": {"executed_lines": [], "summary": {"covered_lines": 0, "num_statements": 49, "percent_covered": 0.0, "percent_covered_display": "0", "missing_lines": 49, "excluded_lines": 0, "percent_statements_covered": 0.0, "percent_statements_covered_display": "0"}, "missing_lines": [6, 8, 11, 12, 13, 15, 27, 28, 31, 32, 33, 34, 35, 36, 42, 43, 45, 46, 47, 48, 49, 50, 51, 52, 53, 54, 55, 56, 57, 59, 60, 61, 62, 63, 64, 65, 66, 67, 68, 69, 70, 71, 72, 73, 74, 76, 77, 78, 80], "excluded_lines": [], "functions": {"FTGenerator.__init__": {"executed_lines": [], "summary": {"covered_lines": 0, "num_statements": 2, "percent_covered": 0.0, "percent_covered_display": "0", "missing_lines": 2, "excluded_lines": 0, "percent_statements_covered": 0.0, "percent_statements_covered_display": "0"}, "missing_lines": [13, 15], "excluded_lines": [], "start_line": 12}, "FTGenerator.forward": {"executed_lines": [], "summary": {"covered_lines": 0, "num_statements": 1, "percent_covered": 0.0, "percent_covered_display": "0", "missing_lines": 1, "excluded_lines": 0, "percent_statements_covered": 0.0, "percent_statements_covered_display": "0"}, "missing_lines": [28], "excluded_lines": [], "start_line": 27}, "MultiFTNet.__init__": {"executed_lines": [], "summary": {"covered_lines": 0, "num_statements": 6, "percent_covered": 0.0, "percent_covered_display": "0", "missing_lines": 6, "excluded_lines": 0, "percent_statements_covered": 0.0, "percent_statements_covered_display": "0"}, "missing_lines": [33, 34, 35, 36, 42, 43], "excluded_lines": [], "start_line": 32}, "MultiFTNet._initialize_weights": {"executed_lines": [], "summary": {"covered_lines": 0, "num_statements": 12, "percent_covered": 0.0, "percent_covered_display": "0", "missing_lines": 12, "excluded_lines": 0, "percent_statements_covered": 0.0, "percent_statements_covered_display": "0"}, "missing_lines": [46, 47, 48, 49, 50, 51, 52, 53, 54, 55, 56, 57], "excluded_lines": [], "start_line": 45}, "MultiFTNet.forward": {"executed_lines": [], "summary": {"covered_lines": 0, "num_statements": 19, "percent_covered": 0.0, "percent_covered_display": "0", "missing_lines": 19, "excluded_lines": 0, "percent_statements_covered": 0.0, "percent_statements_covered_display": "0"}, "missing_lines": [60, 61, 62, 63, 64, 65, 66, 67, 68, 69, 70, 71, 72, 73, 74, 76, 77, 78, 80], "excluded_lines": [], "start_line": 59}, "": {"executed_lines": [], "summary": {"covered_lines": 0, "num_statements": 9, "percent_covered": 0.0, "percent_covered_display": "0", "missing_lines": 9, "excluded_lines": 0, "percent_statements_covered": 0.0, "percent_statements_covered_display": "0"}, "missing_lines": [6, 8, 11, 12, 27, 31, 32, 45, 59], "excluded_lines": [], "start_line": 1}}, "classes": {"FTGenerator": {"executed_lines": [], "summary": {"covered_lines": 0, "num_statements": 3, "percent_covered": 0.0, "percent_covered_display": "0", "missing_lines": 3, "excluded_lines": 0, "percent_statements_covered": 0.0, "percent_statements_covered_display": "0"}, "missing_lines": [13, 15, 28], "excluded_lines": [], "start_line": 11}, "MultiFTNet": {"executed_lines": [], "summary": {"covered_lines": 0, "num_statements": 37, "percent_covered": 0.0, "percent_covered_display": "0", "missing_lines": 37, "excluded_lines": 0, "percent_statements_covered": 0.0, "percent_statements_covered_display": "0"}, "missing_lines": [33, 34, 35, 36, 42, 43, 46, 47, 48, 49, 50, 51, 52, 53, 54, 55, 56, 57, 60, 61, 62, 63, 64, 65, 66, 67, 68, 69, 70, 71, 72, 73, 74, 76, 77, 78, 80], "excluded_lines": [], "start_line": 31}, "": {"executed_lines": [], "summary": {"covered_lines": 0, "num_statements": 9, "percent_covered": 0.0, "percent_covered_display": "0", "missing_lines": 9, "excluded_lines": 0, "percent_statements_covered": 0.0, "percent_statements_covered_display": "0"}, "missing_lines": [6, 8, 11, 12, 27, 31, 32, 45, 59], "excluded_lines": [], "start_line": 1}}}, "src/antispoof/model_lib/__init__.py": {"executed_lines": [], "summary": {"covered_lines": 0, "num_statements": 0, "percent_covered": 100.0, "percent_covered_display": "100", "missing_lines": 0, "excluded_lines": 0, "percent_statements_covered": 100.0, "percent_statements_covered_display": "100"}, "missing_lines": [], "excluded_lines": [], "functions": {"": {"executed_lines": [], "summary": {"covered_lines": 0, "num_statements": 0, "percent_covered": 100.0, "percent_covered_display": "100", "missing_lines": 0, "excluded_lines": 0, "percent_statements_covered": 100.0, "percent_statements_covered_display": "100"}, "missing_lines": [], "excluded_lines": [], "start_line": 1}}, "classes": {"": {"executed_lines": [], "summary": {"covered_lines": 0, "num_statements": 0, "percent_covered": 100.0, "percent_covered_display": "100", "missing_lines": 0, "excluded_lines": 0, "percent_statements_covered": 100.0, "percent_statements_covered_display": "100"}, "missing_lines": [], "excluded_lines": [], "start_line": 1}}}, "src/antispoof/predictor.py": {"executed_lines": [3, 5, 6, 7, 8, 10, 11, 12, 13, 15, 16, 22, 24, 26, 34, 37, 119, 195, 198, 221, 264, 290], "summary": {"covered_lines": 22, "num_statements": 145, "percent_covered": 15.172413793103448, "percent_covered_display": "15", "missing_lines": 123, "excluded_lines": 0, "percent_statements_covered": 15.172413793103448, "percent_statements_covered_display": "15"}, "missing_lines": [45, 46, 47, 50, 51, 53, 55, 56, 57, 61, 63, 64, 65, 66, 69, 70, 72, 73, 79, 80, 82, 83, 84, 85, 88, 89, 93, 96, 97, 99, 100, 110, 111, 113, 117, 133, 134, 136, 137, 139, 140, 143, 146, 147, 148, 149, 152, 153, 156, 157, 166, 169, 170, 171, 172, 175, 177, 179, 180, 182, 183, 186, 187, 188, 189, 191, 192, 212, 217, 218, 219, 232, 233, 236, 237, 238, 241, 244, 245, 246, 249, 250, 252, 253, 254, 255, 256, 258, 260, 261, 262, 276, 277, 278, 281, 283, 284, 285, 288, 309, 310, 312, 313, 316, 319, 321, 322, 325, 327, 330, 331, 333, 334, 337, 347, 350, 351, 353, 354, 357, 359, 360, 361], "excluded_lines": [], "functions": {"FaceDetector.__init__": {"executed_lines": [], "summary": {"covered_lines": 0, "num_statements": 35, "percent_covered": 0.0, "percent_covered_display": "0", "missing_lines": 35, "excluded_lines": 0, "percent_statements_covered": 0.0, "percent_statements_covered_display": "0"}, "missing_lines": [45, 46, 47, 50, 51, 53, 55, 56, 57, 61, 63, 64, 65, 66, 69, 70, 72, 73, 79, 80, 82, 83, 84, 85, 88, 89, 93, 96, 97, 99, 100, 110, 111, 113, 117], "excluded_lines": [], "start_line": 37}, "FaceDetector.get_bbox": {"executed_lines": [], "summary": {"covered_lines": 0, "num_statements": 32, "percent_covered": 0.0, "percent_covered_display": "0", "missing_lines": 32, "excluded_lines": 0, "percent_statements_covered": 0.0, "percent_statements_covered_display": "0"}, "missing_lines": [133, 134, 136, 137, 139, 140, 143, 146, 147, 148, 149, 152, 153, 156, 157, 166, 169, 170, 171, 172, 175, 177, 179, 180, 182, 183, 186, 187, 188, 189, 191, 192], "excluded_lines": [], "start_line": 119}, "AntiSpoofPredictor.__init__": {"executed_lines": [], "summary": {"covered_lines": 0, "num_statements": 4, "percent_covered": 0.0, "percent_covered_display": "0", "missing_lines": 4, "excluded_lines": 0, "percent_statements_covered": 0.0, "percent_statements_covered_display": "0"}, "missing_lines": [212, 217, 218, 219], "excluded_lines": [], "start_line": 198}, "AntiSpoofPredictor._load_model": {"executed_lines": [], "summary": {"covered_lines": 0, "num_statements": 20, "percent_covered": 0.0, "percent_covered_display": "0", "missing_lines": 20, "excluded_lines": 0, "percent_statements_covered": 0.0, "percent_statements_covered_display": "0"}, "missing_lines": [232, 233, 236, 237, 238, 241, 244, 245, 246, 249, 250, 252, 253, 254, 255, 256, 258, 260, 261, 262], "excluded_lines": [], "start_line": 221}, "AntiSpoofPredictor.predict_single": {"executed_lines": [], "summary": {"covered_lines": 0, "num_statements": 8, "percent_covered": 0.0, "percent_covered_display": "0", "missing_lines": 8, "excluded_lines": 0, "percent_statements_covered": 0.0, "percent_statements_covered_display": "0"}, "missing_lines": [276, 277, 278, 281, 283, 284, 285, 288], "excluded_lines": [], "start_line": 264}, "AntiSpoofPredictor.predict": {"executed_lines": [], "summary": {"covered_lines": 0, "num_statements": 24, "percent_covered": 0.0, "percent_covered_display": "0", "missing_lines": 24, "excluded_lines": 0, "percent_statements_covered": 0.0, "percent_statements_covered_display": "0"}, "missing_lines": [309, 310, 312, 313, 316, 319, 321, 322, 325, 327, 330, 331, 333, 334, 337, 347, 350, 351, 353, 354, 357, 359, 360, 361], "excluded_lines": [], "start_line": 290}, "": {"executed_lines": [3, 5, 6, 7, 8, 10, 11, 12, 13, 15, 16, 22, 24, 26, 34, 37, 119, 195, 198, 221, 264, 290], "summary": {"covered_lines": 22, "num_statements": 22, "percent_covered": 100.0, "percent_covered_display": "100", "missing_lines": 0, "excluded_lines": 0, "percent_statements_covered": 100.0, "percent_statements_covered_display": "100"}, "missing_lines": [], "excluded_lines": [], "start_line": 1}}, "classes": {"FaceDetector": {"executed_lines": [], "summary": {"covered_lines": 0, "num_statements": 67, "percent_covered": 0.0, "percent_covered_display": "0", "missing_lines": 67, "excluded_lines": 0, "percent_statements_covered": 0.0, "percent_statements_covered_display": "0"}, "missing_lines": [45, 46, 47, 50, 51, 53, 55, 56, 57, 61, 63, 64, 65, 66, 69, 70, 72, 73, 79, 80, 82, 83, 84, 85, 88, 89, 93, 96, 97, 99, 100, 110, 111, 113, 117, 133, 134, 136, 137, 139, 140, 143, 146, 147, 148, 149, 152, 153, 156, 157, 166, 169, 170, 171, 172, 175, 177, 179, 180, 182, 183, 186, 187, 188, 189, 191, 192], "excluded_lines": [], "start_line": 34}, "AntiSpoofPredictor": {"executed_lines": [], "summary": {"covered_lines": 0, "num_statements": 56, "percent_covered": 0.0, "percent_covered_display": "0", "missing_lines": 56, "excluded_lines": 0, "percent_statements_covered": 0.0, "percent_statements_covered_display": "0"}, "missing_lines": [212, 217, 218, 219, 232, 233, 236, 237, 238, 241, 244, 245, 246, 249, 250, 252, 253, 254, 255, 256, 258, 260, 261, 262, 276, 277, 278, 281, 283, 284, 285, 288, 309, 310, 312, 313, 316, 319, 321, 322, 325, 327, 330, 331, 333, 334, 337, 347, 350, 351, 353, 354, 357, 359, 360, 361], "excluded_lines": [], "start_line": 195}, "": {"executed_lines": [3, 5, 6, 7, 8, 10, 11, 12, 13, 15, 16, 22, 24, 26, 34, 37, 119, 195, 198, 221, 264, 290], "summary": {"covered_lines": 22, "num_statements": 22, "percent_covered": 100.0, "percent_covered_display": "100", "missing_lines": 0, "excluded_lines": 0, "percent_statements_covered": 100.0, "percent_statements_covered_display": "100"}, "missing_lines": [], "excluded_lines": [], "start_line": 1}}}, "src/antispoof/utility.py": {"executed_lines": [4, 10], "summary": {"covered_lines": 2, "num_statements": 11, "percent_covered": 18.181818181818183, "percent_covered_display": "18", "missing_lines": 9, "excluded_lines": 0, "percent_statements_covered": 18.181818181818183, "percent_statements_covered_display": "18"}, "missing_lines": [6, 7, 23, 24, 25, 27, 28, 30, 32], "excluded_lines": [], "functions": {"get_kernel": {"executed_lines": [], "summary": {"covered_lines": 0, "num_statements": 2, "percent_covered": 0.0, "percent_covered_display": "0", "missing_lines": 2, "excluded_lines": 0, "percent_statements_covered": 0.0, "percent_statements_covered_display": "0"}, "missing_lines": [6, 7], "excluded_lines": [], "start_line": 4}, "parse_model_name": {"executed_lines": [], "summary": {"covered_lines": 0, "num_statements": 7, "percent_covered": 0.0, "percent_covered_display": "0", "missing_lines": 7, "excluded_lines": 0, "percent_statements_covered": 0.0, "percent_statements_covered_display": "0"}, "missing_lines": [23, 24, 25, 27, 28, 30, 32], "excluded_lines": [], "start_line": 10}, "": {"executed_lines": [4, 10], "summary": {"covered_lines": 2, "num_statements": 2, "percent_covered": 100.0, "percent_covered_display": "100", "missing_lines": 0, "excluded_lines": 0, "percent_statements_covered": 100.0, "percent_statements_covered_display": "100"}, "missing_lines": [], "excluded_lines": [], "start_line": 1}}, "classes": {"": {"executed_lines": [4, 10], "summary": {"covered_lines": 2, "num_statements": 11, "percent_covered": 18.181818181818183, "percent_covered_display": "18", "missing_lines": 9, "excluded_lines": 0, "percent_statements_covered": 18.181818181818183, "percent_statements_covered_display": "18"}, "missing_lines": [6, 7, 23, 24, 25, 27, 28, 30, 32], "excluded_lines": [], "start_line": 1}}}, "src/api/__init__.py": {"executed_lines": [], "summary": {"covered_lines": 0, "num_statements": 0, "percent_covered": 100.0, "percent_covered_display": "100", "missing_lines": 0, "excluded_lines": 0, "percent_statements_covered": 100.0, "percent_statements_covered_display": "100"}, "missing_lines": [], "excluded_lines": [], "functions": {"": {"executed_lines": [], "summary": {"covered_lines": 0, "num_statements": 0, "percent_covered": 100.0, "percent_covered_display": "100", "missing_lines": 0, "excluded_lines": 0, "percent_statements_covered": 100.0, "percent_statements_covered_display": "100"}, "missing_lines": [], "excluded_lines": [], "start_line": 1}}, "classes": {"": {"executed_lines": [], "summary": {"covered_lines": 0, "num_statements": 0, "percent_covered": 100.0, "percent_covered_display": "100", "missing_lines": 0, "excluded_lines": 0, "percent_statements_covered": 100.0, "percent_statements_covered_display": "100"}, "missing_lines": [], "excluded_lines": [], "start_line": 1}}}, "src/api/routes.py": {"executed_lines": [1, 3, 4, 5, 6, 7, 8, 10, 11, 12, 14, 27, 28, 29, 30, 32, 35, 37, 39, 40, 41, 43, 45, 48, 53, 54, 57, 64, 71, 73, 76, 82, 88, 89, 90, 91, 92, 98, 104, 117, 119, 121, 122, 123, 126, 127, 128, 133, 136, 147, 150, 158, 169, 226, 227, 228, 229, 230, 236, 242, 266, 268, 270, 272, 273, 275, 278, 279, 282, 285, 294, 295, 296, 297, 300, 302, 303, 304, 306, 309, 318, 319, 320, 321, 324, 334, 351, 354, 357, 359, 371, 372, 381, 387, 393, 394, 396, 404, 405, 406, 407, 408, 414, 420, 425, 426, 428, 429, 434, 436, 437, 438, 439, 448, 459, 483, 489, 528, 534, 539, 540, 542, 543, 548, 550, 551, 552, 553, 567, 573, 658, 659, 662, 665, 670, 703, 708, 740, 745, 772, 777], "summary": {"covered_lines": 141, "num_statements": 272, "percent_covered": 51.838235294117645, "percent_covered_display": "52", "missing_lines": 131, "excluded_lines": 0, "percent_statements_covered": 51.838235294117645, "percent_statements_covered_display": "52"}, "missing_lines": [38, 42, 44, 50, 170, 172, 174, 183, 184, 185, 188, 189, 190, 194, 197, 198, 201, 211, 213, 224, 373, 374, 375, 440, 441, 442, 464, 465, 467, 473, 474, 475, 476, 477, 494, 495, 497, 498, 504, 505, 507, 516, 517, 518, 519, 520, 521, 522, 554, 555, 556, 590, 591, 596, 597, 600, 603, 605, 612, 615, 616, 622, 627, 629, 640, 641, 642, 643, 644, 645, 646, 672, 673, 675, 677, 678, 683, 684, 691, 693, 710, 712, 714, 715, 722, 725, 726, 727, 729, 731, 733, 747, 748, 750, 752, 754, 763, 764, 765, 766, 767, 769, 784, 786, 787, 789, 791, 792, 797, 799, 801, 802, 803, 805, 806, 807, 808, 809, 810, 811, 814, 815, 818, 826, 827, 830, 833, 835, 836, 838, 840], "excluded_lines": [], "functions": {"read_image_upload": {"executed_lines": [37, 39, 40, 41, 43, 45], "summary": {"covered_lines": 6, "num_statements": 9, "percent_covered": 66.66666666666667, "percent_covered_display": "67", "missing_lines": 3, "excluded_lines": 0, "percent_statements_covered": 66.66666666666667, "percent_statements_covered_display": "67"}, "missing_lines": [38, 42, 44], "excluded_lines": [], "start_line": 35}, "get_face_service": {"executed_lines": [], "summary": {"covered_lines": 0, "num_statements": 1, "percent_covered": 0.0, "percent_covered_display": "0", "missing_lines": 1, "excluded_lines": 0, "percent_statements_covered": 0.0, "percent_statements_covered_display": "0"}, "missing_lines": [50], "excluded_lines": [], "start_line": 48}, "enroll_face": {"executed_lines": [71, 73, 76, 82, 88, 89, 90, 91, 92], "summary": {"covered_lines": 9, "num_statements": 9, "percent_covered": 100.0, "percent_covered_display": "100", "missing_lines": 0, "excluded_lines": 0, "percent_statements_covered": 100.0, "percent_statements_covered_display": "100"}, "missing_lines": [], "excluded_lines": [], "start_line": 64}, "recognize_face": {"executed_lines": [117, 119, 121, 122, 123, 126, 127, 128, 133, 136, 147, 150, 158, 169, 226, 227, 228, 229, 230], "summary": {"covered_lines": 19, "num_statements": 35, "percent_covered": 54.285714285714285, "percent_covered_display": "54", "missing_lines": 16, "excluded_lines": 0, "percent_statements_covered": 54.285714285714285, "percent_statements_covered_display": "54"}, "missing_lines": [170, 172, 174, 183, 184, 185, 188, 189, 190, 194, 197, 198, 201, 211, 213, 224], "excluded_lines": [], "start_line": 104}, "recognize_multiple_faces": {"executed_lines": [266, 268, 270, 272, 273, 275, 278, 279, 282, 285, 294, 295, 296, 297, 300, 302, 303, 304, 306, 309, 318, 319, 320, 321, 324, 334, 351, 354, 357, 359, 371, 372], "summary": {"covered_lines": 32, "num_statements": 35, "percent_covered": 91.42857142857143, "percent_covered_display": "91", "missing_lines": 3, "excluded_lines": 0, "percent_statements_covered": 91.42857142857143, "percent_statements_covered_display": "91"}, "missing_lines": [373, 374, 375], "excluded_lines": [], "start_line": 242}, "list_faces": {"executed_lines": [393, 394, 396, 404, 405, 406, 407, 408], "summary": {"covered_lines": 8, "num_statements": 8, "percent_covered": 100.0, "percent_covered_display": "100", "missing_lines": 0, "excluded_lines": 0, "percent_statements_covered": 100.0, "percent_statements_covered_display": "100"}, "missing_lines": [], "excluded_lines": [], "start_line": 387}, "get_face": {"executed_lines": [425, 426, 428, 429, 434, 436, 437, 438, 439], "summary": {"covered_lines": 9, "num_statements": 12, "percent_covered": 75.0, "percent_covered_display": "75", "missing_lines": 3, "excluded_lines": 0, "percent_statements_covered": 75.0, "percent_statements_covered_display": "75"}, "missing_lines": [440, 441, 442], "excluded_lines": [], "start_line": 420}, "get_face_image": {"executed_lines": [], "summary": {"covered_lines": 0, "num_statements": 8, "percent_covered": 0.0, "percent_covered_display": "0", "missing_lines": 8, "excluded_lines": 0, "percent_statements_covered": 0.0, "percent_statements_covered_display": "0"}, "missing_lines": [464, 465, 467, 473, 474, 475, 476, 477], "excluded_lines": [], "start_line": 459}, "get_user_photos": {"executed_lines": [], "summary": {"covered_lines": 0, "num_statements": 14, "percent_covered": 0.0, "percent_covered_display": "0", "missing_lines": 14, "excluded_lines": 0, "percent_statements_covered": 0.0, "percent_statements_covered_display": "0"}, "missing_lines": [494, 495, 497, 498, 504, 505, 507, 516, 517, 518, 519, 520, 521, 522], "excluded_lines": [], "start_line": 489}, "delete_face": {"executed_lines": [539, 540, 542, 543, 548, 550, 551, 552, 553], "summary": {"covered_lines": 9, "num_statements": 12, "percent_covered": 75.0, "percent_covered_display": "75", "missing_lines": 3, "excluded_lines": 0, "percent_statements_covered": 75.0, "percent_statements_covered_display": "75"}, "missing_lines": [554, 555, 556], "excluded_lines": [], "start_line": 534}, "check_liveness": {"executed_lines": [], "summary": {"covered_lines": 0, "num_statements": 20, "percent_covered": 0.0, "percent_covered_display": "0", "missing_lines": 20, "excluded_lines": 0, "percent_statements_covered": 0.0, "percent_statements_covered_display": "0"}, "missing_lines": [590, 591, 596, 597, 600, 603, 605, 612, 615, 616, 622, 627, 629, 640, 641, 642, 643, 644, 645, 646], "excluded_lines": [], "start_line": 573}, "start_webcam": {"executed_lines": [], "summary": {"covered_lines": 0, "num_statements": 9, "percent_covered": 0.0, "percent_covered_display": "0", "missing_lines": 9, "excluded_lines": 0, "percent_statements_covered": 0.0, "percent_statements_covered_display": "0"}, "missing_lines": [672, 673, 675, 677, 678, 683, 684, 691, 693], "excluded_lines": [], "start_line": 670}, "stop_webcam": {"executed_lines": [], "summary": {"covered_lines": 0, "num_statements": 11, "percent_covered": 0.0, "percent_covered_display": "0", "missing_lines": 11, "excluded_lines": 0, "percent_statements_covered": 0.0, "percent_statements_covered_display": "0"}, "missing_lines": [710, 712, 714, 715, 722, 725, 726, 727, 729, 731, 733], "excluded_lines": [], "start_line": 708}, "get_webcam_status": {"executed_lines": [], "summary": {"covered_lines": 0, "num_statements": 11, "percent_covered": 0.0, "percent_covered_display": "0", "missing_lines": 11, "excluded_lines": 0, "percent_statements_covered": 0.0, "percent_statements_covered_display": "0"}, "missing_lines": [747, 748, 750, 752, 754, 763, 764, 765, 766, 767, 769], "excluded_lines": [], "start_line": 745}, "stream_webcam": {"executed_lines": [], "summary": {"covered_lines": 0, "num_statements": 8, "percent_covered": 0.0, "percent_covered_display": "0", "missing_lines": 8, "excluded_lines": 0, "percent_statements_covered": 0.0, "percent_statements_covered_display": "0"}, "missing_lines": [784, 786, 787, 789, 791, 792, 797, 840], "excluded_lines": [], "start_line": 777}, "stream_webcam.event_generator": {"executed_lines": [], "summary": {"covered_lines": 0, "num_statements": 21, "percent_covered": 0.0, "percent_covered_display": "0", "missing_lines": 21, "excluded_lines": 0, "percent_statements_covered": 0.0, "percent_statements_covered_display": "0"}, "missing_lines": [799, 801, 802, 803, 805, 806, 807, 808, 809, 810, 811, 814, 815, 818, 826, 827, 830, 833, 835, 836, 838], "excluded_lines": [], "start_line": 797}, "": {"executed_lines": [1, 3, 4, 5, 6, 7, 8, 10, 11, 12, 14, 27, 28, 29, 30, 32, 35, 48, 53, 54, 57, 64, 98, 104, 236, 242, 381, 387, 414, 420, 448, 459, 483, 489, 528, 534, 567, 573, 658, 659, 662, 665, 670, 703, 708, 740, 745, 772, 777], "summary": {"covered_lines": 49, "num_statements": 49, "percent_covered": 100.0, "percent_covered_display": "100", "missing_lines": 0, "excluded_lines": 0, "percent_statements_covered": 100.0, "percent_statements_covered_display": "100"}, "missing_lines": [], "excluded_lines": [], "start_line": 1}}, "classes": {"_WebcamState": {"executed_lines": [], "summary": {"covered_lines": 0, "num_statements": 0, "percent_covered": 100.0, "percent_covered_display": "100", "missing_lines": 0, "excluded_lines": 0, "percent_statements_covered": 100.0, "percent_statements_covered_display": "100"}, "missing_lines": [], "excluded_lines": [], "start_line": 658}, "": {"executed_lines": [1, 3, 4, 5, 6, 7, 8, 10, 11, 12, 14, 27, 28, 29, 30, 32, 35, 37, 39, 40, 41, 43, 45, 48, 53, 54, 57, 64, 71, 73, 76, 82, 88, 89, 90, 91, 92, 98, 104, 117, 119, 121, 122, 123, 126, 127, 128, 133, 136, 147, 150, 158, 169, 226, 227, 228, 229, 230, 236, 242, 266, 268, 270, 272, 273, 275, 278, 279, 282, 285, 294, 295, 296, 297, 300, 302, 303, 304, 306, 309, 318, 319, 320, 321, 324, 334, 351, 354, 357, 359, 371, 372, 381, 387, 393, 394, 396, 404, 405, 406, 407, 408, 414, 420, 425, 426, 428, 429, 434, 436, 437, 438, 439, 448, 459, 483, 489, 528, 534, 539, 540, 542, 543, 548, 550, 551, 552, 553, 567, 573, 658, 659, 662, 665, 670, 703, 708, 740, 745, 772, 777], "summary": {"covered_lines": 141, "num_statements": 272, "percent_covered": 51.838235294117645, "percent_covered_display": "52", "missing_lines": 131, "excluded_lines": 0, "percent_statements_covered": 51.838235294117645, "percent_statements_covered_display": "52"}, "missing_lines": [38, 42, 44, 50, 170, 172, 174, 183, 184, 185, 188, 189, 190, 194, 197, 198, 201, 211, 213, 224, 373, 374, 375, 440, 441, 442, 464, 465, 467, 473, 474, 475, 476, 477, 494, 495, 497, 498, 504, 505, 507, 516, 517, 518, 519, 520, 521, 522, 554, 555, 556, 590, 591, 596, 597, 600, 603, 605, 612, 615, 616, 622, 627, 629, 640, 641, 642, 643, 644, 645, 646, 672, 673, 675, 677, 678, 683, 684, 691, 693, 710, 712, 714, 715, 722, 725, 726, 727, 729, 731, 733, 747, 748, 750, 752, 754, 763, 764, 765, 766, 767, 769, 784, 786, 787, 789, 791, 792, 797, 799, 801, 802, 803, 805, 806, 807, 808, 809, 810, 811, 814, 815, 818, 826, 827, 830, 833, 835, 836, 838, 840], "excluded_lines": [], "start_line": 1}}}, "src/api/schemas.py": {"executed_lines": [1, 3, 5, 9, 12, 13, 14, 17, 20, 21, 27, 30, 31, 32, 33, 34, 35, 36, 37, 38, 39, 40, 41, 42, 45, 46, 48, 51, 54, 55, 56, 59, 62, 63, 64, 65, 71, 74, 75, 76, 77, 78, 79, 80, 83, 88, 91, 92, 93, 94, 95, 98, 101, 102, 105, 108, 109, 110, 113, 116, 117, 118, 119, 120, 121, 124, 127, 128, 129, 133, 136, 137, 138, 139, 140, 141, 142, 143, 144, 147, 150, 151, 152, 153, 154, 157, 160, 163, 166, 167, 168, 169, 170, 173, 176, 179, 180, 181, 184, 185, 186, 187, 188, 189, 193, 196, 204, 207, 208, 209, 210, 213, 214, 215, 216], "summary": {"covered_lines": 115, "num_statements": 115, "percent_covered": 100.0, "percent_covered_display": "100", "missing_lines": 0, "excluded_lines": 0, "percent_statements_covered": 100.0, "percent_statements_covered_display": "100"}, "missing_lines": [], "excluded_lines": [], "functions": {"": {"executed_lines": [1, 3, 5, 9, 12, 13, 14, 17, 20, 21, 27, 30, 31, 32, 33, 34, 35, 36, 37, 38, 39, 40, 41, 42, 45, 46, 48, 51, 54, 55, 56, 59, 62, 63, 64, 65, 71, 74, 75, 76, 77, 78, 79, 80, 83, 88, 91, 92, 93, 94, 95, 98, 101, 102, 105, 108, 109, 110, 113, 116, 117, 118, 119, 120, 121, 124, 127, 128, 129, 133, 136, 137, 138, 139, 140, 141, 142, 143, 144, 147, 150, 151, 152, 153, 154, 157, 160, 163, 166, 167, 168, 169, 170, 173, 176, 179, 180, 181, 184, 185, 186, 187, 188, 189, 193, 196, 204, 207, 208, 209, 210, 213, 214, 215, 216], "summary": {"covered_lines": 115, "num_statements": 115, "percent_covered": 100.0, "percent_covered_display": "100", "missing_lines": 0, "excluded_lines": 0, "percent_statements_covered": 100.0, "percent_statements_covered_display": "100"}, "missing_lines": [], "excluded_lines": [], "start_line": 1}}, "classes": {"EnrollFaceRequest": {"executed_lines": [], "summary": {"covered_lines": 0, "num_statements": 0, "percent_covered": 100.0, "percent_covered_display": "100", "missing_lines": 0, "excluded_lines": 0, "percent_statements_covered": 100.0, "percent_statements_covered_display": "100"}, "missing_lines": [], "excluded_lines": [], "start_line": 9}, "RecognizeFaceRequest": {"executed_lines": [], "summary": {"covered_lines": 0, "num_statements": 0, "percent_covered": 100.0, "percent_covered_display": "100", "missing_lines": 0, "excluded_lines": 0, "percent_statements_covered": 100.0, "percent_statements_covered_display": "100"}, "missing_lines": [], "excluded_lines": [], "start_line": 17}, "FaceResponse": {"executed_lines": [], "summary": {"covered_lines": 0, "num_statements": 0, "percent_covered": 100.0, "percent_covered_display": "100", "missing_lines": 0, "excluded_lines": 0, "percent_statements_covered": 100.0, "percent_statements_covered_display": "100"}, "missing_lines": [], "excluded_lines": [], "start_line": 27}, "EnrollFaceResponse": {"executed_lines": [], "summary": {"covered_lines": 0, "num_statements": 0, "percent_covered": 100.0, "percent_covered_display": "100", "missing_lines": 0, "excluded_lines": 0, "percent_statements_covered": 100.0, "percent_statements_covered_display": "100"}, "missing_lines": [], "excluded_lines": [], "start_line": 51}, "FaceMatchResponse": {"executed_lines": [], "summary": {"covered_lines": 0, "num_statements": 0, "percent_covered": 100.0, "percent_covered_display": "100", "missing_lines": 0, "excluded_lines": 0, "percent_statements_covered": 100.0, "percent_statements_covered_display": "100"}, "missing_lines": [], "excluded_lines": [], "start_line": 59}, "RecognizeFaceResponse": {"executed_lines": [], "summary": {"covered_lines": 0, "num_statements": 0, "percent_covered": 100.0, "percent_covered_display": "100", "missing_lines": 0, "excluded_lines": 0, "percent_statements_covered": 100.0, "percent_statements_covered_display": "100"}, "missing_lines": [], "excluded_lines": [], "start_line": 71}, "FaceListResponse": {"executed_lines": [], "summary": {"covered_lines": 0, "num_statements": 0, "percent_covered": 100.0, "percent_covered_display": "100", "missing_lines": 0, "excluded_lines": 0, "percent_statements_covered": 100.0, "percent_statements_covered_display": "100"}, "missing_lines": [], "excluded_lines": [], "start_line": 88}, "DeleteFaceResponse": {"executed_lines": [], "summary": {"covered_lines": 0, "num_statements": 0, "percent_covered": 100.0, "percent_covered_display": "100", "missing_lines": 0, "excluded_lines": 0, "percent_statements_covered": 100.0, "percent_statements_covered_display": "100"}, "missing_lines": [], "excluded_lines": [], "start_line": 98}, "ErrorResponse": {"executed_lines": [], "summary": {"covered_lines": 0, "num_statements": 0, "percent_covered": 100.0, "percent_covered_display": "100", "missing_lines": 0, "excluded_lines": 0, "percent_statements_covered": 100.0, "percent_statements_covered_display": "100"}, "missing_lines": [], "excluded_lines": [], "start_line": 105}, "UserPhotosResponse": {"executed_lines": [], "summary": {"covered_lines": 0, "num_statements": 0, "percent_covered": 100.0, "percent_covered_display": "100", "missing_lines": 0, "excluded_lines": 0, "percent_statements_covered": 100.0, "percent_statements_covered_display": "100"}, "missing_lines": [], "excluded_lines": [], "start_line": 113}, "HealthCheckResponse": {"executed_lines": [], "summary": {"covered_lines": 0, "num_statements": 0, "percent_covered": 100.0, "percent_covered_display": "100", "missing_lines": 0, "excluded_lines": 0, "percent_statements_covered": 100.0, "percent_statements_covered_display": "100"}, "missing_lines": [], "excluded_lines": [], "start_line": 124}, "BoundingBoxResponse": {"executed_lines": [], "summary": {"covered_lines": 0, "num_statements": 0, "percent_covered": 100.0, "percent_covered_display": "100", "missing_lines": 0, "excluded_lines": 0, "percent_statements_covered": 100.0, "percent_statements_covered_display": "100"}, "missing_lines": [], "excluded_lines": [], "start_line": 133}, "DetectedFaceWithMatches": {"executed_lines": [], "summary": {"covered_lines": 0, "num_statements": 0, "percent_covered": 100.0, "percent_covered_display": "100", "missing_lines": 0, "excluded_lines": 0, "percent_statements_covered": 100.0, "percent_statements_covered_display": "100"}, "missing_lines": [], "excluded_lines": [], "start_line": 147}, "RecognizeMultipleFacesRequest": {"executed_lines": [], "summary":
[...]
, 229, 230, 231, 232, 235, 236, 237, 238, 241, 242, 244, 252, 254, 255, 263, 266, 269, 272, 273, 274, 275, 278, 279, 289, 290, 292, 294, 295], "excluded_lines": [], "functions": {"FastFaceDetector.__init__": {"executed_lines": [54, 55, 56, 57, 60, 61, 62], "summary": {"covered_lines": 7, "num_statements": 7, "percent_covered": 100.0, "percent_covered_display": "100", "missing_lines": 0, "excluded_lines": 0, "percent_statements_covered": 100.0, "percent_statements_covered_display": "100"}, "missing_lines": [], "excluded_lines": [], "start_line": 38}, "FastFaceDetector._get_haar_cascade": {"executed_lines": [66, 68, 69, 71, 74, 76], "summary": {"covered_lines": 6, "num_statements": 7, "percent_covered": 85.71428571428571, "percent_covered_display": "86", "missing_lines": 1, "excluded_lines": 0, "percent_statements_covered": 85.71428571428571, "percent_statements_covered_display": "86"}, "missing_lines": [72], "excluded_lines": [], "start_line": 64}, "FastFaceDetector._get_dnn_net": {"executed_lines": [80, 87, 99, 100, 101, 103, 108, 110, 116, 117], "summary": {"covered_lines": 10, "num_statements": 14, "percent_covered": 71.42857142857143, "percent_covered_display": "71", "missing_lines": 4, "excluded_lines": 0, "percent_statements_covered": 71.42857142857143, "percent_statements_covered_display": "71"}, "missing_lines": [104, 105, 106, 119], "excluded_lines": [], "start_line": 78}, "FastFaceDetector._get_insightface_app": {"executed_lines": [], "summary": {"covered_lines": 0, "num_statements": 8, "percent_covered": 0.0, "percent_covered_display": "0", "missing_lines": 8, "excluded_lines": 0, "percent_statements_covered": 0.0, "percent_statements_covered_display": "0"}, "missing_lines": [123, 124, 126, 129, 131, 134, 135, 137], "excluded_lines": [], "start_line": 121}, "FastFaceDetector.detect_faces": {"executed_lines": [154, 155, 156, 157], "summary": {"covered_lines": 4, "num_statements": 7, "percent_covered": 57.142857142857146, "percent_covered_display": "57", "missing_lines": 3, "excluded_lines": 0, "percent_statements_covered": 57.142857142857146, "percent_statements_covered_display": "57"}, "missing_lines": [158, 159, 161], "excluded_lines": [], "start_line": 139}, "FastFaceDetector._detect_haar": {"executed_lines": [165, 168, 171, 179, 180, 191, 192], "summary": {"covered_lines": 7, "num_statements": 9, "percent_covered": 77.77777777777777, "percent_covered_display": "78", "missing_lines": 2, "excluded_lines": 0, "percent_statements_covered": 77.77777777777777, "percent_statements_covered_display": "78"}, "missing_lines": [181, 189], "excluded_lines": [], "start_line": 163}, "FastFaceDetector._detect_dnn": {"executed_lines": [200, 203, 204], "summary": {"covered_lines": 3, "num_statements": 26, "percent_covered": 11.538461538461538, "percent_covered_display": "12", "missing_lines": 23, "excluded_lines": 0, "percent_statements_covered": 11.538461538461538, "percent_statements_covered_display": "12"}, "missing_lines": [206, 209, 217, 218, 221, 222, 223, 225, 226, 229, 230, 231, 232, 235, 236, 237, 238, 241, 242, 244, 252, 254, 255], "excluded_lines": [], "start_line": 194}, "FastFaceDetector._detect_insightface": {"executed_lines": [], "summary": {"covered_lines": 0, "num_statements": 14, "percent_covered": 0.0, "percent_covered_display": "0", "missing_lines": 14, "excluded_lines": 0, "percent_statements_covered": 0.0, "percent_statements_covered_display": "0"}, "missing_lines": [263, 266, 269, 272, 273, 274, 275, 278, 279, 289, 290, 292, 294, 295], "excluded_lines": [], "start_line": 257}, "create_face_detector": {"executed_lines": [314, 316, 321], "summary": {"covered_lines": 3, "num_statements": 3, "percent_covered": 100.0, "percent_covered_display": "100", "missing_lines": 0, "excluded_lines": 0, "percent_statements_covered": 100.0, "percent_statements_covered_display": "100"}, "missing_lines": [], "excluded_lines": [], "start_line": 298}, "": {"executed_lines": [8, 9, 10, 12, 13, 15, 17, 20, 23, 24, 25, 28, 38, 64, 78, 121, 139, 163, 194, 257, 298], "summary": {"covered_lines": 21, "num_statements": 21, "percent_covered": 100.0, "percent_covered_display": "100", "missing_lines": 0, "excluded_lines": 0, "percent_statements_covered": 100.0, "percent_statements_covered_display": "100"}, "missing_lines": [], "excluded_lines": [], "start_line": 1}}, "classes": {"DetectionMethod": {"executed_lines": [], "summary": {"covered_lines": 0, "num_statements": 0, "percent_covered": 100.0, "percent_covered_display": "100", "missing_lines": 0, "excluded_lines": 0, "percent_statements_covered": 100.0, "percent_statements_covered_display": "100"}, "missing_lines": [], "excluded_lines": [], "start_line": 20}, "FastFaceDetector": {"executed_lines": [54, 55, 56, 57, 60, 61, 62, 66, 68, 69, 71, 74, 76, 80, 87, 99, 100, 101, 103, 108, 110, 116, 117, 154, 155, 156, 157, 165, 168, 171, 179, 180, 191, 192, 200, 203, 204], "summary": {"covered_lines": 37, "num_statements": 92, "percent_covered": 40.21739130434783, "percent_covered_display": "40", "missing_lines": 55, "excluded_lines": 0, "percent_statements_covered": 40.21739130434783, "percent_statements_covered_display": "40"}, "missing_lines": [72, 104, 105, 106, 119, 123, 124, 126, 129, 131, 134, 135, 137, 158, 159, 161, 181, 189, 206, 209, 217, 218, 221, 222, 223, 225, 226, 229, 230, 231, 232, 235, 236, 237, 238, 241, 242, 244, 252, 254, 255, 263, 266, 269, 272, 273, 274, 275, 278, 279, 289, 290, 292, 294, 295], "excluded_lines": [], "start_line": 28}, "": {"executed_lines": [8, 9, 10, 12, 13, 15, 17, 20, 23, 24, 25, 28, 38, 64, 78, 121, 139, 163, 194, 257, 298, 314, 316, 321], "summary": {"covered_lines": 24, "num_statements": 24, "percent_covered": 100.0, "percent_covered_display": "100", "missing_lines": 0, "excluded_lines": 0, "percent_statements_covered": 100.0, "percent_statements_covered_display": "100"}, "missing_lines": [], "excluded_lines": [], "start_line": 1}}}, "src/utils/face_processing.py": {"executed_lines": [11, 13, 14, 15, 17, 18, 20, 22, 25, 26, 29, 30, 31, 32, 33, 34, 36, 37, 39, 41, 42, 44, 46, 47, 49, 51, 52, 54, 56, 72, 73, 76, 77, 78, 79, 80, 82, 84, 87, 95, 96, 103, 107, 115, 116, 117, 118, 121, 125, 128, 131, 154, 172, 175, 176, 179, 180, 181, 182, 185, 188, 191, 196, 199, 253, 277, 312, 380, 400, 436], "summary": {"covered_lines": 70, "num_statements": 161, "percent_covered": 43.47826086956522, "percent_covered_display": "43", "missing_lines": 91, "excluded_lines": 0, "percent_statements_covered": 43.47826086956522, "percent_statements_covered_display": "43"}, "missing_lines": [58, 85, 98, 105, 122, 133, 134, 135, 136, 143, 144, 151, 189, 220, 221, 223, 225, 226, 227, 228, 231, 234, 236, 237, 238, 239, 240, 243, 245, 250, 267, 268, 270, 274, 296, 297, 300, 301, 302, 304, 307, 309, 328, 329, 330, 331, 333, 335, 343, 344, 345, 348, 349, 350, 352, 353, 354, 359, 360, 362, 363, 365, 366, 367, 368, 369, 370, 372, 374, 375, 377, 392, 418, 421, 422, 425, 433, 456, 457, 458, 459, 461, 464, 473, 474, 475, 476, 477, 478, 481, 491], "excluded_lines": [], "functions": {"BoundingBox.width": {"executed_lines": [39], "summary": {"covered_lines": 1, "num_statements": 1, "percent_covered": 100.0, "percent_covered_display": "100", "missing_lines": 0, "excluded_lines": 0, "percent_statements_covered": 100.0, "percent_statements_covered_display": "100"}, "missing_lines": [], "excluded_lines": [], "start_line": 37}, "BoundingBox.height": {"executed_lines": [44], "summary": {"covered_lines": 1, "num_statements": 1, "percent_covered": 100.0, "percent_covered_display": "100", "missing_lines": 0, "excluded_lines": 0, "percent_statements_covered": 100.0, "percent_statements_covered_display": "100"}, "missing_lines": [], "excluded_lines": [], "start_line": 42}, "BoundingBox.area": {"executed_lines": [49], "summary": {"covered_lines": 1, "num_statements": 1, "percent_covered": 100.0, "percent_covered_display": "100", "missing_lines": 0, "excluded_lines": 0, "percent_statements_covered": 100.0, "percent_statements_covered_display": "100"}, "missing_lines": [], "excluded_lines": [], "start_line": 47}, "BoundingBox.center": {"executed_lines": [54], "summary": {"covered_lines": 1, "num_statements": 1, "percent_covered": 100.0, "percent_covered_display": "100", "missing_lines": 0, "excluded_lines": 0, "percent_statements_covered": 100.0, "percent_statements_covered_display": "100"}, "missing_lines": [], "excluded_lines": [], "start_line": 52}, "BoundingBox.to_dict": {"executed_lines": [], "summary": {"covered_lines": 0, "num_statements": 1, "percent_covered": 0.0, "percent_covered_display": "0", "missing_lines": 1, "excluded_lines": 0, "percent_statements_covered": 0.0, "percent_statements_covered_display": "0"}, "missing_lines": [58], "excluded_lines": [], "start_line": 56}, "ROI.to_absolute": {"executed_lines": [84, 87], "summary": {"covered_lines": 2, "num_statements": 3, "percent_covered": 66.66666666666667, "percent_covered_display": "67", "missing_lines": 1, "excluded_lines": 0, "percent_statements_covered": 66.66666666666667, "percent_statements_covered_display": "67"}, "missing_lines": [85], "excluded_lines": [], "start_line": 82}, "ROI.center": {"executed_lines": [], "summary": {"covered_lines": 0, "num_statements": 1, "percent_covered": 0.0, "percent_covered_display": "0", "missing_lines": 1, "excluded_lines": 0, "percent_statements_covered": 0.0, "percent_statements_covered_display": "0"}, "missing_lines": [98], "excluded_lines": [], "start_line": 96}, "ROI.contains_point": {"executed_lines": [], "summary": {"covered_lines": 0, "num_statements": 1, "percent_covered": 0.0, "percent_covered_display": "0", "missing_lines": 1, "excluded_lines": 0, "percent_statements_covered": 0.0, "percent_statements_covered_display": "0"}, "missing_lines": [105], "excluded_lines": [], "start_line": 103}, "ROI.overlap_with_bbox": {"executed_lines": [115, 116, 117, 118, 121, 125, 128], "summary": {"covered_lines": 7, "num_statements": 8, "percent_covered": 87.5, "percent_covered_display": "88", "missing_lines": 1, "excluded_lines": 0, "percent_statements_covered": 87.5, "percent_statements_covered_display": "88"}, "missing_lines": [122], "excluded_lines": [], "start_line": 107}, "ensure_bounding_box": {"executed_lines": [], "summary": {"covered_lines": 0, "num_statements": 7, "percent_covered": 0.0, "percent_covered_display": "0", "missing_lines": 7, "excluded_lines": 0, "percent_statements_covered": 0.0, "percent_statements_covered_display": "0"}, "missing_lines": [133, 134, 135, 136, 143, 144, 151], "excluded_lines": [], "start_line": 131}, "crop_face_from_bbox": {"executed_lines": [172, 175, 176, 179, 180, 181, 182, 185, 188, 191, 196], "summary": {"covered_lines": 11, "num_statements": 12, "percent_covered": 91.66666666666667, "percent_covered_display": "92", "missing_lines": 1, "excluded_lines": 0, "percent_statements_covered": 91.66666666666667, "percent_statements_covered_display": "92"}, "missing_lines": [189], "excluded_lines": [], "start_line": 154}, "filter_faces_by_roi": {"executed_lines": [], "summary": {"covered_lines": 0, "num_statements": 17, "percent_covered": 0.0, "percent_covered_display": "0", "missing_lines": 17, "excluded_lines": 0, "percent_statements_covered": 0.0, "percent_statements_covered_display": "0"}, "missing_lines": [220, 221, 223, 225, 226, 227, 228, 231, 234, 236, 237, 238, 239, 240, 243, 245, 250], "excluded_lines": [], "start_line": 199}, "calculate_roi_distance": {"executed_lines": [], "summary": {"covered_lines": 0, "num_statements": 4, "percent_covered": 0.0, "percent_covered_display": "0", "missing_lines": 4, "excluded_lines": 0, "percent_statements_covered": 0.0, "percent_statements_covered_display": "0"}, "missing_lines": [267, 268, 270, 274], "excluded_lines": [], "start_line": 253}, "sort_faces_by_roi_proximity": {"executed_lines": [], "summary": {"covered_lines": 0, "num_statements": 8, "percent_covered": 0.0, "percent_covered_display": "0", "missing_lines": 8, "excluded_lines": 0, "percent_statements_covered": 0.0, "percent_statements_covered_display": "0"}, "missing_lines": [296, 297, 300, 301, 302, 304, 307, 309], "excluded_lines": [], "start_line": 277}, "check_face_quality": {"executed_lines": [], "summary": {"covered_lines": 0, "num_statements": 29, "percent_covered": 0.0, "percent_covered_display": "0", "missing_lines": 29, "excluded_lines": 0, "percent_statements_covered": 0.0, "percent_statements_covered_display": "0"}, "missing_lines": [328, 329, 330, 331, 333, 335, 343, 344, 345, 348, 349, 350, 352, 353, 354, 359, 360, 362, 363, 365, 366, 367, 368, 369, 370, 372, 374, 375, 377], "excluded_lines": [], "start_line": 312}, "convert_insightface_bbox": {"executed_lines": [], "summary": {"covered_lines": 0, "num_statements": 1, "percent_covered": 0.0, "percent_covered_display": "0", "missing_lines": 1, "excluded_lines": 0, "percent_statements_covered": 0.0, "percent_statements_covered_display": "0"}, "missing_lines": [392], "excluded_lines": [], "start_line": 380}, "draw_roi_on_frame": {"executed_lines": [], "summary": {"covered_lines": 0, "num_statements": 5, "percent_covered": 0.0, "percent_covered_display": "0", "missing_lines": 5, "excluded_lines": 0, "percent_statements_covered": 0.0, "percent_statements_covered_display": "0"}, "missing_lines": [418, 421, 422, 425, 433], "excluded_lines": [], "start_line": 400}, "draw_faces_on_frame": {"executed_lines": [], "summary": {"covered_lines": 0, "num_statements": 14, "percent_covered": 0.0, "percent_covered_display": "0", "missing_lines": 14, "excluded_lines": 0, "percent_statements_covered": 0.0, "percent_statements_covered_display": "0"}, "missing_lines": [456, 457, 458, 459, 461, 464, 473, 474, 475, 476, 477, 478, 481, 491], "excluded_lines": [], "start_line": 436}, "": {"executed_lines": [11, 13, 14, 15, 17, 18, 20, 22, 25, 26, 29, 30, 31, 32, 33, 34, 36, 37, 41, 42, 46, 47, 51, 52, 56, 72, 73, 76, 77, 78, 79, 80, 82, 95, 96, 103, 107, 131, 154, 199, 253, 277, 312, 380, 400, 436], "summary": {"covered_lines": 46, "num_statements": 46, "percent_covered": 100.0, "percent_covered_display": "100", "missing_lines": 0, "excluded_lines": 0, "percent_statements_covered": 100.0, "percent_statements_covered_display": "100"}, "missing_lines": [], "excluded_lines": [], "start_line": 1}}, "classes": {"BoundingBox": {"executed_lines": [39, 44, 49, 54], "summary": {"covered_lines": 4, "num_statements": 5, "percent_covered": 80.0, "percent_covered_display": "80", "missing_lines": 1, "excluded_lines": 0, "percent_statements_covered": 80.0, "percent_statements_covered_display": "80"}, "missing_lines": [58], "excluded_lines": [], "start_line": 26}, "ROI": {"executed_lines": [84, 87, 115, 116, 117, 118, 121, 125, 128], "summary": {"covered_lines": 9, "num_statements": 13, "percent_covered": 69.23076923076923, "percent_covered_display": "69", "missing_lines": 4, "excluded_lines": 0, "percent_statements_covered": 69.23076923076923, "percent_statements_covered_display": "69"}, "missing_lines": [85, 98, 105, 122], "excluded_lines": [], "start_line": 73}, "": {"executed_lines": [11, 13, 14, 15, 17, 18, 20, 22, 25, 26, 29, 30, 31, 32, 33, 34, 36, 37, 41, 42, 46, 47, 51, 52, 56, 72, 73, 76, 77, 78, 79, 80, 82, 95, 96, 103, 107, 131, 154, 172, 175, 176, 179, 180, 181, 182, 185, 188, 191, 196, 199, 253, 277, 312, 380, 400, 436], "summary": {"covered_lines": 57, "num_statements": 143, "percent_covered": 39.86013986013986, "percent_covered_display": "40", "missing_lines": 86, "excluded_lines": 0, "percent_statements_covered": 39.86013986013986, "percent_statements_covered_display": "40"}, "missing_lines": [133, 134, 135, 136, 143, 144, 151, 189, 220, 221, 223, 225, 226, 227, 228, 231, 234, 236, 237, 238, 239, 240, 243, 245, 250, 267, 268, 270, 274, 296, 297, 300, 301, 302, 304, 307, 309, 328, 329, 330, 331, 333, 335, 343, 344, 345, 348, 349, 350, 352, 353, 354, 359, 360, 362, 363, 365, 366, 367, 368, 369, 370, 372, 374, 375, 377, 392, 418, 421, 422, 425, 433, 456, 457, 458, 459, 461, 464, 473, 474, 475, 476, 477, 478, 481, 491], "excluded_lines": [], "start_line": 1}}}, "src/utils/startup_validation.py": {"executed_lines": [8, 9, 11, 12, 13, 15, 18, 27, 30, 31, 32, 34, 37, 38, 43, 44, 50, 51, 53, 54, 58, 59, 61, 62, 66, 67, 72, 73, 76, 77, 79, 80, 81, 82, 85, 86, 87, 89, 91, 92, 94, 95, 96, 97, 103, 104, 107, 108, 109, 112, 113, 120, 121, 122, 123, 128, 131, 132, 133, 134, 135, 141, 143, 146, 147, 148, 150, 153, 154, 155, 156, 162, 175, 176, 177, 179, 180, 183, 184, 185, 186, 188, 189, 190, 191, 192, 193, 194, 196, 198, 199, 200, 201, 203, 204, 205, 206, 208, 209, 215, 218], "summary": {"covered_lines": 101, "num_statements": 109, "percent_covered": 92.66055045871559, "percent_covered_display": "93", "missing_lines": 8, "excluded_lines": 0, "percent_statements_covered": 92.66055045871559, "percent_statements_covered_display": "93"}, "missing_lines": [144, 220, 224, 225, 226, 227, 228, 229], "excluded_lines": [], "functions": {"validate_liveness_configuration": {"executed_lines": [27, 30, 31, 32, 34, 37, 38, 43, 44, 50, 51, 53, 54, 58, 59, 61, 62, 66, 67, 72, 73, 76, 77, 79, 80, 81, 82, 85, 86, 87, 89, 91, 92, 94, 95, 96, 97, 103, 104, 107, 108, 109, 112, 113, 120, 121, 122, 123, 128, 131, 132, 133, 134, 135, 141, 143, 146, 147, 148, 150], "summary": {"covered_lines": 60, "num_statements": 61, "percent_covered": 98.36065573770492, "percent_covered_display": "98", "missing_lines": 1, "excluded_lines": 0, "percent_statements_covered": 98.36065573770492, "percent_statements_covered_display": "98"}, "missing_lines": [144], "excluded_lines": [], "start_line": 18}, "validate_embedding_dim": {"executed_lines": [154, 155, 156], "summary": {"covered_lines": 3, "num_statements": 3, "percent_covered": 100.0, "percent_covered_display": "100", "missing_lines": 0, "excluded_lines": 0, "percent_statements_covered": 100.0, "percent_statements_covered_display": "100"}, "missing_lines": [], "excluded_lines": [], "start_line": 153}, "validate_startup_requirements": {"executed_lines": [175, 176, 177, 179, 180, 183, 184, 185, 186, 188, 189, 190, 191, 192, 193, 194, 196, 198, 199, 200, 201, 203, 204, 205, 206, 208, 209, 215], "summary": {"covered_lines": 28, "num_statements": 28, "percent_covered": 100.0, "percent_covered_display": "100", "missing_lines": 0, "excluded_lines": 0, "percent_statements_covered": 100.0, "percent_statements_covered_display": "100"}, "missing_lines": [], "excluded_lines": [], "start_line": 162}, "": {"executed_lines": [8, 9, 11, 12, 13, 15, 18, 153, 162, 218], "summary": {"covered_lines": 10, "num_statements": 17, "percent_covered": 58.8235294117647, "percent_covered_display": "59", "missing_lines": 7, "excluded_lines": 0, "percent_statements_covered": 58.8235294117647, "percent_statements_covered_display": "59"}, "missing_lines": [220, 224, 225, 226, 227, 228, 229], "excluded_lines": [], "start_line": 1}}, "classes": {"": {"executed_lines": [8, 9, 11, 12, 13, 15, 18, 27, 30, 31, 32, 34, 37, 38, 43, 44, 50, 51, 53, 54, 58, 59, 61, 62, 66, 67, 72, 73, 76, 77, 79, 80, 81, 82, 85, 86, 87, 89, 91, 92, 94, 95, 96, 97, 103, 104, 107, 108, 109, 112, 113, 120, 121, 122, 123, 128, 131, 132, 133, 134, 135, 141, 143, 146, 147, 148, 150, 153, 154, 155, 156, 162, 175, 176, 177, 179, 180, 183, 184, 185, 186, 188, 189, 190, 191, 192, 193, 194, 196, 198, 199, 200, 201, 203, 204, 205, 206, 208, 209, 215, 218], "summary": {"covered_lines": 101, "num_statements": 109, "percent_covered": 92.66055045871559, "percent_covered_display": "93", "missing_lines": 8, "excluded_lines": 0, "percent_statements_covered": 92.66055045871559, "percent_statements_covered_display": "93"}, "missing_lines": [144, 220, 224, 225, 226, 227, 228, 229], "excluded_lines": [], "start_line": 1}}}}, "totals": {"covered_lines": 2390, "num_statements": 3778, "percent_covered": 63.260984647961884, "percent_covered_display": "63", "missing_lines": 1388, "excluded_lines": 21, "percent_statements_covered": 63.260984647961884, "percent_statements_covered_display": "63"}}