{"meta": {"format": 3, "version": "7.10.7", "timestamp": "2026-03-30T07:48:44.053824", "branch_coverage": false, "show_contexts": false}, "files": {"src/__init__.py": {"executed_lines": [1], "summary": {"covered_lines": 0, "num_statements": 0, "percent_covered": 100.0, "percent_covered_display": "100", "missing_lines": 0, "excluded_lines": 0}, "missing_lines": [], "excluded_lines": [], "functions": {"": {"executed_lines": [], "summary": {"covered_lines": 0, "num_statements": 0, "percent_covered": 100.0, "percent_covered_display": "100", "missing_lines": 0, "excluded_lines": 0}, "missing_lines": [], "excluded_lines": []}}, "classes": {"": {"executed_lines": [], "summary": {"covered_lines": 0, "num_statements": 0, "percent_covered": 100.0, "percent_covered_display": "100", "missing_lines": 0, "excluded_lines": 0}, "missing_lines": [], "excluded_lines": []}}}, "src/antispoof/__init__.py": {"executed_lines": [], "summary": {"covered_lines": 0, "num_statements": 0, "percent_covered": 100.0, "percent_covered_display": "100", "missing_lines": 0, "excluded_lines": 0}, "missing_lines": [], "excluded_lines": [], "functions": {"": {"executed_lines": [], "summary": {"covered_lines": 0, "num_statements": 0, "percent_covered": 100.0, "percent_covered_display": "100", "missing_lines": 0, "excluded_lines": 0}, "missing_lines": [], "excluded_lines": []}}, "classes": {"": {"executed_lines": [], "summary": {"covered_lines": 0, "num_statements": 0, "percent_covered": 100.0, "percent_covered_display": "100", "missing_lines": 0, "excluded_lines": 0}, "missing_lines": [], "excluded_lines": []}}}, "src/antispoof/crop_image.py": {"executed_lines": [], "summary": {"covered_lines": 0, "num_statements": 38, "percent_covered": 0.0, "percent_covered_display": "0", "missing_lines": 38, "excluded_lines": 0}, "missing_lines": [3, 4, 7, 10, 11, 24, 25, 26, 27, 29, 31, 32, 33, 35, 36, 37, 38, 40, 41, 42, 44, 45, 46, 48, 49, 50, 52, 53, 54, 56, 63, 86, 87, 89, 90, 94, 97, 98], "excluded_lines": [], "functions": {"CropImage._get_new_box": {"executed_lines": [], "summary": {"covered_lines": 0, "num_statements": 25, "percent_covered": 0.0, "percent_covered_display": "0", "missing_lines": 25, "excluded_lines": 0}, "missing_lines": [24, 25, 26, 27, 29, 31, 32, 33, 35, 36, 37, 38, 40, 41, 42, 44, 45, 46, 48, 49, 50, 52, 53, 54, 56], "excluded_lines": []}, "CropImage.crop": {"executed_lines": [], "summary": {"covered_lines": 0, "num_statements": 7, "percent_covered": 0.0, "percent_covered_display": "0", "missing_lines": 7, "excluded_lines": 0}, "missing_lines": [86, 87, 89, 90, 94, 97, 98], "excluded_lines": []}, "": {"executed_lines": [], "summary": {"covered_lines": 0, "num_statements": 6, "percent_covered": 0.0, "percent_covered_display": "0", "missing_lines": 6, "excluded_lines": 0}, "missing_lines": [3, 4, 7, 10, 11, 63], "excluded_lines": []}}, "classes": {"CropImage": {"executed_lines": [], "summary": {"covered_lines": 0, "num_statements": 32, "percent_covered": 0.0, "percent_covered_display": "0", "missing_lines": 32, "excluded_lines": 0}, "missing_lines": [24, 25, 26, 27, 29, 31, 32, 33, 35, 36, 37, 38, 40, 41, 42, 44, 45, 46, 48, 49, 50, 52, 53, 54, 56, 86, 87, 89, 90, 94, 97, 98], "excluded_lines": []}, "": {"executed_lines": [], "summary": {"covered_lines": 0, "num_statements": 6, "percent_covered": 0.0, "percent_covered_display": "0", "missing_lines": 6, "excluded_lines": 0}, "missing_lines": [3, 4, 7, 10, 11, 63], "excluded_lines": []}}}, "src/antispoof/data_io/__init__.py": {"executed_lines": [], "summary": {"covered_lines": 0, "num_statements": 0, "percent_covered": 100.0, "percent_covered_display": "100", "missing_lines": 0, "excluded_lines": 0}, "missing_lines": [], "excluded_lines": [], "functions": {"": {"executed_lines": [], "summary": {"covered_lines": 0, "num_statements": 0, "percent_covered": 100.0, "percent_covered_display": "100", "missing_lines": 0, "excluded_lines": 0}, "missing_lines": [], "excluded_lines": []}}, "classes": {"": {"executed_lines": [], "summary": {"covered_lines": 0, "num_statements": 0, "percent_covered": 100.0, "percent_covered_display": "100", "missing_lines": 0, "excluded_lines": 0}, "missing_lines": [], "excluded_lines": []}}}, "src/antispoof/data_io/dataset_folder.py": {"executed_lines": [], "summary": {"covered_lines": 0, "num_statements": 47, "percent_covered": 0.0, "percent_covered_display": "0", "missing_lines": 47, "excluded_lines": 0}, "missing_lines": [8, 9, 10, 11, 14, 15, 16, 19, 20, 22, 23, 24, 25, 27, 28, 29, 31, 32, 33, 34, 35, 36, 38, 39, 40, 42, 43, 44, 45, 46, 47, 48, 49, 52, 53, 54, 55, 56, 57, 58, 59, 60, 61, 62, 63, 64, 65], "excluded_lines": [], "functions": {"opencv_loader": {"executed_lines": [], "summary": {"covered_lines": 0, "num_statements": 2, "percent_covered": 0.0, "percent_covered_display": "0", "missing_lines": 2, "excluded_lines": 0}, "missing_lines": [15, 16], "excluded_lines": []}, "DatasetFolderFT.__init__": {"executed_lines": [], "summary": {"covered_lines": 0, "num_statements": 4, "percent_covered": 0.0, "percent_covered_display": "0", "missing_lines": 4, "excluded_lines": 0}, "missing_lines": [22, 23, 24, 25], "excluded_lines": []}, "DatasetFolderFT.__getitem__": {"executed_lines": [], "summary": {"covered_lines": 0, "num_statements": 19, "percent_covered": 0.0, "percent_covered_display": "0", "missing_lines": 19, "excluded_lines": 0}, "missing_lines": [28, 29, 31, 32, 33, 34, 35, 36, 38, 39, 40, 42, 43, 44, 45, 46, 47, 48, 49], "excluded_lines": []}, "generate_FT": {"executed_lines": [], "summary": {"covered_lines": 0, "num_statements": 13, "percent_covered": 0.0, "percent_covered_display": "0", "missing_lines": 13, "excluded_lines": 0}, "missing_lines": [53, 54, 55, 56, 57, 58, 59, 60, 61, 62, 63, 64, 65], "excluded_lines": []}, "": {"executed_lines": [], "summary": {"covered_lines": 0, "num_statements": 9, "percent_covered": 0.0, "percent_covered_display": "0", "missing_lines": 9, "excluded_lines": 0}, "missing_lines": [8, 9, 10, 11, 14, 19, 20, 27, 52], "excluded_lines": []}}, "classes": {"DatasetFolderFT": {"executed_lines": [], "summary": {"covered_lines": 0, "num_statements": 23, "percent_covered": 0.0, "percent_covered_display": "0", "missing_lines": 23, "excluded_lines": 0}, "missing_lines": [22, 23, 24, 25, 28, 29, 31, 32, 33, 34, 35, 36, 38, 39, 40, 42, 43, 44, 45, 46, 47, 48, 49], "excluded_lines": []}, "": {"executed_lines": [], "summary": {"covered_lines": 0, "num_statements": 24, "percent_covered": 0.0, "percent_covered_display": "0", "missing_lines": 24, "excluded_lines": 0}, "missing_lines": [8, 9, 10, 11, 14, 15, 16, 19, 20, 27, 52, 53, 54, 55, 56, 57, 58, 59, 60, 61, 62, 63, 64, 65], "excluded_lines": []}}}, "src/antispoof/data_io/dataset_loader.py": {"executed_lines": [], "summary": {"covered_lines": 0, "num_statements": 9, "percent_covered": 0.0, "percent_covered_display": "0", "missing_lines": 9, "excluded_lines": 0}, "missing_lines": [8, 9, 10, 13, 14, 24, 25, 27, 33], "excluded_lines": [], "functions": {"get_train_loader": {"executed_lines": [], "summary": {"covered_lines": 0, "num_statements": 5, "percent_covered": 0.0, "percent_covered_display": "0", "missing_lines": 5, "excluded_lines": 0}, "missing_lines": [14, 24, 25, 27, 33], "excluded_lines": []}, "": {"executed_lines": [], "summary": {"covered_lines": 0, "num_statements": 4, "percent_covered": 0.0, "percent_covered_display": "0", "missing_lines": 4, "excluded_lines": 0}, "missing_lines": [8, 9, 10, 13], "excluded_lines": []}}, "classes": {"": {"executed_lines": [], "summary": {"covered_lines": 0, "num_statements": 9, "percent_covered": 0.0, "percent_covered_display": "0", "missing_lines": 9, "excluded_lines": 0}, "missing_lines": [8, 9, 10, 13, 14, 24, 25, 27, 33], "excluded_lines": []}}}, "src/antispoof/data_io/functional.py": {"executed_lines": [], "summary": {"covered_lines": 0, "num_statements": 231, "percent_covered": 0.0, "percent_covered_display": "0", "missing_lines": 231, "excluded_lines": 0}, "missing_lines": [8, 9, 10, 11, 12, 13, 14, 15, 16, 17, 18, 19, 22, 23, 24, 26, 29, 30, 33, 34, 37, 48, 49, 51, 54, 55, 57, 60, 61, 62, 63, 64, 67, 68, 69, 70, 72, 74, 75, 76, 77, 79, 80, 83, 84, 86, 88, 91, 105, 106, 108, 109, 110, 111, 112, 114, 115, 118, 119, 120, 121, 122, 123, 124, 125, 126, 127, 128, 129, 130, 132, 134, 135, 136, 137, 139, 140, 142, 143, 144, 145, 146, 148, 149, 151, 154, 167, 168, 170, 171, 172, 175, 191, 192, 193, 194, 196, 197, 198, 199, 200, 201, 202, 203, 205, 206, 207, 209, 212, 213, 215, 218, 234, 235, 237, 238, 239, 240, 242, 243, 246, 249, 262, 263, 265, 268, 269, 270, 271, 272, 273, 274, 275, 278, 295, 296, 297, 298, 301, 310, 311, 313, 316, 325, 326, 328, 331, 346, 347, 349, 351, 352, 353, 354, 356, 357, 358, 359, 360, 361, 364, 384, 385, 387, 389, 391, 392, 394, 396, 397, 400, 412, 413, 415, 416, 417, 420, 432, 433, 435, 436, 437, 440, 452, 453, 455, 456, 457, 460, 483, 484, 486, 487, 489, 490, 491, 493, 495, 497, 498, 499, 501, 502, 505, 522, 523, 525, 526, 528, 529, 531, 532, 533, 535, 536, 539, 559, 560, 562, 565, 576, 577, 579, 580, 581, 582, 583, 584, 585, 587, 589], "excluded_lines": [], "functions": {"_is_pil_image": {"executed_lines": [], "summary": {"covered_lines": 0, "num_statements": 3, "percent_covered": 0.0, "percent_covered_display": "0", "missing_lines": 3, "excluded_lines": 0}, "missing_lines": [23, 24, 26], "excluded_lines": []}, "_is_tensor_image": {"executed_lines": [], "summary": {"covered_lines": 0, "num_statements": 1, "percent_covered": 0.0, "percent_covered_display": "0", "missing_lines": 1, "excluded_lines": 0}, "missing_lines": [30], "excluded_lines": []}, "_is_numpy_image": {"executed_lines": [], "summary": {"covered_lines": 0, "num_statements": 1, "percent_covered": 0.0, "percent_covered_display": "0", "missing_lines": 1, "excluded_lines": 0}, "missing_lines": [34], "excluded_lines": []}, "to_tensor": {"executed_lines": [], "summary": {"covered_lines": 0, "num_statements": 26, "percent_covered": 0.0, "percent_covered_display": "0", "missing_lines": 26, "excluded_lines": 0}, "missing_lines": [48, 49, 51, 54, 55, 57, 60, 61, 62, 63, 64, 67, 68, 69, 70, 72, 74, 75, 76, 77, 79, 80, 83, 84, 86, 88], "excluded_lines": []}, "to_pil_image": {"executed_lines": [], "summary": {"covered_lines": 0, "num_statements": 37, "percent_covered": 0.0, "percent_covered_display": "0", "missing_lines": 37, "excluded_lines": 0}, "missing_lines": [105, 106, 108, 109, 110, 111, 112, 114, 115, 118, 119, 120, 121, 122, 123, 124, 125, 126, 127, 128, 129, 130, 132, 134, 135, 136, 137, 139, 140, 142, 143, 144, 145, 146, 148, 149, 151], "excluded_lines": []}, "normalize": {"executed_lines": [], "summary": {"covered_lines": 0, "num_statements": 5, "percent_covered": 0.0, "percent_covered_display": "0", "missing_lines": 5, "excluded_lines": 0}, "missing_lines": [167, 168, 170, 171, 172], "excluded_lines": []}, "resize": {"executed_lines": [], "summary": {"covered_lines": 0, "num_statements": 16, "percent_covered": 0.0, "percent_covered_display": "0", "missing_lines": 16, "excluded_lines": 0}, "missing_lines": [191, 192, 193, 194, 196, 197, 198, 199, 200, 201, 202, 203, 205, 206, 207, 209], "excluded_lines": []}, "scale": {"executed_lines": [], "summary": {"covered_lines": 0, "num_statements": 2, "percent_covered": 0.0, "percent_covered_display": "0", "missing_lines": 2, "excluded_lines": 0}, "missing_lines": [213, 215], "excluded_lines": []}, "pad": {"executed_lines": [], "summary": {"covered_lines": 0, "num_statements": 9, "percent_covered": 0.0, "percent_covered_display": "0", "missing_lines": 9, "excluded_lines": 0}, "missing_lines": [234, 235, 237, 238, 239, 240, 242, 243, 246], "excluded_lines": []}, "crop": {"executed_lines": [], "summary": {"covered_lines": 0, "num_statements": 3, "percent_covered": 0.0, "percent_covered_display": "0", "missing_lines": 3, "excluded_lines": 0}, "missing_lines": [262, 263, 265], "excluded_lines": []}, "center_crop": {"executed_lines": [], "summary": {"covered_lines": 0, "num_statements": 7, "percent_covered": 0.0, "percent_covered_display": "0", "missing_lines": 7, "excluded_lines": 0}, "missing_lines": [269, 270, 271, 272, 273, 274, 275], "excluded_lines": []}, "resized_crop": {"executed_lines": [], "summary": {"covered_lines": 0, "num_statements": 4, "percent_covered": 0.0, "percent_covered_display": "0", "missing_lines": 4, "excluded_lines": 0}, "missing_lines": [295, 296, 297, 298], "excluded_lines": []}, "hflip": {"executed_lines": [], "summary": {"covered_lines": 0, "num_statements": 3, "percent_covered": 0.0, "percent_covered_display": "0", "missing_lines": 3, "excluded_lines": 0}, "missing_lines": [310, 311, 313], "excluded_lines": []}, "vflip": {"executed_lines": [], "summary": {"covered_lines": 0, "num_statements": 3, "percent_covered": 0.0, "percent_covered_display": "0", "missing_lines": 3, "excluded_lines": 0}, "missing_lines": [325, 326, 328], "excluded_lines": []}, "five_crop": {"executed_lines": [], "summary": {"covered_lines": 0, "num_statements": 13, "percent_covered": 0.0, "percent_covered_display": "0", "missing_lines": 13, "excluded_lines": 0}, "missing_lines": [346, 347, 349, 351, 352, 353, 354, 356, 357, 358, 359, 360, 361], "excluded_lines": []}, "ten_crop": {"executed_lines": [], "summary": {"covered_lines": 0, "num_statements": 9, "percent_covered": 0.0, "percent_covered_display": "0", "missing_lines": 9, "excluded_lines": 0}, "missing_lines": [384, 385, 387, 389, 391, 392, 394, 396, 397], "excluded_lines": []}, "adjust_brightness": {"executed_lines": [], "summary": {"covered_lines": 0, "num_statements": 5, "percent_covered": 0.0, "percent_covered_display": "0", "missing_lines": 5, "excluded_lines": 0}, "missing_lines": [412, 413, 415, 416, 417], "excluded_lines": []}, "adjust_contrast": {"executed_lines": [], "summary": {"covered_lines": 0, "num_statements": 5, "percent_covered": 0.0, "percent_covered_display": "0", "missing_lines": 5, "excluded_lines": 0}, "missing_lines": [432, 433, 435, 436, 437], "excluded_lines": []}, "adjust_saturation": {"executed_lines": [], "summary": {"covered_lines": 0, "num_statements": 5, "percent_covered": 0.0, "percent_covered_display": "0", "missing_lines": 5, "excluded_lines": 0}, "missing_lines": [452, 453, 455, 456, 457], "excluded_lines": []}, "adjust_hue": {"executed_lines": [], "summary": {"covered_lines": 0, "num_statements": 14, "percent_covered": 0.0, "percent_covered_display": "0", "missing_lines": 14, "excluded_lines": 0}, "missing_lines": [483, 484, 486, 487, 489, 490, 491, 493, 495, 497, 498, 499, 501, 502], "excluded_lines": []}, "adjust_gamma": {"executed_lines": [], "summary": {"covered_lines": 0, "num_statements": 11, "percent_covered": 0.0, "percent_covered_display": "0", "missing_lines": 11, "excluded_lines": 0}, "missing_lines": [522, 523, 525, 526, 528, 529, 531, 532, 533, 535, 536], "excluded_lines": []}, "rotate": {"executed_lines": [], "summary": {"covered_lines": 0, "num_statements": 3, "percent_covered": 0.0, "percent_covered_display": "0", "missing_lines": 3, "excluded_lines": 0}, "missing_lines": [559, 560, 562], "excluded_lines": []}, "to_grayscale": {"executed_lines": [], "summary": {"covered_lines": 0, "num_statements": 11, "percent_covered": 0.0, "percent_covered_display": "0", "missing_lines": 11, "excluded_lines": 0}, "missing_lines": [576, 577, 579, 580, 581, 582, 583, 584, 585, 587, 589], "excluded_lines": []}, "": {"executed_lines": [], "summary": {"covered_lines": 0, "num_statements": 35, "percent_covered": 0.0, "percent_covered_display": "0", "missing_lines": 35, "excluded_lines": 0}, "missing_lines": [8, 9, 10, 11, 12, 13, 14, 15, 16, 17, 18, 19, 22, 29, 33, 37, 91, 154, 175, 212, 218, 249, 268, 278, 301, 316, 331, 364, 400, 420, 440, 460, 505, 539, 565], "excluded_lines": []}}, "classes": {"": {"executed_lines": [], "summary": {"covered_lines": 0, "num_statements": 231, "percent_covered": 0.0, "percent_covered_display": "0", "missing_lines": 231, "excluded_lines": 0}, "missing_lines": [8, 9, 10, 11, 12, 13, 14, 15, 16, 17, 18, 19, 22, 23, 24, 26, 29, 30, 33, 34, 37, 48, 49, 51, 54, 55, 57, 60, 61, 62, 63, 64, 67, 68, 69, 70, 72, 74, 75, 76, 77, 79, 80, 83, 84, 86, 88, 91, 105, 106, 108, 109, 110, 111, 112, 114, 115, 118, 119, 120, 121, 122, 123, 124, 125, 126, 127, 128, 129, 130, 132, 134, 135, 136, 137, 139, 140, 142, 143, 144, 145, 146, 148, 149, 151, 154, 167, 168, 170, 171, 172, 175, 191, 192, 193, 194, 196, 197, 198, 199, 200, 201, 202, 203, 205, 206, 207, 209, 212, 213, 215, 218, 234, 235, 237, 238, 239, 240, 242, 243, 246, 249, 262, 263, 265, 268, 269, 270, 271, 272, 273, 274, 275, 278, 295, 296, 297, 298, 301, 310, 311, 313, 316, 325, 326, 328, 331, 346, 347, 349, 351, 352, 353, 354, 356, 357, 358, 359, 360, 361, 364, 384, 385, 387, 389, 391, 392, 394, 396, 397, 400, 412, 413, 415, 416, 417, 420, 432, 433, 435, 436, 437, 440, 452, 453, 455, 456, 457, 460, 483, 484, 486, 487, 489, 490, 491, 493, 495, 497, 498, 499, 501, 502, 505, 522, 523, 525, 526, 528, 529, 531, 532, 533, 535, 536, 539, 559, 560, 562, 565, 576, 577, 579, 580, 581, 582, 583, 584, 585, 587, 589], "excluded_lines": []}}}, "src/antispoof/data_io/transform.py": {"executed_lines": [], "summary": {"covered_lines": 0, "num_statements": 120, "percent_covered": 0.0, "percent_covered_display": "0", "missing_lines": 120, "excluded_lines": 0}, "missing_lines": [8, 9, 10, 11, 12, 13, 14, 15, 16, 17, 18, 20, 22, 26, 39, 40, 42, 43, 44, 45, 48, 56, 64, 67, 74, 75, 76, 78, 79, 82, 98, 99, 101, 110, 113, 124, 125, 126, 128, 136, 139, 142, 150, 151, 152, 155, 170, 171, 172, 174, 175, 176, 177, 179, 180, 192, 193, 194, 195, 197, 198, 200, 201, 203, 204, 205, 206, 209, 210, 211, 212, 214, 222, 223, 226, 239, 240, 241, 242, 243, 245, 246, 255, 256, 257, 258, 260, 261, 262, 264, 265, 266, 268, 269, 270, 272, 273, 275, 277, 285, 287, 290, 310, 311, 312, 313, 314, 316, 317, 318, 320, 321, 322, 324, 325, 331, 333, 335, 343, 345], "excluded_lines": [], "functions": {"Compose.__init__": {"executed_lines": [], "summary": {"covered_lines": 0, "num_statements": 1, "percent_covered": 0.0, "percent_covered_display": "0", "missing_lines": 1, "excluded_lines": 0}, "missing_lines": [40], "excluded_lines": []}, "Compose.__call__": {"executed_lines": [], "summary": {"covered_lines": 0, "num_statements": 3, "percent_covered": 0.0, "percent_covered_display": "0", "missing_lines": 3, "excluded_lines": 0}, "missing_lines": [43, 44, 45], "excluded_lines": []}, "ToTensor.__call__": {"executed_lines": [], "summary": {"covered_lines": 0, "num_statements": 1, "percent_covered": 0.0, "percent_covered_display": "0", "missing_lines": 1, "excluded_lines": 0}, "missing_lines": [64], "excluded_lines": []}, "Lambda.__init__": {"executed_lines": [], "summary": {"covered_lines": 0, "num_statements": 2, "percent_covered": 0.0, "percent_covered_display": "0", "missing_lines": 2, "excluded_lines": 0}, "missing_lines": [75, 76], "excluded_lines": []}, "Lambda.__call__": {"executed_lines": [], "summary": {"covered_lines": 0, "num_statements": 1, "percent_covered": 0.0, "percent_covered_display": "0", "missing_lines": 1, "excluded_lines": 0}, "missing_lines": [79], "excluded_lines": []}, "ToPILImage.__init__": {"executed_lines": [], "summary": {"covered_lines": 0, "num_statements": 1, "percent_covered": 0.0, "percent_covered_display": "0", "missing_lines": 1, "excluded_lines": 0}, "missing_lines": [99], "excluded_lines": []}, "ToPILImage.__call__": {"executed_lines": [], "summary": {"covered_lines": 0, "num_statements": 1, "percent_covered": 0.0, "percent_covered_display": "0", "missing_lines": 1, "excluded_lines": 0}, "missing_lines": [110], "excluded_lines": []}, "Normalize.__init__": {"executed_lines": [], "summary": {"covered_lines": 0, "num_statements": 2, "percent_covered": 0.0, "percent_covered_display": "0", "missing_lines": 2, "excluded_lines": 0}, "missing_lines": [125, 126], "excluded_lines": []}, "Normalize.__call__": {"executed_lines": [], "summary": {"covered_lines": 0, "num_statements": 1, "percent_covered": 0.0, "percent_covered_display": "0", "missing_lines": 1, "excluded_lines": 0}, "missing_lines": [136], "excluded_lines": []}, "RandomHorizontalFlip.__call__": {"executed_lines": [], "summary": {"covered_lines": 0, "num_statements": 3, "percent_covered": 0.0, "percent_covered_display": "0", "missing_lines": 3, "excluded_lines": 0}, "missing_lines": [150, 151, 152], "excluded_lines": []}, "RandomResizedCrop.__init__": {"executed_lines": [], "summary": {"covered_lines": 0, "num_statements": 6, "percent_covered": 0.0, "percent_covered_display": "0", "missing_lines": 6, "excluded_lines": 0}, "missing_lines": [171, 172, 174, 175, 176, 177], "excluded_lines": []}, "RandomResizedCrop.get_params": {"executed_lines": [], "summary": {"covered_lines": 0, "num_statements": 16, "percent_covered": 0.0, "percent_covered_display": "0", "missing_lines": 16, "excluded_lines": 0}, "missing_lines": [192, 193, 194, 195, 197, 198, 200, 201, 203, 204, 205, 206, 209, 210, 211, 212], "excluded_lines": []}, "RandomResizedCrop.__call__": {"executed_lines": [], "summary": {"covered_lines": 0, "num_statements": 2, "percent_covered": 0.0, "percent_covered_display": "0", "missing_lines": 2, "excluded_lines": 0}, "missing_lines": [222, 223], "excluded_lines": []}, "ColorJitter.__init__": {"executed_lines": [], "summary": {"covered_lines": 0, "num_statements": 4, "percent_covered": 0.0, "percent_covered_display": "0", "missing_lines": 4, "excluded_lines": 0}, "missing_lines": [240, 241, 242, 243], "excluded_lines": []}, "ColorJitter.get_params": {"executed_lines": [], "summary": {"covered_lines": 0, "num_statements": 16, "percent_covered": 0.0, "percent_covered_display": "0", "missing_lines": 16, "excluded_lines": 0}, "missing_lines": [255, 256, 257, 258, 260, 261, 262, 264, 265, 266, 268, 269, 270, 272, 273, 275], "excluded_lines": []}, "ColorJitter.__call__": {"executed_lines": [], "summary": {"covered_lines": 0, "num_statements": 2, "percent_covered": 0.0, "percent_covered_display": "0", "missing_lines": 2, "excluded_lines": 0}, "missing_lines": [285, 287], "excluded_lines": []}, "RandomRotation.__init__": {"executed_lines": [], "summary": {"covered_lines": 0, "num_statements": 10, "percent_covered": 0.0, "percent_covered_display": "0", "missing_lines": 10, "excluded_lines": 0}, "missing_lines": [311, 312, 313, 314, 316, 317, 318, 320, 321, 322], "excluded_lines": []}, "RandomRotation.get_params": {"executed_lines": [], "summary": {"covered_lines": 0, "num_statements": 2, "percent_covered": 0.0, "percent_covered_display": "0", "missing_lines": 2, "excluded_lines": 0}, "missing_lines": [331, 333], "excluded_lines": []}, "RandomRotation.__call__": {"executed_lines": [], "summary": {"covered_lines": 0, "num_statements": 2, "percent_covered": 0.0, "percent_covered_display": "0", "missing_lines": 2, "excluded_lines": 0}, "missing_lines": [343, 345], "excluded_lines": []}, "": {"executed_lines": [], "summary": {"covered_lines": 0, "num_statements": 44, "percent_covered": 0.0, "percent_covered_display": "0", "missing_lines": 44, "excluded_lines": 0}, "missing_lines": [8, 9, 10, 11, 12, 13, 14, 15, 16, 17, 18, 20, 22, 26, 39, 42, 48, 56, 67, 74, 78, 82, 98, 101, 113, 124, 128, 139, 142, 155, 170, 179, 180, 214, 226, 239, 245, 246, 277, 290, 310, 324, 325, 335], "excluded_lines": []}}, "classes": {"Compose": {"executed_lines": [], "summary": {"covered_lines": 0, "num_statements": 4, "percent_covered": 0.0, "percent_covered_display": "0", "missing_lines": 4, "excluded_lines": 0}, "missing_lines": [40, 43, 44, 45], "excluded_lines": []}, "ToTensor": {"executed_lines": [], "summary": {"covered_lines": 0, "num_statements": 1, "percent_covered": 0.0, "percent_covered_display": "0", "missing_lines": 1, "excluded_lines": 0}, "missing_lines": [64], "excluded_lines": []}, "Lambda": {"executed_lines": [], "summary": {"covered_lines": 0, "num_statements": 3, "percent_covered": 0.0, "percent_covered_display": "0", "missing_lines": 3, "excluded_lines": 0}, "missing_lines": [75, 76, 79], "excluded_lines": []}, "ToPILImage": {"executed_lines": [], "summary": {"covered_lines": 0, "num_statements": 2, "percent_covered": 0.0, "percent_covered_display": "0", "missing_lines": 2, "excluded_lines": 0}, "missing_lines": [99, 110], "excluded_lines": []}, "Normalize": {"executed_lines": [], "summary": {"covered_lines": 0, "num_statements": 3, "percent_covered": 0.0, "percent_covered_display": "0", "missing_lines": 3, "excluded_lines": 0}, "missing_lines": [125, 126, 136], "excluded_lines": []}, "RandomHorizontalFlip": {"executed_lines": [], "summary": {"covered_lines": 0, "num_statements": 3, "percent_covered": 0.0, "percent_covered_display": "0", "missing_lines": 3, "excluded_lines": 0}, "missing_lines": [150, 151, 152], "excluded_lines": []}, "RandomResizedCrop": {"executed_lines": [], "summary": {"covered_lines": 0, "num_statements": 24, "percent_covered": 0.0, "percent_covered_display": "0", "missing_lines": 24, "excluded_lines": 0}, "missing_lines": [171, 172, 174, 175, 176, 177, 192, 193, 194, 195, 197, 198, 200, 201, 203, 204, 205, 206, 209, 210, 211, 212, 222, 223], "excluded_lines": []}, "ColorJitter": {"executed_lines": [], "summary": {"covered_lines": 0, "num_statements": 22, "percent_covered": 0.0, "percent_covered_display": "0", "missing_lines": 22, "excluded_lines": 0}, "missing_lines": [240, 241, 242, 243, 255, 256, 257, 258, 260, 261, 262, 264, 265, 266, 268, 269, 270, 272, 273, 275, 285, 287], "excluded_lines": []}, "RandomRotation": {"executed_lines": [], "summary": {"covered_lines": 0, "num_statements": 14, "percent_covered": 0.0, "percent_covered_display": "0", "missing_lines": 14, "excluded_lines": 0}, "missing_lines": [311, 312, 313, 314, 316, 317, 318, 320, 321, 322, 331, 333, 343, 345], "excluded_lines": []}, "": {"executed_lines": [], "summary": {"covered_lines": 0, "num_statements": 44, "percent_covered": 0.0, "percent_covered_display": "0", "missing_lines": 44, "excluded_lines": 0}, "missing_lines": [8, 9, 10, 11, 12, 13, 14, 15, 16, 17, 18, 20, 22, 26, 39, 42, 48, 56, 67, 74, 78, 82, 98, 101, 113, 124, 128, 139, 142, 155, 170, 179, 180, 214, 226, 239, 245, 246, 277, 290, 310, 324, 325, 335], "excluded_lines": []}}}, "src/antispoof/model_lib/MiniFASNet.py": {"executed_lines": [], "summary": {"covered_lines": 0, "num_statements": 196, "percent_covered": 0.0, "percent_covered_display": "0", "missing_lines": 196, "excluded_lines": 0}, "missing_lines": [7, 8, 9, 13, 14, 15, 18, 19, 20, 23, 24, 25, 26, 28, 29, 31, 32, 33, 34, 35, 38, 39, 40, 41, 43, 45, 46, 47, 48, 51, 52, 53, 54, 55, 56, 57, 58, 59, 60, 62, 63, 64, 65, 66, 67, 68, 69, 71, 72, 75, 76, 77, 78, 79, 80, 81, 82, 83, 85, 87, 88, 91, 92, 93, 94, 95, 97, 98, 99, 101, 102, 104, 105, 106, 107, 108, 109, 110, 111, 112, 113, 116, 117, 118, 119, 120, 121, 122, 123, 124, 125, 129, 131, 133, 134, 137, 138, 139, 140, 141, 142, 143, 144, 145, 146, 147, 149, 150, 151, 152, 153, 154, 155, 156, 157, 159, 160, 163, 164, 166, 167, 169, 170, 172, 173, 174, 176, 178, 179, 180, 182, 184, 185, 186, 188, 190, 192, 194, 197, 199, 200, 201, 203, 205, 206, 207, 209, 210, 211, 212, 213, 214, 215, 216, 218, 219, 220, 221, 222, 223, 224, 225, 226, 227, 228, 229, 230, 231, 232, 233, 234, 235, 238, 239, 240, 243, 244, 245, 247, 249, 251, 253, 256, 258, 259, 260, 261, 265, 279, 281, 285, 287, 289, 291, 294, 296], "excluded_lines": [], "functions": {"L2Norm.forward": {"executed_lines": [], "summary": {"covered_lines": 0, "num_statements": 1, "percent_covered": 0.0, "percent_covered_display": "0", "missing_lines": 1, "excluded_lines": 0}, "missing_lines": [15], "excluded_lines": []}, "Flatten.forward": {"executed_lines": [], "summary": {"covered_lines": 0, "num_statements": 1, "percent_covered": 0.0, "percent_covered_display": "0", "missing_lines": 1, "excluded_lines": 0}, "missing_lines": [20], "excluded_lines": []}, "Conv_block.__init__": {"executed_lines": [], "summary": {"covered_lines": 0, "num_statements": 4, "percent_covered": 0.0, "percent_covered_display": "0", "missing_lines": 4, "excluded_lines": 0}, "missing_lines": [25, 26, 28, 29], "excluded_lines": []}, "Conv_block.forward": {"executed_lines": [], "summary": {"covered_lines": 0, "num_statements": 4, "percent_covered": 0.0, "percent_covered_display": "0", "missing_lines": 4, "excluded_lines": 0}, "missing_lines": [32, 33, 34, 35], "excluded_lines": []}, "Linear_block.__init__": {"executed_lines": [], "summary": {"covered_lines": 0, "num_statements": 3, "percent_covered": 0.0, "percent_covered_display": "0", "missing_lines": 3, "excluded_lines": 0}, "missing_lines": [40, 41, 43], "excluded_lines": []}, "Linear_block.forward": {"executed_lines": [], "summary": {"covered_lines": 0, "num_statements": 3, "percent_covered": 0.0, "percent_covered_display": "0", "missing_lines": 3, "excluded_lines": 0}, "missing_lines": [46, 47, 48], "excluded_lines": []}, "Depth_Wise.__init__": {"executed_lines": [], "summary": {"covered_lines": 0, "num_statements": 8, "percent_covered": 0.0, "percent_covered_display": "0", "missing_lines": 8, "excluded_lines": 0}, "missing_lines": [53, 54, 55, 56, 57, 58, 59, 60], "excluded_lines": []}, "Depth_Wise.forward": {"executed_lines": [], "summary": {"covered_lines": 0, "num_statements": 9, "percent_covered": 0.0, "percent_covered_display": "0", "missing_lines": 9, "excluded_lines": 0}, "missing_lines": [63, 64, 65, 66, 67, 68, 69, 71, 72], "excluded_lines": []}, "Residual.__init__": {"executed_lines": [], "summary": {"covered_lines": 0, "num_statements": 8, "percent_covered": 0.0, "percent_covered_display": "0", "missing_lines": 8, "excluded_lines": 0}, "missing_lines": [77, 78, 79, 80, 81, 82, 83, 85], "excluded_lines": []}, "Residual.forward": {"executed_lines": [], "summary": {"covered_lines": 0, "num_statements": 1, "percent_covered": 0.0, "percent_covered_display": "0", "missing_lines": 1, "excluded_lines": 0}, "missing_lines": [88], "excluded_lines": []}, "SEModule.__init__": {"executed_lines": [], "summary": {"covered_lines": 0, "num_statements": 8, "percent_covered": 0.0, "percent_covered_display": "0", "missing_lines": 8, "excluded_lines": 0}, "missing_lines": [93, 94, 95, 97, 98, 99, 101, 102], "excluded_lines": []}, "SEModule.forward": {"executed_lines": [], "summary": {"covered_lines": 0, "num_statements": 9, "percent_covered": 0.0, "percent_covered_display": "0", "missing_lines": 9, "excluded_lines": 0}, "missing_lines": [105, 106, 107, 108, 109, 110, 111, 112, 113], "excluded_lines": []}, "ResidualSE.__init__": {"executed_lines": [], "summary": {"covered_lines": 0, "num_statements": 10, "percent_covered": 0.0, "percent_covered_display": "0", "missing_lines": 10, "excluded_lines": 0}, "missing_lines": [118, 119, 120, 121, 122, 123, 124, 125, 129, 131], "excluded_lines": []}, "ResidualSE.forward": {"executed_lines": [], "summary": {"covered_lines": 0, "num_statements": 1, "percent_covered": 0.0, "percent_covered_display": "0", "missing_lines": 1, "excluded_lines": 0}, "missing_lines": [134], "excluded_lines": []}, "Depth_Wise_SE.__init__": {"executed_lines": [], "summary": {"covered_lines": 0, "num_statements": 9, "percent_covered": 0.0, "percent_covered_display": "0", "missing_lines": 9, "excluded_lines": 0}, "missing_lines": [139, 140, 141, 142, 143, 144, 145, 146, 147], "excluded_lines": []}, "Depth_Wise_SE.forward": {"executed_lines": [], "summary": {"covered_lines": 0, "num_statements": 10, "percent_covered": 0.0, "percent_covered_display": "0", "missing_lines": 10, "excluded_lines": 0}, "missing_lines": [150, 151, 152, 153, 154, 155, 156, 157, 159, 160], "excluded_lines": []}, "MiniFASNet.__init__": {"executed_lines": [], "summary": {"covered_lines": 0, "num_statements": 35, "percent_covered": 0.0, "percent_covered_display": "0", "missing_lines": 35, "excluded_lines": 0}, "missing_lines": [166, 167, 169, 170, 172, 173, 174, 176, 178, 179, 180, 182, 184, 185, 186, 188, 190, 192, 194, 197, 199, 200, 201, 203, 205, 206, 207, 209, 210, 211, 212, 213, 214, 215, 216], "excluded_lines": []}, "MiniFASNet.forward": {"executed_lines": [], "summary": {"covered_lines": 0, "num_statements": 17, "percent_covered": 0.0, "percent_covered_display": "0", "missing_lines": 17, "excluded_lines": 0}, "missing_lines": [219, 220, 221, 222, 223, 224, 225, 226, 227, 228, 229, 230, 231, 232, 233, 234, 235], "excluded_lines": []}, "MiniFASNetSE.__init__": {"executed_lines": [], "summary": {"covered_lines": 0, "num_statements": 13, "percent_covered": 0.0, "percent_covered_display": "0", "missing_lines": 13, "excluded_lines": 0}, "missing_lines": [240, 243, 244, 245, 247, 249, 251, 253, 256, 258, 259, 260, 261], "excluded_lines": []}, "MiniFASNetV1": {"executed_lines": [], "summary": {"covered_lines": 0, "num_statements": 1, "percent_covered": 0.0, "percent_covered_display": "0", "missing_lines": 1, "excluded_lines": 0}, "missing_lines": [281], "excluded_lines": []}, "MiniFASNetV2": {"executed_lines": [], "summary": {"covered_lines": 0, "num_statements": 1, "percent_covered": 0.0, "percent_covered_display": "0", "missing_lines": 1, "excluded_lines": 0}, "missing_lines": [287], "excluded_lines": []}, "MiniFASNetV1SE": {"executed_lines": [], "summary": {"covered_lines": 0, "num_statements": 1, "percent_covered": 0.0, "percent_covered_display": "0", "missing_lines": 1, "excluded_lines": 0}, "missing_lines": [291], "excluded_lines": []}, "MiniFASNetV2SE": {"executed_lines": [], "summary": {"covered_lines": 0, "num_statements": 1, "percent_covered": 0.0, "percent_covered_display": "0", "missing_lines": 1, "excluded_lines": 0}, "missing_lines": [296], "excluded_lines": []}, "": {"executed_lines": [], "summary": {"covered_lines": 0, "num_statements": 38, "percent_covered": 0.0, "percent_covered_display": "0", "missing_lines": 38, "excluded_lines": 0}, "missing_lines": [7, 8, 9, 13, 14, 18, 19, 23, 24, 31, 38, 39, 45, 51, 52, 62, 75, 76, 87, 91, 92, 104, 116, 117, 133, 137, 138, 149, 163, 164, 218, 238, 239, 265, 279, 285, 289, 294], "excluded_lines": []}}, "classes": {"L2Norm": {"executed_lines": [], "summary": {"covered_lines": 0, "num_statements": 1, "percent_covered": 0.0, "percent_covered_display": "0", "missing_lines": 1, "excluded_lines": 0}, "missing_lines": [15], "excluded_lines": []}, "Flatten": {"executed_lines": [], "summary": {"covered_lines": 0, "num_statements": 1, "percent_covered": 0.0, "percent_covered_display": "0", "missing_lines": 1, "excluded_lines": 0}, "missing_lines": [20], "excluded_lines": []}, "Conv_block": {"executed_lines": [], "summary": {"covered_lines": 0, "num_statements": 8, "percent_covered": 0.0, "percent_covered_display": "0", "missing_lines": 8, "excluded_lines": 0}, "missing_lines": [25, 26, 28, 29, 32, 33, 34, 35], "excluded_lines": []}, "Linear_block": {"executed_lines": [], "summary": {"covered_lines": 0, "num_statements": 6, "percent_covered": 0.0, "percent_covered_display": "0", "missing_lines": 6, "excluded_lines": 0}, "missing_lines": [40, 41, 43, 46, 47, 48], "excluded_lines": []}, "Depth_Wise": {"executed_lines": [], "summary": {"covered_lines": 0, "num_statements": 17, "percent_covered": 0.0, "percent_covered_display": "0", "missing_lines": 17, "excluded_lines": 0}, "missing_lines": [53, 54, 55, 56, 57, 58, 59, 60, 63, 64, 65, 66, 67, 68, 69, 71, 72], "excluded_lines": []}, "Residual": {"executed_lines": [], "summary": {"covered_lines": 0, "num_statements": 9, "percent_covered": 0.0, "percent_covered_display": "0", "missing_lines": 9, "excluded_lines": 0}, "missing_lines": [77, 78, 79, 80, 81, 82, 83, 85, 88], "excluded_lines": []}, "SEModule": {"executed_lines": [], "summary": {"covered_lines": 0, "num_statements": 17, "percent_covered": 0.0, "percent_covered_display": "0", "missing_lines": 17, "excluded_lines": 0}, "missing_lines": [93, 94, 95, 97, 98, 99, 101, 102, 105, 106, 107, 108, 109, 110, 111, 112, 113], "excluded_lines": []}, "ResidualSE": {"executed_lines": [], "summary": {"covered_lines": 0, "num_statements": 11, "percent_covered": 0.0, "percent_covered_display": "0", "missing_lines": 11, "excluded_lines": 0}, "missing_lines": [118, 119, 120, 121, 122, 123, 124, 125, 129, 131, 134], "excluded_lines": []}, "Depth_Wise_SE": {"executed_lines": [], "summary": {"covered_lines": 0, "num_statements": 19, "percent_covered": 0.0, "percent_covered_display": "0", "missing_lines": 19, "excluded_lines": 0}, "missing_lines": [139, 140, 141, 142, 143, 144, 145, 146, 147, 150, 151, 152, 153, 154, 155, 156, 157, 159, 160], "excluded_lines": []}, "MiniFASNet": {"executed_lines": [], "summary": {"covered_lines": 0, "num_statements": 52, "percent_covered": 0.0, "percent_covered_display": "0", "missing_lines": 52, "excluded_lines": 0}, "missing_lines": [166, 167, 169, 170, 172, 173, 174, 176, 178, 179, 180, 182, 184, 185, 186, 188, 190, 192, 194, 197, 199, 200, 201, 203, 205, 206, 207, 209, 210, 211, 212, 213, 214, 215, 216, 219, 220, 221, 222, 223, 224, 225, 226, 227, 228, 229, 230, 231, 232, 233, 234, 235], "excluded_lines": []}, "MiniFASNetSE": {"executed_lines": [], "summary": {"covered_lines": 0, "num_statements": 13, "percent_covered": 0.0, "percent_covered_display": "0", "missing_lines": 13, "excluded_lines": 0}, "missing_lines": [240, 243, 244, 245, 247, 249, 251, 253, 256, 258, 259, 260, 261], "excluded_lines": []}, "": {"executed_lines": [], "summary": {"covered_lines": 0, "num_statements": 42, "percent_covered": 0.0, "percent_covered_display": "0", "missing_lines": 42, "excluded_lines": 0}, "missing_lines": [7, 8, 9, 13, 14, 18, 19, 23, 24, 31, 38, 39, 45, 51, 52, 62, 75, 76, 87, 91, 92, 104, 116, 117, 133, 137, 138, 149, 163, 164, 218, 238, 239, 265, 279, 281, 285, 287, 289, 291, 294, 296], "excluded_lines": []}}}, "src/antispoof/model_lib/MultiFTNet.py": {"executed_lines": [], "summary": {"covered_lines": 0, "num_statements": 50, "percent_covered": 0.0, "percent_covered_display": "0", "missing_lines": 50, "excluded_lines": 0}, "missing_lines": [7, 8, 9, 12, 13, 14, 16, 30, 31, 34, 35, 36, 37, 38, 39, 41, 42, 44, 45, 46, 47, 48, 49, 50, 51, 52, 53, 54, 55, 56, 58, 59, 60, 61, 62, 63, 64, 65, 66, 67, 68, 69, 70, 71, 72, 73, 75, 76, 77, 79], "excluded_lines": [], "functions": {"FTGenerator.__init__": {"executed_lines": [], "summary": {"covered_lines": 0, "num_statements": 2, "percent_covered": 0.0, "percent_covered_display": "0", "missing_lines": 2, "excluded_lines": 0}, "missing_lines": [14, 16], "excluded_lines": []}, "FTGenerator.forward": {"executed_lines": [], "summary": {"covered_lines": 0, "num_statements": 1, "percent_covered": 0.0, "percent_covered_display": "0", "missing_lines": 1, "excluded_lines": 0}, "missing_lines": [31], "excluded_lines": []}, "MultiFTNet.__init__": {"executed_lines": [], "summary": {"covered_lines": 0, "num_statements": 6, "percent_covered": 0.0, "percent_covered_display": "0", "missing_lines": 6, "excluded_lines": 0}, "missing_lines": [36, 37, 38, 39, 41, 42], "excluded_lines": []}, "MultiFTNet._initialize_weights": {"executed_lines": [], "summary": {"covered_lines": 0, "num_statements": 12, "percent_covered": 0.0, "percent_covered_display": "0", "missing_lines": 12, "excluded_lines": 0}, "missing_lines": [45, 46, 47, 48, 49, 50, 51, 52, 53, 54, 55, 56], "excluded_lines": []}, "MultiFTNet.forward": {"executed_lines": [], "summary": {"covered_lines": 0, "num_statements": 19, "percent_covered": 0.0, "percent_covered_display": "0", "missing_lines": 19, "excluded_lines": 0}, "missing_lines": [59, 60, 61, 62, 63, 64, 65, 66, 67, 68, 69, 70, 71, 72, 73, 75, 76, 77, 79], "excluded_lines": []}, "": {"executed_lines": [], "summary": {"covered_lines": 0, "num_statements": 10, "percent_covered": 0.0, "percent_covered_display": "0", "missing_lines": 10, "excluded_lines": 0}, "missing_lines": [7, 8, 9, 12, 13, 30, 34, 35, 44, 58], "excluded_lines": []}}, "classes": {"FTGenerator": {"executed_lines": [], "summary": {"covered_lines": 0, "num_statements": 3, "percent_covered": 0.0, "percent_covered_display": "0", "missing_lines": 3, "excluded_lines": 0}, "missing_lines": [14, 16, 31], "excluded_lines": []}, "MultiFTNet": {"executed_lines": [], "summary": {"covered_lines": 0, "num_statements": 37, "percent_covered": 0.0, "percent_covered_display": "0", "missing_lines": 37, "excluded_lines": 0}, "missing_lines": [36, 37, 38, 39, 41, 42, 45, 46, 47, 48, 49, 50, 51, 52, 53, 54, 55, 56, 59, 60, 61, 62, 63, 64, 65, 66, 67, 68, 69, 70, 71, 72, 73, 75, 76, 77, 79], "excluded_lines": []}, "": {"executed_lines": [], "summary": {"covered_lines": 0, "num_statements": 10, "percent_covered": 0.0, "percent_covered_display": "0", "missing_lines": 10, "excluded_lines": 0}, "missing_lines": [7, 8, 9, 12, 13, 30, 34, 35, 44, 58], "excluded_lines": []}}}, "src/antispoof/model_lib/__init__.py": {"executed_lines": [], "summary": {"covered_lines": 0, "num_statements": 0, "percent_covered": 100.0, "percent_covered_display": "100", "missing_lines": 0, "excluded_lines": 0}, "missing_lines": [], "excluded_lines": [], "functions": {"": {"executed_lines": [], "summary": {"covered_lines": 0, "num_statements": 0, "percent_covered": 100.0, "percent_covered_display": "100", "missing_lines": 0, "excluded_lines": 0}, "missing_lines": [], "excluded_lines": []}}, "classes": {"": {"executed_lines": [], "summary": {"covered_lines": 0, "num_statements": 0, "percent_covered": 100.0, "percent_covered_display": "100", "missing_lines": 0, "excluded_lines": 0}, "missing_lines": [], "excluded_lines": []}}}, "src/antispoof/predictor.py": {"executed_lines": [], "summary": {"covered_lines": 0, "num_statements": 145, "percent_covered": 0.0, "percent_covered_display": "0", "missing_lines": 145, "excluded_lines": 0}, "missing_lines": [3, 4, 5, 6, 7, 8, 9, 10, 11, 13, 15, 21, 22, 24, 32, 35, 43, 44, 45, 48, 49, 50, 52, 53, 54, 58, 60, 61, 62, 63, 66, 67, 69, 70, 76, 77, 79, 80, 81, 82, 85, 86, 90, 95, 96, 98, 99, 109, 110, 114, 118, 120, 134, 135, 137, 138, 140, 141, 144, 147, 148, 149, 150, 153, 154, 157, 158, 167, 170, 171, 172, 173, 176, 178, 180, 181, 183, 184, 189, 190, 191, 192, 194, 195, 198, 201, 215, 220, 221, 222, 224, 235, 236, 239, 240, 241, 244, 247, 248, 249, 252, 253, 255, 256, 257, 258, 259, 261, 263, 264, 265, 267, 281, 282, 283, 286, 288, 289, 290, 293, 295, 314, 315, 317, 318, 321, 324, 328, 329, 334, 336, 339, 340, 342, 343, 346, 356, 359, 360, 362, 363, 366, 368, 369, 370], "excluded_lines": [], "functions": {"FaceDetector.__init__": {"executed_lines": [], "summary": {"covered_lines": 0, "num_statements": 35, "percent_covered": 0.0, "percent_covered_display": "0", "missing_lines": 35, "excluded_lines": 0}, "missing_lines": [43, 44, 45, 48, 49, 50, 52, 53, 54, 58, 60, 61, 62, 63, 66, 67, 69, 70, 76, 77, 79, 80, 81, 82, 85, 86, 90, 95, 96, 98, 99, 109, 110, 114, 118], "excluded_lines": []}, "FaceDetector.get_bbox": {"executed_lines": [], "summary": {"covered_lines": 0, "num_statements": 32, "percent_covered": 0.0, "percent_covered_display": "0", "missing_lines": 32, "excluded_lines": 0}, "missing_lines": [134, 135, 137, 138, 140, 141, 144, 147, 148, 149, 150, 153, 154, 157, 158, 167, 170, 171, 172, 173, 176, 178, 180, 181, 183, 184, 189, 190, 191, 192, 194, 195], "excluded_lines": []}, "AntiSpoofPredictor.__init__": {"executed_lines": [], "summary": {"covered_lines": 0, "num_statements": 4, "percent_covered": 0.0, "percent_covered_display": "0", "missing_lines": 4, "excluded_lines": 0}, "missing_lines": [215, 220, 221, 222], "excluded_lines": []}, "AntiSpoofPredictor._load_model": {"executed_lines": [], "summary": {"covered_lines": 0, "num_statements": 20, "percent_covered": 0.0, "percent_covered_display": "0", "missing_lines": 20, "excluded_lines": 0}, "missing_lines": [235, 236, 239, 240, 241, 244, 247, 248, 249, 252, 253, 255, 256, 257, 258, 259, 261, 263, 264, 265], "excluded_lines": []}, "AntiSpoofPredictor.predict_single": {"executed_lines": [], "summary": {"covered_lines": 0, "num_statements": 8, "percent_covered": 0.0, "percent_covered_display": "0", "missing_lines": 8, "excluded_lines": 0}, "missing_lines": [281, 282, 283, 286, 288, 289, 290, 293], "excluded_lines": []}, "AntiSpoofPredictor.predict": {"executed_lines": [], "summary": {"covered_lines": 0, "num_statements": 24, "percent_covered": 0.0, "percent_covered_display": "0", "missing_lines": 24, "excluded_lines": 0}, "missing_lines": [314, 315, 317, 318, 321, 324, 328, 329, 334, 336, 339, 340, 342, 343, 346, 356, 359, 360, 362, 363, 366, 368, 369, 370], "excluded_lines": []}, "": {"executed_lines": [], "summary": {"covered_lines": 0, "num_statements": 22, "percent_covered": 0.0, "percent_covered_display": "0", "missing_lines": 22, "excluded_lines": 0}, "missing_lines": [3, 4, 5, 6, 7, 8, 9, 10, 11, 13, 15, 21, 22, 24, 32, 35, 120, 198, 201, 224, 267, 295], "excluded_lines": []}}, "classes": {"FaceDetector": {"executed_lines": [], "summary": {"covered_lines": 0, "num_statements": 67, "percent_covered": 0.0, "percent_covered_display": "0", "missing_lines": 67, "excluded_lines": 0}, "missing_lines": [43, 44, 45, 48, 49, 50, 52, 53, 54, 58, 60, 61, 62, 63, 66, 67, 69, 70, 76, 77, 79, 80, 81, 82, 85, 86, 90, 95, 96, 98, 99, 109, 110, 114, 118, 134, 135, 137, 138, 140, 141, 144, 147, 148, 149, 150, 153, 154, 157, 158, 167, 170, 171, 172, 173, 176, 178, 180, 181, 183, 184, 189, 190, 191, 192, 194, 195], "excluded_lines": []}, "AntiSpoofPredictor": {"executed_lines": [], "summary": {"covered_lines": 0, "num_statements": 56, "percent_covered": 0.0, "percent_covered_display": "0", "missing_lines": 56, "excluded_lines": 0}, "missing_lines": [215, 220, 221, 222, 235, 236, 239, 240, 241, 244, 247, 248, 249, 252, 253, 255, 256, 257, 258, 259, 261, 263, 264, 265, 281, 282, 283, 286, 288, 289, 290, 293, 314, 315, 317, 318, 321, 324, 328, 329, 334, 336, 339, 340, 342, 343, 346, 356, 359, 360, 362, 363, 366, 368, 369, 370], "excluded_lines": []}, "": {"executed_lines": [], "summary": {"covered_lines": 0, "num_statements": 22, "percent_covered": 0.0, "percent_covered_display": "0", "missing_lines": 22, "excluded_lines": 0}, "missing_lines": [3, 4, 5, 6, 7, 8, 9, 10, 11, 13, 15, 21, 22, 24, 32, 35, 120, 198, 201, 224, 267, 295], "excluded_lines": []}}}, "src/antispoof/utility.py": {"executed_lines": [], "summary": {"covered_lines": 0, "num_statements": 11, "percent_covered": 0.0, "percent_covered_display": "0", "missing_lines": 11, "excluded_lines": 0}, "missing_lines": [4, 6, 7, 10, 23, 24, 25, 27, 28, 30, 32], "excluded_lines": [], "functions": {"get_kernel": {"executed_lines": [], "summary": {"covered_lines": 0, "num_statements": 2, "percent_covered": 0.0, "percent_covered_display": "0", "missing_lines": 2, "excluded_lines": 0}, "missing_lines": [6, 7], "excluded_lines": []}, "parse_model_name": {"executed_lines": [], "summary": {"covered_lines": 0, "num_statements": 7, "percent_covered": 0.0, "percent_covered_display": "0", "missing_lines": 7, "excluded_lines": 0}, "missing_lines": [23, 24, 25, 27, 28, 30, 32], "excluded_lines": []}, "": {"executed_lines": [], "summary": {"covered_lines": 0, "num_statements": 2, "percent_covered": 0.0, "percent_covered_display": "0", "missing_lines": 2, "excluded_lines": 0}, "missing_lines": [4, 10], "excluded_lines": []}}, "classes": {"": {"executed_lines": [], "summary": {"covered_lines": 0, "num_statements": 11, "percent_covered": 0.0, "percent_covered_display": "0", "missing_lines": 11, "excluded_lines": 0}, "missing_lines": [4, 6, 7, 10, 23, 24, 25, 27, 28, 30, 32], "excluded_lines": []}}}, "src/api/__init__.py": {"executed_lines": [1], "summary": {"covered_lines": 0, "num_statements": 0, "percent_covered": 100.0, "percent_covered_display": "100", "missing_lines": 0, "excluded_lines": 0}, "missing_lines": [], "excluded_lines": [], "functions": {"": {"executed_lines": [], "summary": {"covered_lines": 0, "num_statements": 0, "percent_covered": 100.0, "percent_covered_display": "100", "missing_lines": 0, "excluded_lines": 0}, "missing_lines": [], "excluded_lines": []}}, "classes": {"": {"executed_lines": [], "summary": {"covered_lines": 0, "num_statements": 0, "percent_covered": 100.0, "percent_covered_display": "100", "missing_lines": 0, "excluded_lines": 0}, "missing_lines": [], "excluded_lines": []}}}, "src/api/routes.py": {"executed_lines": [1, 2, 3, 4, 5, 6, 8, 10, 11, 12, 14, 15, 28, 29, 30, 32, 35, 39, 40, 43, 50, 57, 59, 62, 68, 74, 75, 76, 77, 78, 84, 90, 103, 105, 107, 108, 109, 112, 113, 114, 119, 122, 133, 136, 137, 140, 148, 159, 212, 213, 214, 215, 216, 222, 228, 252, 254, 256, 259, 261, 297, 303, 306, 307, 308, 309, 312, 322, 339, 342, 343, 346, 348, 360, 361, 370, 376, 382, 383, 385, 393, 394, 395, 396, 397, 403, 409, 414, 415, 417, 418, 423, 425, 426, 427, 428, 437, 448, 472, 478, 517, 523, 528, 529, 531, 532, 537, 541, 542, 543, 544, 557, 563, 645, 646, 648, 651, 656, 689, 694, 726, 731, 758, 763], "summary": {"covered_lines": 124, "num_statements": 267, "percent_covered": 46.441947565543074, "percent_covered_display": "46", "missing_lines": 143, "excluded_lines": 0}, "missing_lines": [37, 160, 162, 164, 169, 172, 173, 174, 177, 178, 179, 180, 183, 184, 187, 197, 199, 210, 262, 263, 264, 267, 268, 271, 274, 281, 282, 283, 285, 288, 290, 291, 292, 294, 362, 363, 364, 429, 430, 431, 453, 454, 456, 462, 463, 464, 465, 466, 483, 484, 486, 487, 493, 494, 496, 505, 506, 507, 508, 509, 510, 511, 545, 546, 547, 578, 579, 584, 585, 588, 591, 593, 600, 603, 604, 610, 615, 617, 628, 629, 630, 631, 632, 633, 634, 658, 659, 661, 663, 664, 669, 670, 677, 679, 696, 698, 700, 701, 708, 711, 712, 713, 715, 717, 719, 733, 734, 736, 738, 740, 749, 750, 751, 752, 753, 755, 770, 771, 772, 774, 776, 777, 782, 784, 786, 787, 788, 790, 792, 793, 794, 795, 798, 799, 802, 810, 811, 814, 817, 819, 820, 822, 824], "excluded_lines": [], "functions": {"get_face_service": {"executed_lines": [], "summary": {"covered_lines": 0, "num_statements": 1, "percent_covered": 0.0, "percent_covered_display": "0", "missing_lines": 1, "excluded_lines": 0}, "missing_lines": [37], "excluded_lines": []}, "enroll_face": {"executed_lines": [57, 59, 62, 68, 74, 75, 76, 77, 78], "summary": {"covered_lines": 9, "num_statements": 9, "percent_covered": 100.0, "percent_covered_display": "100", "missing_lines": 0, "excluded_lines": 0}, "missing_lines": [], "excluded_lines": []}, "recognize_face": {"executed_lines": [103, 105, 107, 108, 109, 112, 113, 114, 119, 122, 133, 136, 137, 140, 148, 159, 212, 213, 214, 215, 216], "summary": {"covered_lines": 21, "num_statements": 38, "percent_covered": 55.26315789473684, "percent_covered_display": "55", "missing_lines": 17, "excluded_lines": 0}, "missing_lines": [160, 162, 164, 169, 172, 173, 174, 177, 178, 179, 180, 183, 184, 187, 197, 199, 210], "excluded_lines": []}, "recognize_multiple_faces": {"executed_lines": [252, 254, 256, 259, 261, 297, 303, 306, 307, 308, 309, 312, 322, 339, 342, 343, 346, 348, 360, 361], "summary": {"covered_lines": 20, "num_statements": 39, "percent_covered": 51.282051282051285, "percent_covered_display": "51", "missing_lines": 19, "excluded_lines": 0}, "missing_lines": [262, 263, 264, 267, 268, 271, 274, 281, 282, 283, 285, 288, 290, 291, 292, 294, 362, 363, 364], "excluded_lines": []}, "list_faces": {"executed_lines": [382, 383, 385, 393, 394, 395, 396, 397], "summary": {"covered_lines": 8, "num_statements": 8, "percent_covered": 100.0, "percent_covered_display": "100", "missing_lines": 0, "excluded_lines": 0}, "missing_lines": [], "excluded_lines": []}, "get_face": {"executed_lines": [414, 415, 417, 418, 423, 425, 426, 427, 428], "summary": {"covered_lines": 9, "num_statements": 12, "percent_covered": 75.0, "percent_covered_display": "75", "missing_lines": 3, "excluded_lines": 0}, "missing_lines": [429, 430, 431], "excluded_lines": []}, "get_face_image": {"executed_lines": [], "summary": {"covered_lines": 0, "num_statements": 8, "percent_covered": 0.0, "percent_covered_display": "0", "missing_lines": 8, "excluded_lines": 0}, "missing_lines": [453, 454, 456, 462, 463, 464, 465, 466], "excluded_lines": []}, "get_user_photos": {"executed_lines": [], "summary": {"covered_lines": 0, "num_statements": 14, "percent_covered": 0.0, "percent_covered_display": "0", "missing_lines": 14, "excluded_lines": 0}, "missing_lines": [483, 484, 486, 487, 493, 494, 496, 505, 506, 507, 508, 509, 510, 511], "excluded_lines": []}, "delete_face": {"executed_lines": [528, 529, 531, 532, 537, 541, 542, 543, 544], "summary": {"covered_lines": 9, "num_statements": 12, "percent_covered": 75.0, "percent_covered_display": "75", "missing_lines": 3, "excluded_lines": 0}, "missing_lines": [545, 546, 547], "excluded_lines": []}, "check_liveness": {"executed_lines": [], "summary": {"covered_lines": 0, "num_statements": 20, "percent_covered": 0.0, "percent_covered_display": "0", "missing_lines": 20, "excluded_lines": 0}, "missing_lines": [578, 579, 584, 585, 588, 591, 593, 600, 603, 604, 610, 615, 617, 628, 629, 630, 631, 632, 633, 634], "excluded_lines": []}, "start_webcam": {"executed_lines": [], "summary": {"covered_lines": 0, "num_statements": 9, "percent_covered": 0.0, "percent_covered_display": "0", "missing_lines": 9, "excluded_lines": 0}, "missing_lines": [658, 659, 661, 663, 664, 669, 670, 677, 679], "excluded_lines": []}, "stop_webcam": {"executed_lines": [], "summary": {"covered_lines": 0, "num_statements": 11, "percent_covered": 0.0, "percent_covered_display": "0", "missing_lines": 11, "excluded_lines": 0}, "missing_lines": [696, 698, 700, 701, 708, 711, 712, 713, 715, 717, 719], "excluded_lines": []}, "get_webcam_status": {"executed_lines": [], "summary": {"covered_lines": 0, "num_statements": 11, "percent_covered": 0.0, "percent_covered_display": "0", "missing_lines": 11, "excluded_lines": 0}, "missing_lines": [733, 734, 736, 738, 740, 749, 750, 751, 752, 753, 755], "excluded_lines": []}, "stream_webcam": {"executed_lines": [], "summary": {"covered_lines": 0, "num_statements": 8, "percent_covered": 0.0, "percent_covered_display": "0", "missing_lines": 8, "excluded_lines": 0}, "missing_lines": [770, 771, 772, 774, 776, 777, 782, 824], "excluded_lines": []}, "stream_webcam.event_generator": {"executed_lines": [], "summary": {"covered_lines": 0, "num_statements": 19, "percent_covered": 0.0, "percent_covered_display": "0", "missing_lines": 19, "excluded_lines": 0}, "missing_lines": [784, 786, 787, 788, 790, 792, 793, 794, 795, 798, 799, 802, 810, 811, 814, 817, 819, 820, 822], "excluded_lines": []}, "": {"executed_lines": [1, 2, 3, 4, 5, 6, 8, 10, 11, 12, 14, 15, 28, 29, 30, 32, 35, 39, 40, 43, 50, 84, 90, 222, 228, 370, 376, 403, 409, 437, 448, 472, 478, 517, 523, 557, 563, 645, 646, 648, 651, 656, 689, 694, 726, 731, 758, 763], "summary": {"covered_lines": 48, "num_statements": 48, "percent_covered": 100.0, "percent_covered_display": "100", "missing_lines": 0, "excluded_lines": 0}, "missing_lines": [], "excluded_lines": []}}, "classes": {"_WebcamState": {"executed_lines": [], "summary": {"covered_lines": 0, "num_statements": 0, "percent_covered": 100.0, "percent_covered_display": "100", "missing_lines": 0, "excluded_lines": 0}, "missing_lines": [], "excluded_lines": []}, "": {"executed_lines": [1, 2, 3, 4, 5, 6, 8, 10, 11, 12, 14, 15, 28, 29, 30, 32, 35, 39, 40, 43, 50, 57, 59, 62, 68, 74, 75, 76, 77, 78, 84, 90, 103, 105, 107, 108, 109, 112, 113, 114, 119, 122, 133, 136, 137, 140, 148, 159, 212, 213, 214, 215, 216, 222, 228, 252, 254, 256, 259, 261, 297, 303, 306, 307, 308, 309, 312, 322, 339, 342, 343, 346, 348, 360, 361, 370, 376, 382, 383, 385, 393, 394, 395, 396, 397, 403, 409, 414, 415, 417, 418, 423, 425, 426, 427, 428, 437, 448, 472, 478, 517, 523, 528, 529, 531, 532, 537, 541, 542, 543, 544, 557, 563, 645, 646, 648, 651, 656, 689, 694, 726, 731, 758, 763], "summary": {"covered_lines": 124, "num_statements": 267, "percent_covered": 46.441947565543074, "percent_covered_display": "46", "missing_lines": 143, "excluded_lines": 0}, "missing_lines": [37, 160, 162, 164, 169, 172, 173, 174, 177, 178, 179, 180, 183, 184, 187, 197, 199, 210, 262, 263, 264, 267, 268, 271, 274, 281, 282, 283, 285, 288, 290, 291, 292, 294, 362, 363, 364, 429, 430, 431, 453, 454, 456, 462, 463, 464, 465, 466, 483, 484, 486, 487, 493, 494, 496, 505, 506, 507, 508, 509, 510, 511, 545, 546, 547, 578, 579, 584, 585, 588, 591, 593, 600, 603, 604, 610, 615, 617, 628, 629, 630, 631, 632, 633, 634, 658, 659, 661, 663, 664, 669, 670, 677, 679, 696, 698, 700, 701, 708, 711, 712, 713, 715, 717, 719, 733, 734, 736, 738, 740, 749, 750, 751, 752, 753, 755, 770, 771, 772, 774, 776, 777, 782, 784, 786, 787, 788, 790, 792, 793, 794, 795, 798, 799, 802, 810, 811, 814, 817, 819, 820, 822, 824], "excluded_lines": []}}}, "src/api/schemas.py": {"executed_lines": [1, 2, 4, 8, 9, 11, 12, 13, 16, 17, 19, 20, 26, 27, 29, 30, 31, 32, 33, 34, 35, 36, 37, 38, 39, 40, 41, 42, 43, 45, 46, 49, 50, 52, 53, 54, 57, 58, 60, 61, 62, 63, 66, 67, 69, 70, 71, 72, 73, 74, 75, 76, 79, 80, 82, 83, 84, 85, 86, 89, 90, 92, 93, 96, 97, 99, 100, 101, 104, 105, 107, 108, 109, 110, 111, 112, 115, 116, 118, 119, 120, 124, 125, 127, 128, 129, 130, 131, 132, 133, 134, 135, 138, 139, 141, 142, 143, 144, 145, 148, 149, 151, 154, 157, 160, 163, 166, 169, 172, 177, 178, 180, 181, 182, 185, 186, 189, 190, 191, 192, 196, 197, 199, 204, 205, 207, 208, 209, 210, 211, 212, 213, 214], "summary": {"covered_lines": 116, "num_statements": 116, "percent_covered": 100.0, "percent_covered_display": "100", "missing_lines": 0, "excluded_lines": 0}, "missing_lines": [], "excluded_lines": [], "functions": {"": {"executed_lines": [1, 2, 4, 8, 9, 11, 12, 13, 16, 17, 19, 20, 26, 27, 29, 30, 31, 32, 33, 34, 35, 36, 37, 38, 39, 40, 41, 42, 43, 45, 46, 49, 50, 52, 53, 54, 57, 58, 60, 61, 62, 63, 66, 67, 69, 70, 71, 72, 73, 74, 75, 76, 79, 80, 82, 83, 84, 85, 86, 89, 90, 92, 93, 96, 97, 99, 100, 101, 104, 105, 107, 108, 109, 110, 111, 112, 115, 116, 118, 119, 120, 124, 125, 127, 128, 129, 130, 131, 132, 133, 134, 135, 138, 139, 141, 142, 143, 144, 145, 148, 149, 151, 154, 157, 160, 163, 166, 169, 172, 177, 178, 180, 181, 182, 185, 186, 189, 190, 191, 192, 196, 197, 199, 204, 205, 207, 208, 209, 210, 211, 212, 213, 214], "summary": {"covered_lines": 116, "num_statements": 116, "percent_covered": 100.0, "percent_covered_display": "100", "missing_lines": 0, "excluded_lines": 0}, "missing_lines": [], "excluded_lines": []}}, "classes": {"EnrollFaceRequest": {"executed_lines": [], "summary": {"covered_lines": 0, "num_statements": 0, "percent_covered": 100.0, "percent_covered_display": "100", "missing_lines": 0, "excluded_lines": 0}, "missing_lines": [], "excluded_lines": []}, "RecognizeFaceRequest": {"executed_lines": [], "summary": {"covered_lines": 0, "num_statements": 0, "percent_covered": 100.0, "percent_covered_display": "100", "missing_lines": 0, "excluded_lines": 0}, "missing_lines": [], "excluded_lines": []}, "FaceResponse": {"executed_lines": [], "summary": {"covered_lines": 0, "num_statements": 0, "percent_covered": 100.0, "percent_covered_display": "100", "missing_lines": 0, "excluded_lines": 0}, "missing_lines": [], "excluded_lines": []}, "FaceResponse.Config": {"executed_lines": [], "summary": {"covered_lines": 0, "num_statements": 0, "percent_covered": 100.0, "percent_covered_display": "100", "missing_lines": 0, "excluded_lines": 0}, "missing_lines": [], "excluded_lines": []}, "EnrollFaceResponse": {"executed_lines": [], "summary": {"covered_lines": 0, "num_statements": 0, "percent_covered": 100.0, "percent_covered_display": "100", "missing_lines": 0, "excluded_lines": 0}, "missing_lines": [], "excluded_lines": []}, "FaceMatchResponse": {"executed_lines": [], "summary": {"covered_lines": 0, "num_statements": 0, "percent_covered": 100.0, "percent_covered_display": "100", "missing_lines": 0, "excluded_lines": 0}, "missing_lines": [], "excluded_lines": []}, "RecognizeFaceResponse": {"executed_lines": [], "summary": {"covered_lines": 0, "num_statements": 0, "percent_covered": 100.0, "percent_covered_display": "100", "missing_lines": 0, "excluded_lines": 0}, "missing_lines": [], "excluded_lines": []}, "FaceListResponse": {"executed_lines": [], "summary": {"covered_lines": 0, "num_statements": 0, "percent_covered": 100.0, "percent_covered_display": "100", "missing_lines": 0, "excluded_lines": 0}, "missing_lines": [], "excluded_lines": []}, "DeleteFaceResponse": {"executed_lines": [], "summary": {"covered_lines": 0, "num_statements": 0, "percent_covered": 100.0, "percent_covered_display": "100", "missing_lines": 0, "excluded_lines": 0}, "missing_lines": [], "excluded_lines": []}, "ErrorResponse": {"executed_lines": [], "summary": {"covered_lines": 0, "num_statements": 0, "percent_covered": 100.0, "percent_covered_display": "100", "missing_lines": 0, "excluded_lines": 0}, "missing_lines": [], "excluded_lines": []}, "UserPhotosResponse": {"executed_lines": [], "summary": {"covered_lines": 0, "num_statements": 0, "percent_covered": 100.0, "percent_covered_display": "100", "missing_lines": 0, "excluded_lines": 0}, "missing_lines": [], "excluded_lines": []}, "HealthCheckResponse": {"executed_lines": [], "summary": {"covered_lines": 0, "num_statements": 0, "percent_covered": 100.0, "percent_covered_display": "100", "missing_lines": 0, "excluded_lines": 0}, "missing_lines": [], "excluded_lines": []}, "BoundingBoxResponse": {"executed_lines": [], "summary": {"covered_lines": 0, "num_statements": 0, "percent_covered": 100.0, "percent_covered_display": "100", "missing_lines": 0, "excluded_lines": 0}, "missing_lines": [], "excluded_lines": []}, "DetectedFaceWithMatches": {"executed_lines": [], "summary": {"covered_lines": 0, "num_statements": 0, "percent_covered": 100.0, "percent_covered_display": "100", "missing_lines": 0, "excluded_lines": 0}, "missing_lines": [], "excluded_lines": []}, "RecognizeMultipleFacesRequest": {"executed_lines": [], "summary": {"covered_lines": 0, "num_statements": 0, "percent_covered": 100.0, "percent_covered_display": "100", "missing_lines": 0, "excluded_lines": 0}, "missing_lines": [], "excluded_lines": []}, "RecognizeMultipleFacesResponse": {"executed_lines": [], "summary": {"covered_lines": 0, "num_statements": 0, "percent_covered": 100.0, "percent_covered_display": "100", "missing_lines": 0, "excluded_lines": 0}, "missing_lines": [], "excluded_lines": []}, "LivenessCheckRequest": {"executed_lines": [], "summary": {"covered_lines": 0, "num_statements": 0, "percent_covered": 100.0, "percent_covered_display": "100", "missing_lines": 0, "excluded_lines": 0}, "missing_lines": [], "excluded_lines": []}, "LivenessCheckResponse": {"executed_lines": [], "summary": {"covered_lines": 0, "num_statements": 0, "percent_covered": 100.0, "percent_covered_display": "100", "missing_lines": 0, "excluded_lines": 0}, "missing_lines": [], "excluded_lines": []}, "": {"executed_lines": [1, 2, 4, 8, 9, 11, 12, 13, 16, 17, 19, 20, 26, 27, 29, 30, 31, 32, 33, 34, 35, 36, 37, 38, 39, 40, 41, 42, 43, 45, 46, 49, 50, 52, 53, 54, 57, 58, 60, 61, 62, 63, 66, 67, 69, 70, 71, 72, 73, 74, 75, 76, 79, 80, 82, 83, 84, 85, 86, 89, 90, 92, 93, 96, 97, 99, 100, 101, 104, 105, 107, 108, 109, 110, 111, 112, 115, 116, 118, 119, 120, 124, 125, 127, 128, 129, 130, 131, 132, 133, 134, 135, 138, 139, 141, 142, 143, 144, 145, 148, 149, 151, 154, 157, 160, 163, 166, 169, 172, 177, 178, 180, 181, 182, 185, 186, 189, 190, 191, 192, 196, 197, 199, 204, 205, 207, 208, 209, 210, 211, 212, 213, 214], "summary": {"covered_lines": 116, "num_statements": 116, "percent_covered": 100.0, "percent_covered_display": "100", "missing_lines": 0, "excluded_lines": 0}, "missing_lines": [], "excluded_lines": []}}}, "src/cache/__init__.py": {"executed_lines": [1, 3, 5], "summary": {"covered_lines": 2, "num_statements": 2, "percent_covered": 100.0, "percent_covered_display": "100", "missing_lines": 0, "excluded_lines": 0}, "missing_lines": [], "excluded_lines": [], "functions": {"": {"executed_lines": [1, 3, 5], "summary": {"covered_lines": 2, "num_statements": 2, "percent_covered": 100.0, "percent_covered_display": "100", "missing_lines": 0, "excluded_lines": 0}, "missing_lines": [], "excluded_lines": []}}, "classes": {"": {"executed_lines": [1, 3, 5], "summary": {"covered_lines": 2, "num_statements": 2, "percent_covered": 100.0, "percent_covered_display": "100", "missing_lines": 0, "excluded_lines": 0}, "missing_lines": [], "excluded_lines": []}}}, "src/cache/redis_client.py": {"executed_lines": [1, 3, 4, 5, 6, 7, 8, 10, 12, 15, 16, 18, 23, 47, 54, 58, 70, 87, 91, 103, 115, 127, 141, 142, 146, 167, 170], "summary": {"covered_lines": 25, "num_statements": 110, "percent_covered": 22.727272727272727, "percent_covered_display": "23", "missing_lines": 85, "excluded_lines": 0}, "missing_lines": [19, 20, 21, 25, 26, 27, 29, 30, 37, 40, 41, 42, 43, 44, 45, 49, 50, 51, 52, 56, 60, 61, 63, 64, 65, 66, 67, 68, 77, 78, 80, 81, 82, 83, 84, 85, 89, 93, 94, 96, 97, 98, 99, 100, 101, 105, 106, 108, 109, 110, 111, 112, 113, 117, 118, 119, 121, 122, 123, 124, 125, 134, 135, 136, 137, 138, 139, 144, 148, 149, 151, 152, 153, 154, 156, 157, 158, 159, 160, 161, 162, 163, 173, 174, 175], "excluded_lines": [], "functions": {"RedisCache.__init__": {"executed_lines": [], "summary": {"covered_lines": 0, "num_statements": 3, "percent_covered": 0.0, "percent_covered_display": "0", "missing_lines": 3, "excluded_lines": 0}, "missing_lines": [19, 20, 21], "excluded_lines": []}, "RedisCache.initialize": {"executed_lines": [], "summary": {"covered_lines": 0, "num_statements": 12, "percent_covered": 0.0, "percent_covered_display": "0", "missing_lines": 12, "excluded_lines": 0}, "missing_lines": [25, 26, 27, 29, 30, 37, 40, 41, 42, 43, 44, 45], "excluded_lines": []}, "RedisCache.close": {"executed_lines": [], "summary": {"covered_lines": 0, "num_statements": 4, "percent_covered": 0.0, "percent_covered_display": "0", "missing_lines": 4, "excluded_lines": 0}, "missing_lines": [49, 50, 51, 52], "excluded_lines": []}, "RedisCache._is_available": {"executed_lines": [], "summary": {"covered_lines": 0, "num_statements": 1, "percent_covered": 0.0, "percent_covered_display": "0", "missing_lines": 1, "excluded_lines": 0}, "missing_lines": [56], "excluded_lines": []}, "RedisCache.get": {"executed_lines": [], "summary": {"covered_lines": 0, "num_statements": 8, "percent_covered": 0.0, "percent_covered_display": "0", "missing_lines": 8, "excluded_lines": 0}, "missing_lines": [60, 61, 63, 64, 65, 66, 67, 68], "excluded_lines": []}, "RedisCache.set": {"executed_lines": [], "summary": {"covered_lines": 0, "num_statements": 8, "percent_covered": 0.0, "percent_covered_display": "0", "missing_lines": 8, "excluded_lines": 0}, "missing_lines": [77, 78, 80, 81, 82, 83, 84, 85], "excluded_lines": []}, "RedisCache.setex": {"executed_lines": [], "summary": {"covered_lines": 0, "num_statements": 1, "percent_covered": 0.0, "percent_covered_display": "0", "missing_lines": 1, "excluded_lines": 0}, "missing_lines": [89], "excluded_lines": []}, "RedisCache.delete": {"executed_lines": [], "summary": {"covered_lines": 0, "num_statements": 8, "percent_covered": 0.0, "percent_covered_display": "0", "missing_lines": 8, "excluded_lines": 0}, "missing_lines": [93, 94, 96, 97, 98, 99, 100, 101], "excluded_lines": []}, "RedisCache.exists": {"executed_lines": [], "summary": {"covered_lines": 0, "num_statements": 8, "percent_covered": 0.0, "percent_covered_display": "0", "missing_lines": 8, "excluded_lines": 0}, "missing_lines": [105, 106, 108, 109, 110, 111, 112, 113], "excluded_lines": []}, "RedisCache.get_json": {"executed_lines": [], "summary": {"covered_lines": 0, "num_statements": 8, "percent_covered": 0.0, "percent_covered_display": "0", "missing_lines": 8, "excluded_lines": 0}, "missing_lines": [117, 118, 119, 121, 122, 123, 124, 125], "excluded_lines": []}, "RedisCache.set_json": {"executed_lines": [], "summary": {"covered_lines": 0, "num_statements": 6, "percent_covered": 0.0, "percent_covered_display": "0", "missing_lines": 6, "excluded_lines": 0}, "missing_lines": [134, 135, 136, 137, 138, 139], "excluded_lines": []}, "RedisCache.hash_bytes": {"executed_lines": [], "summary": {"covered_lines": 0, "num_statements": 1, "percent_covered": 0.0, "percent_covered_display": "0", "missing_lines": 1, "excluded_lines": 0}, "missing_lines": [144], "excluded_lines": []}, "RedisCache.invalidate_pattern": {"executed_lines": [], "summary": {"covered_lines": 0, "num_statements": 14, "percent_covered": 0.0, "percent_covered_display": "0", "missing_lines": 14, "excluded_lines": 0}, "missing_lines": [148, 149, 151, 152, 153, 154, 156, 157, 158, 159, 160, 161, 162, 163], "excluded_lines": []}, "get_redis_client": {"executed_lines": [], "summary": {"covered_lines": 0, "num_statements": 3, "percent_covered": 0.0, "percent_covered_display": "0", "missing_lines": 3, "excluded_lines": 0}, "missing_lines": [173, 174, 175], "excluded_lines": []}, "": {"executed_lines": [1, 3, 4, 5, 6, 7, 8, 10, 12, 15, 16, 18, 23, 47, 54, 58, 70, 87, 91, 103, 115, 127, 141, 142, 146, 167, 170], "summary": {"covered_lines": 25, "num_statements": 25, "percent_covered": 100.0, "percent_covered_display": "100", "missing_lines": 0, "excluded_lines": 0}, "missing_lines": [], "excluded_lines": []}}, "classes": {"RedisCache": {"executed_lines": [], "summary": {"covered_lines": 0, "num_statements": 82, "percent_covered": 0.0, "percent_covered_display": "0", "missing_lines": 82, "excluded_lines": 0}, "missing_lines": [19, 20, 21, 25, 26, 27, 29, 30, 37, 40, 41, 42, 43, 44, 45, 49, 50, 51, 52, 56, 60, 61, 63, 64, 65, 66, 67, 68, 77, 78, 80, 81, 82, 83, 84, 85, 89, 93, 94, 96, 97, 98, 99, 100, 101, 105, 106, 108, 109, 110, 111, 112, 113, 117, 118, 119, 121, 122, 123, 124, 125, 134, 135, 136, 137, 138, 139, 144, 148, 149, 151, 152, 153, 154, 156, 157, 158, 159, 160, 161, 162, 163], "excluded_lines": []}, "": {"executed_lines": [1, 3, 4, 5, 6, 7, 8, 10, 12, 15, 16, 18, 23, 47, 54, 58, 70, 87, 91, 103, 115, 127, 141, 142, 146, 167, 170], "summary": {"covered_lines": 25, "num_statements": 28, "percent_covered": 89.28571428571429, "percent_covered_display": "89", "missing_lines": 3, "excluded_lines": 0}, "missing_lines": [173, 174, 175], "excluded_lines": []}}}, "src/config/__init__.py": {"executed_lines": [1], "summary": {"covered_lines": 0, "num_statements": 0, "percent_covered": 100.0, "percent_covered_display": "100", "missing_lines": 0, "excluded_lines": 0}, "missing_lines": [], "excluded_lines": [], "functions": {"": {"executed_lines": [], "summary": {"covered_lines": 0, "num_statements": 0, "percent_covered": 100.0, "percent_covered_display": "100", "missing_lines": 0, "excluded_lines": 0}, "missing_lines": [], "excluded_lines": []}}, "classes": {"": {"executed_lines": [], "summary": {"covered_lines": 0, "num_statements": 0, "percent_covered": 100.0, "percent_covered_display": "100", "missing_lines": 0, "excluded_lines": 0}, "missing_lines": [], "excluded_lines": []}}}, "src/config/settings.py": {"executed_lines": [1, 2, 3, 4, 6, 9, 10, 12, 14, 22, 23, 24, 25, 26, 29, 30, 31, 32, 33, 34, 35, 38, 39, 40, 41, 42, 43, 44, 47, 48, 49, 50, 53, 54, 55, 56, 61, 64, 69, 74, 79, 84, 89, 94, 99, 106, 111, 116, 121, 126, 131, 136, 141, 148, 153, 160, 165, 170, 177, 182, 187, 192, 197, 204, 209, 214, 219, 224, 229, 234, 239, 246, 247, 248, 249, 252, 257, 262, 267, 272, 277, 284, 289, 294, 301, 306, 311, 316, 323, 326, 331, 332, 333, 335, 336, 339, 340, 342, 344, 345, 346, 349, 351, 352, 354, 359, 360, 362, 363, 364, 366, 367, 369, 371, 372, 374, 378], "summary": {"covered_lines": 116, "num_statements": 118, "percent_covered": 98.30508474576271, "percent_covered_display": "98", "missing_lines": 2, "excluded_lines": 0}, "missing_lines": [337, 343], "excluded_lines": [], "functions": {"Settings.parse_origins": {"executed_lines": [335, 336], "summary": {"covered_lines": 2, "num_statements": 3, "percent_covered": 66.66666666666667, "percent_covered_display": "67", "missing_lines": 1, "excluded_lines": 0}, "missing_lines": [337], "excluded_lines": []}, "Settings.validate_settings": {"executed_lines": [342, 344, 345, 346], "summary": {"covered_lines": 4, "num_statements": 5, "percent_covered": 80.0, "percent_covered_display": "80", "missing_lines": 1, "excluded_lines": 0}, "missing_lines": [343], "excluded_lines": []}, "Settings.database_url": {"executed_lines": [354], "summary": {"covered_lines": 1, "num_statements": 1, "percent_covered": 100.0, "percent_covered_display": "100", "missing_lines": 0, "excluded_lines": 0}, "missing_lines": [], "excluded_lines": []}, "Settings.redis_url": {"executed_lines": [362, 363, 364], "summary": {"covered_lines": 3, "num_statements": 3, "percent_covered": 100.0, "percent_covered_display": "100", "missing_lines": 0, "excluded_lines": 0}, "missing_lines": [], "excluded_lines": []}, "Settings.is_production": {"executed_lines": [369], "summary": {"covered_lines": 1, "num_statements": 1, "percent_covered": 100.0, "percent_covered_display": "100", "missing_lines": 0, "excluded_lines": 0}, "missing_lines": [], "excluded_lines": []}, "Settings.is_development": {"executed_lines": [374], "summary": {"covered_lines": 1, "num_statements": 1, "percent_covered": 100.0, "percent_covered_display": "100", "missing_lines": 0, "excluded_lines": 0}, "missing_lines": [], "excluded_lines": []}, "": {"executed_lines": [1, 2, 3, 4, 6, 9, 10, 12, 14, 22, 23, 24, 25, 26, 29, 30, 31, 32, 33, 34, 35, 38, 39, 40, 41, 42, 43, 44, 47, 48, 49, 50, 53, 54, 55, 56, 61, 64, 69, 74, 79, 84, 89, 94, 99, 106, 111, 116, 121, 126, 131, 136, 141, 148, 153, 160, 165, 170, 177, 182, 187, 192, 197, 204, 209, 214, 219, 224, 229, 234, 239, 246, 247, 248, 249, 252, 257, 262, 267, 272, 277, 284, 289, 294, 301, 306, 311, 316, 323, 326, 331, 332, 333, 339, 340, 349, 351, 352, 359, 360, 366, 367, 371, 372, 378], "summary": {"covered_lines": 104, "num_statements": 104, "percent_covered": 100.0, "percent_covered_display": "100", "missing_lines": 0, "excluded_lines": 0}, "missing_lines": [], "excluded_lines": []}}, "classes": {"Settings": {"executed_lines": [335, 336, 342, 344, 345, 346, 354, 362, 363, 364, 369, 374], "summary": {"covered_lines": 12, "num_statements": 14, "percent_covered": 85.71428571428571, "percent_covered_display": "86", "missing_lines": 2, "excluded_lines": 0}, "missing_lines": [337, 343], "excluded_lines": []}, "": {"executed_lines": [1, 2, 3, 4, 6, 9, 10, 12, 14, 22, 23, 24, 25, 26, 29, 30, 31, 32, 33, 34, 35, 38, 39, 40, 41, 42, 43, 44, 47, 48, 49, 50, 53, 54, 55, 56, 61, 64, 69, 74, 79, 84, 89, 94, 99, 106, 111, 116, 121, 126, 131, 136, 141, 148, 153, 160, 165, 170, 177, 182, 187, 192, 197, 204, 209, 214, 219, 224, 229, 234, 239, 246, 247, 248, 249, 252, 257, 262, 267, 272, 277, 284, 289, 294, 301, 306, 311, 316, 323, 326, 331, 332, 333, 339, 340, 349, 351, 352, 359, 360, 366, 367, 371, 372, 378], "summary": {"covered_lines": 104, "num_statements": 104, "percent_covered": 100.0, "percent_covered_display": "100", "missing_lines": 0, "excluded_lines": 0}, "missing_lines": [], "excluded_lines": []}}}, "src/database/__init__.py": {"executed_lines": [1], "summary": {"covered_lines": 0, "num_statements": 0, "percent_covered": 100.0, "percent_covered_display": "100", "missing_lines": 0, "excluded_lines": 0}, "missing_lines": [], "excluded_lines": [], "functions": {"": {"executed_lines": [], "summary": {"covered_lines": 0, "num_statements": 0, "percent_covered": 100.0, "percent_covered_display": "100", "missing_lines": 0, "excluded_lines": 0}, "missing_lines": [], "excluded_lines": []}}, "classes": {"": {"executed_lines": [], "summary": {"covered_lines": 0, "num_statements": 0, "percent_covered": 100.0, "percent_covered_display": "100", "missing_lines": 0, "excluded_lines": 0}, "missing_lines": [], "excluded_lines": []}}}, "src/database/base.py": {"executed_lines": [1, 2, 4, 7, 8, 10, 14, 23, 30], "summary": {"covered_lines": 8, "num_statements": 12, "percent_covered": 66.66666666666667, "percent_covered_display": "67", "missing_lines": 4, "excluded_lines": 1}, "missing_lines": [39, 40, 41, 43], "excluded_lines": [31], "functions": {"get_db": {"executed_lines": [], "summary": {"covered_lines": 0, "num_statements": 4, "percent_covered": 0.0, "percent_covered_display": "0", "missing_lines": 4, "excluded_lines": 1}, "missing_lines": [39, 40, 41, 43], "excluded_lines": [31]}, "": {"executed_lines": [1, 2, 4, 7, 8, 10, 14, 23, 30], "summary": {"covered_lines": 8, "num_statements": 8, "percent_covered": 100.0, "percent_covered_display": "100", "missing_lines": 0, "excluded_lines": 0}, "missing_lines": [], "excluded_lines": []}}, "classes": {"Base": {"executed_lines": [], "summary": {"covered_lines": 0, "num_statements": 0, "percent_covered": 100.0, "percent_covered_display": "100", "missing_lines": 0, "excluded_lines": 0}, "missing_lines": [], "excluded_lines": []}, "": {"executed_lines": [1, 2, 4, 7, 8, 10, 14, 23, 30], "summary": {"covered_lines": 8, "num_statements": 12, "percent_covered": 66.66666666666667, "percent_covered_display": "67", "missing_lines": 4, "excluded_lines": 1}, "missing_lines": [39, 40, 41, 43], "excluded_lines": [31]}}}, "src/database/models.py": {"executed_lines": [1, 2, 4, 5, 6, 8, 11, 12, 14, 17, 22, 23, 24, 27, 30, 33, 39, 42, 47, 52, 53, 58, 59, 62, 65, 68, 71, 76, 79, 84, 94], "summary": {"covered_lines": 30, "num_statements": 31, "percent_covered": 96.7741935483871, "percent_covered_display": "97", "missing_lines": 1, "excluded_lines": 0}, "missing_lines": [95], "excluded_lines": [], "functions": {"Face.__repr__": {"executed_lines": [], "summary": {"covered_lines": 0, "num_statements": 1, "percent_covered": 0.0, "percent_covered_display": "0", "missing_lines": 1, "excluded_lines": 0}, "missing_lines": [95], "excluded_lines": []}, "": {"executed_lines": [1, 2, 4, 5, 6, 8, 11, 12, 14, 17, 22, 23, 24, 27, 30, 33, 39, 42, 47, 52, 53, 58, 59, 62, 65, 68, 71, 76, 79, 84, 94], "summary": {"covered_lines": 30, "num_statements": 30, "percent_covered": 100.0, "percent_covered_display": "100", "missing_lines": 0, "excluded_lines": 0}, "missing_lines": [], "excluded_lines": []}}, "classes": {"Face": {"executed_lines": [], "summary": {"covered_lines": 0, "num_statements": 1, "percent_covered": 0.0, "percent_covered_display": "0", "missing_lines": 1, "excluded_lines": 0}, "missing_lines": [95], "excluded_lines": []}, "": {"executed_lines": [1, 2, 4, 5, 6, 8, 11, 12, 14, 17, 22, 23, 24, 27, 30, 33, 39, 42, 47, 52, 53, 58, 59, 62, 65, 68, 71, 76, 79, 84, 94], "summary": {"covered_lines": 30, "num_statements": 30, "percent_covered": 100.0, "percent_covered_display": "100", "missing_lines": 0, "excluded_lines": 0}, "missing_lines": [], "excluded_lines": []}}}, "src/database/repository.py": {"executed_lines": [1, 3, 4, 6, 9, 10, 12, 13, 15, 17, 18, 19, 20, 22, 24, 25, 27, 31, 37, 39, 49, 50, 53, 59, 61, 63, 70, 73, 74, 76, 100, 102, 113, 114, 116, 140, 155, 156, 169, 186, 211, 228], "summary": {"covered_lines": 41, "num_statements": 64, "percent_covered": 64.0625, "percent_covered_display": "64", "missing_lines": 23, "excluded_lines": 0}, "missing_lines": [129, 131, 132, 135, 137, 138, 158, 160, 161, 164, 166, 167, 179, 184, 199, 205, 206, 208, 209, 221, 226, 238, 244], "excluded_lines": [], "functions": {"FaceRepository.__init__": {"executed_lines": [13], "summary": {"covered_lines": 1, "num_statements": 1, "percent_covered": 100.0, "percent_covered_display": "100", "missing_lines": 0, "excluded_lines": 0}, "missing_lines": [], "excluded_lines": []}, "FaceRepository.create": {"executed_lines": [17, 18, 19, 20], "summary": {"covered_lines": 4, "num_statements": 4, "percent_covered": 100.0, "percent_covered_display": "100", "missing_lines": 0, "excluded_lines": 0}, "missing_lines": [], "excluded_lines": []}, "FaceRepository.get_by_id": {"executed_lines": [24, 25], "summary": {"covered_lines": 2, "num_statements": 2, "percent_covered": 100.0, "percent_covered_display": "100", "missing_lines": 0, "excluded_lines": 0}, "missing_lines": [], "excluded_lines": []}, "FaceRepository.get_by_provider_face_id": {"executed_lines": [31, 37], "summary": {"covered_lines": 2, "num_statements": 2, "percent_covered": 100.0,
[...]
nes": 0, "excluded_lines": 0}, "missing_lines": [], "excluded_lines": [], "functions": {"": {"executed_lines": [1, 3, 15, 21], "summary": {"covered_lines": 3, "num_statements": 3, "percent_covered": 100.0, "percent_covered_display": "100", "missing_lines": 0, "excluded_lines": 0}, "missing_lines": [], "excluded_lines": []}}, "classes": {"": {"executed_lines": [1, 3, 15, 21], "summary": {"covered_lines": 3, "num_statements": 3, "percent_covered": 100.0, "percent_covered_display": "100", "missing_lines": 0, "excluded_lines": 0}, "missing_lines": [], "excluded_lines": []}}}, "src/utils/access_logger.py": {"executed_lines": [], "summary": {"covered_lines": 0, "num_statements": 70, "percent_covered": 0.0, "percent_covered_display": "0", "missing_lines": 70, "excluded_lines": 0}, "missing_lines": [3, 4, 5, 6, 7, 8, 10, 12, 15, 18, 20, 21, 22, 25, 26, 28, 29, 31, 33, 34, 38, 42, 44, 45, 46, 48, 50, 51, 53, 54, 55, 57, 83, 92, 93, 94, 95, 96, 97, 98, 99, 102, 104, 105, 108, 109, 110, 112, 113, 114, 115, 117, 129, 130, 132, 138, 139, 141, 142, 144, 145, 146, 147, 149, 157, 162, 164, 165, 167, 171], "excluded_lines": [], "functions": {"AccessLogger.__init__": {"executed_lines": [], "summary": {"covered_lines": 0, "num_statements": 7, "percent_covered": 0.0, "percent_covered_display": "0", "missing_lines": 7, "excluded_lines": 0}, "missing_lines": [20, 21, 22, 25, 26, 28, 29], "excluded_lines": []}, "AccessLogger._create_formatter": {"executed_lines": [], "summary": {"covered_lines": 0, "num_statements": 3, "percent_covered": 0.0, "percent_covered_display": "0", "missing_lines": 3, "excluded_lines": 0}, "missing_lines": [33, 34, 38], "excluded_lines": []}, "AccessLogger._add_stdout_handler": {"executed_lines": [], "summary": {"covered_lines": 0, "num_statements": 3, "percent_covered": 0.0, "percent_covered_display": "0", "missing_lines": 3, "excluded_lines": 0}, "missing_lines": [44, 45, 46], "excluded_lines": []}, "AccessLogger._add_file_handler": {"executed_lines": [], "summary": {"covered_lines": 0, "num_statements": 5, "percent_covered": 0.0, "percent_covered_display": "0", "missing_lines": 5, "excluded_lines": 0}, "missing_lines": [50, 51, 53, 54, 55], "excluded_lines": []}, "AccessLogger.log_recognition_event": {"executed_lines": [], "summary": {"covered_lines": 0, "num_statements": 19, "percent_covered": 0.0, "percent_covered_display": "0", "missing_lines": 19, "excluded_lines": 0}, "missing_lines": [83, 92, 93, 94, 95, 96, 97, 98, 99, 102, 104, 105, 108, 109, 110, 112, 113, 114, 115], "excluded_lines": []}, "AccessLogger.log_cooldown_event": {"executed_lines": [], "summary": {"covered_lines": 0, "num_statements": 11, "percent_covered": 0.0, "percent_covered_display": "0", "missing_lines": 11, "excluded_lines": 0}, "missing_lines": [129, 130, 132, 138, 139, 141, 142, 144, 145, 146, 147], "excluded_lines": []}, "AccessLogger.log_error": {"executed_lines": [], "summary": {"covered_lines": 0, "num_statements": 5, "percent_covered": 0.0, "percent_covered_display": "0", "missing_lines": 5, "excluded_lines": 0}, "missing_lines": [157, 162, 164, 165, 167], "excluded_lines": []}, "": {"executed_lines": [], "summary": {"covered_lines": 0, "num_statements": 17, "percent_covered": 0.0, "percent_covered_display": "0", "missing_lines": 17, "excluded_lines": 0}, "missing_lines": [3, 4, 5, 6, 7, 8, 10, 12, 15, 18, 31, 42, 48, 57, 117, 149, 171], "excluded_lines": []}}, "classes": {"AccessLogger": {"executed_lines": [], "summary": {"covered_lines": 0, "num_statements": 53, "percent_covered": 0.0, "percent_covered_display": "0", "missing_lines": 53, "excluded_lines": 0}, "missing_lines": [20, 21, 22, 25, 26, 28, 29, 33, 34, 38, 44, 45, 46, 50, 51, 53, 54, 55, 83, 92, 93, 94, 95, 96, 97, 98, 99, 102, 104, 105, 108, 109, 110, 112, 113, 114, 115, 129, 130, 132, 138, 139, 141, 142, 144, 145, 146, 147, 157, 162, 164, 165, 167], "excluded_lines": []}, "": {"executed_lines": [], "summary": {"covered_lines": 0, "num_statements": 17, "percent_covered": 0.0, "percent_covered_display": "0", "missing_lines": 17, "excluded_lines": 0}, "missing_lines": [3, 4, 5, 6, 7, 8, 10, 12, 15, 18, 31, 42, 48, 57, 117, 149, 171], "excluded_lines": []}}}, "src/utils/face_detector.py": {"executed_lines": [1, 8, 9, 10, 11, 12, 13, 15, 17, 20, 21, 22, 23, 24, 27, 28, 37, 53, 54, 55, 56, 59, 60, 61, 63, 65, 67, 68, 70, 73, 75, 77, 79, 86, 92, 93, 94, 96, 97, 101, 102, 104, 115, 117, 135, 150, 151, 152, 153, 159, 161, 164, 167, 175, 176, 187, 188, 190, 196, 199, 202, 205, 213, 214, 217, 218, 219, 221, 225, 226, 227, 228, 231, 232, 233, 234, 237, 250, 251, 253, 294, 310, 312, 317], "summary": {"covered_lines": 81, "num_statements": 117, "percent_covered": 69.23076923076923, "percent_covered_display": "69", "missing_lines": 36, "excluded_lines": 0}, "missing_lines": [71, 106, 112, 113, 119, 120, 121, 124, 126, 130, 131, 133, 154, 155, 157, 177, 185, 200, 222, 238, 240, 248, 259, 262, 265, 268, 269, 270, 271, 274, 275, 285, 286, 288, 290, 291], "excluded_lines": [], "functions": {"FastFaceDetector.__init__": {"executed_lines": [53, 54, 55, 56, 59, 60, 61], "summary": {"covered_lines": 7, "num_statements": 7, "percent_covered": 100.0, "percent_covered_display": "100", "missing_lines": 0, "excluded_lines": 0}, "missing_lines": [], "excluded_lines": []}, "FastFaceDetector._get_haar_cascade": {"executed_lines": [65, 67, 68, 70, 73, 75], "summary": {"covered_lines": 6, "num_statements": 7, "percent_covered": 85.71428571428571, "percent_covered_display": "86", "missing_lines": 1, "excluded_lines": 0}, "missing_lines": [71], "excluded_lines": []}, "FastFaceDetector._get_dnn_net": {"executed_lines": [79, 86, 92, 93, 94, 96, 97, 101, 102, 104, 115], "summary": {"covered_lines": 11, "num_statements": 14, "percent_covered": 78.57142857142857, "percent_covered_display": "79", "missing_lines": 3, "excluded_lines": 0}, "missing_lines": [106, 112, 113], "excluded_lines": []}, "FastFaceDetector._get_insightface_app": {"executed_lines": [], "summary": {"covered_lines": 0, "num_statements": 8, "percent_covered": 0.0, "percent_covered_display": "0", "missing_lines": 8, "excluded_lines": 0}, "missing_lines": [119, 120, 121, 124, 126, 130, 131, 133], "excluded_lines": []}, "FastFaceDetector.detect_faces": {"executed_lines": [150, 151, 152, 153], "summary": {"covered_lines": 4, "num_statements": 7, "percent_covered": 57.142857142857146, "percent_covered_display": "57", "missing_lines": 3, "excluded_lines": 0}, "missing_lines": [154, 155, 157], "excluded_lines": []}, "FastFaceDetector._detect_haar": {"executed_lines": [161, 164, 167, 175, 176, 187, 188], "summary": {"covered_lines": 7, "num_statements": 9, "percent_covered": 77.77777777777777, "percent_covered_display": "78", "missing_lines": 2, "excluded_lines": 0}, "missing_lines": [177, 185], "excluded_lines": []}, "FastFaceDetector._detect_dnn": {"executed_lines": [196, 199, 202, 205, 213, 214, 217, 218, 219, 221, 225, 226, 227, 228, 231, 232, 233, 234, 237, 250, 251], "summary": {"covered_lines": 21, "num_statements": 26, "percent_covered": 80.76923076923077, "percent_covered_display": "81", "missing_lines": 5, "excluded_lines": 0}, "missing_lines": [200, 222, 238, 240, 248], "excluded_lines": []}, "FastFaceDetector._detect_insightface": {"executed_lines": [], "summary": {"covered_lines": 0, "num_statements": 14, "percent_covered": 0.0, "percent_covered_display": "0", "missing_lines": 14, "excluded_lines": 0}, "missing_lines": [259, 262, 265, 268, 269, 270, 271, 274, 275, 285, 286, 288, 290, 291], "excluded_lines": []}, "create_face_detector": {"executed_lines": [310, 312, 317], "summary": {"covered_lines": 3, "num_statements": 3, "percent_covered": 100.0, "percent_covered_display": "100", "missing_lines": 0, "excluded_lines": 0}, "missing_lines": [], "excluded_lines": []}, "": {"executed_lines": [1, 8, 9, 10, 11, 12, 13, 15, 17, 20, 21, 22, 23, 24, 27, 28, 37, 63, 77, 117, 135, 159, 190, 253, 294], "summary": {"covered_lines": 22, "num_statements": 22, "percent_covered": 100.0, "percent_covered_display": "100", "missing_lines": 0, "excluded_lines": 0}, "missing_lines": [], "excluded_lines": []}}, "classes": {"DetectionMethod": {"executed_lines": [], "summary": {"covered_lines": 0, "num_statements": 0, "percent_covered": 100.0, "percent_covered_display": "100", "missing_lines": 0, "excluded_lines": 0}, "missing_lines": [], "excluded_lines": []}, "FastFaceDetector": {"executed_lines": [53, 54, 55, 56, 59, 60, 61, 65, 67, 68, 70, 73, 75, 79, 86, 92, 93, 94, 96, 97, 101, 102, 104, 115, 150, 151, 152, 153, 161, 164, 167, 175, 176, 187, 188, 196, 199, 202, 205, 213, 214, 217, 218, 219, 221, 225, 226, 227, 228, 231, 232, 233, 234, 237, 250, 251], "summary": {"covered_lines": 56, "num_statements": 92, "percent_covered": 60.869565217391305, "percent_covered_display": "61", "missing_lines": 36, "excluded_lines": 0}, "missing_lines": [71, 106, 112, 113, 119, 120, 121, 124, 126, 130, 131, 133, 154, 155, 157, 177, 185, 200, 222, 238, 240, 248, 259, 262, 265, 268, 269, 270, 271, 274, 275, 285, 286, 288, 290, 291], "excluded_lines": []}, "": {"executed_lines": [1, 8, 9, 10, 11, 12, 13, 15, 17, 20, 21, 22, 23, 24, 27, 28, 37, 63, 77, 117, 135, 159, 190, 253, 294, 310, 312, 317], "summary": {"covered_lines": 25, "num_statements": 25, "percent_covered": 100.0, "percent_covered_display": "100", "missing_lines": 0, "excluded_lines": 0}, "missing_lines": [], "excluded_lines": []}}}, "src/utils/face_processing.py": {"executed_lines": [1, 11, 12, 13, 14, 15, 17, 19, 22, 23, 24, 26, 27, 28, 29, 30, 31, 33, 34, 36, 38, 39, 41, 43, 44, 46, 48, 49, 51, 56, 72, 73, 74, 76, 77, 78, 79, 80, 82, 95, 96, 103, 110, 134, 157, 175, 178, 179, 182, 183, 184, 185, 188, 191, 194, 199, 202, 258, 283, 318, 392, 412, 448], "summary": {"covered_lines": 60, "num_statements": 160, "percent_covered": 37.5, "percent_covered_display": "38", "missing_lines": 100, "excluded_lines": 0}, "missing_lines": [58, 84, 85, 87, 98, 105, 118, 119, 120, 121, 124, 125, 128, 131, 136, 137, 138, 139, 146, 147, 154, 192, 223, 224, 226, 228, 229, 230, 231, 234, 237, 239, 240, 241, 242, 243, 248, 250, 255, 272, 273, 275, 280, 302, 303, 306, 307, 308, 310, 313, 315, 334, 335, 336, 337, 339, 341, 349, 350, 351, 356, 357, 358, 360, 361, 362, 367, 368, 370, 371, 373, 374, 375, 378, 379, 380, 384, 386, 387, 389, 404, 430, 433, 434, 437, 445, 468, 469, 470, 471, 473, 476, 485, 486, 487, 488, 489, 490, 493, 503], "excluded_lines": [], "functions": {"BoundingBox.width": {"executed_lines": [36], "summary": {"covered_lines": 1, "num_statements": 1, "percent_covered": 100.0, "percent_covered_display": "100", "missing_lines": 0, "excluded_lines": 0}, "missing_lines": [], "excluded_lines": []}, "BoundingBox.height": {"executed_lines": [41], "summary": {"covered_lines": 1, "num_statements": 1, "percent_covered": 100.0, "percent_covered_display": "100", "missing_lines": 0, "excluded_lines": 0}, "missing_lines": [], "excluded_lines": []}, "BoundingBox.area": {"executed_lines": [46], "summary": {"covered_lines": 1, "num_statements": 1, "percent_covered": 100.0, "percent_covered_display": "100", "missing_lines": 0, "excluded_lines": 0}, "missing_lines": [], "excluded_lines": []}, "BoundingBox.center": {"executed_lines": [51], "summary": {"covered_lines": 1, "num_statements": 1, "percent_covered": 100.0, "percent_covered_display": "100", "missing_lines": 0, "excluded_lines": 0}, "missing_lines": [], "excluded_lines": []}, "BoundingBox.to_dict": {"executed_lines": [], "summary": {"covered_lines": 0, "num_statements": 1, "percent_covered": 0.0, "percent_covered_display": "0", "missing_lines": 1, "excluded_lines": 0}, "missing_lines": [58], "excluded_lines": []}, "ROI.to_absolute": {"executed_lines": [], "summary": {"covered_lines": 0, "num_statements": 3, "percent_covered": 0.0, "percent_covered_display": "0", "missing_lines": 3, "excluded_lines": 0}, "missing_lines": [84, 85, 87], "excluded_lines": []}, "ROI.center": {"executed_lines": [], "summary": {"covered_lines": 0, "num_statements": 1, "percent_covered": 0.0, "percent_covered_display": "0", "missing_lines": 1, "excluded_lines": 0}, "missing_lines": [98], "excluded_lines": []}, "ROI.contains_point": {"executed_lines": [], "summary": {"covered_lines": 0, "num_statements": 1, "percent_covered": 0.0, "percent_covered_display": "0", "missing_lines": 1, "excluded_lines": 0}, "missing_lines": [105], "excluded_lines": []}, "ROI.overlap_with_bbox": {"executed_lines": [], "summary": {"covered_lines": 0, "num_statements": 8, "percent_covered": 0.0, "percent_covered_display": "0", "missing_lines": 8, "excluded_lines": 0}, "missing_lines": [118, 119, 120, 121, 124, 125, 128, 131], "excluded_lines": []}, "ensure_bounding_box": {"executed_lines": [], "summary": {"covered_lines": 0, "num_statements": 7, "percent_covered": 0.0, "percent_covered_display": "0", "missing_lines": 7, "excluded_lines": 0}, "missing_lines": [136, 137, 138, 139, 146, 147, 154], "excluded_lines": []}, "crop_face_from_bbox": {"executed_lines": [175, 178, 179, 182, 183, 184, 185, 188, 191, 194, 199], "summary": {"covered_lines": 11, "num_statements": 12, "percent_covered": 91.66666666666667, "percent_covered_display": "92", "missing_lines": 1, "excluded_lines": 0}, "missing_lines": [192], "excluded_lines": []}, "filter_faces_by_roi": {"executed_lines": [], "summary": {"covered_lines": 0, "num_statements": 17, "percent_covered": 0.0, "percent_covered_display": "0", "missing_lines": 17, "excluded_lines": 0}, "missing_lines": [223, 224, 226, 228, 229, 230, 231, 234, 237, 239, 240, 241, 242, 243, 248, 250, 255], "excluded_lines": []}, "calculate_roi_distance": {"executed_lines": [], "summary": {"covered_lines": 0, "num_statements": 4, "percent_covered": 0.0, "percent_covered_display": "0", "missing_lines": 4, "excluded_lines": 0}, "missing_lines": [272, 273, 275, 280], "excluded_lines": []}, "sort_faces_by_roi_proximity": {"executed_lines": [], "summary": {"covered_lines": 0, "num_statements": 8, "percent_covered": 0.0, "percent_covered_display": "0", "missing_lines": 8, "excluded_lines": 0}, "missing_lines": [302, 303, 306, 307, 308, 310, 313, 315], "excluded_lines": []}, "check_face_quality": {"executed_lines": [], "summary": {"covered_lines": 0, "num_statements": 29, "percent_covered": 0.0, "percent_covered_display": "0", "missing_lines": 29, "excluded_lines": 0}, "missing_lines": [334, 335, 336, 337, 339, 341, 349, 350, 351, 356, 357, 358, 360, 361, 362, 367, 368, 370, 371, 373, 374, 375, 378, 379, 380, 384, 386, 387, 389], "excluded_lines": []}, "convert_insightface_bbox": {"executed_lines": [], "summary": {"covered_lines": 0, "num_statements": 1, "percent_covered": 0.0, "percent_covered_display": "0", "missing_lines": 1, "excluded_lines": 0}, "missing_lines": [404], "excluded_lines": []}, "draw_roi_on_frame": {"executed_lines": [], "summary": {"covered_lines": 0, "num_statements": 5, "percent_covered": 0.0, "percent_covered_display": "0", "missing_lines": 5, "excluded_lines": 0}, "missing_lines": [430, 433, 434, 437, 445], "excluded_lines": []}, "draw_faces_on_frame": {"executed_lines": [], "summary": {"covered_lines": 0, "num_statements": 14, "percent_covered": 0.0, "percent_covered_display": "0", "missing_lines": 14, "excluded_lines": 0}, "missing_lines": [468, 469, 470, 471, 473, 476, 485, 486, 487, 488, 489, 490, 493, 503], "excluded_lines": []}, "": {"executed_lines": [1, 11, 12, 13, 14, 15, 17, 19, 22, 23, 24, 26, 27, 28, 29, 30, 31, 33, 34, 38, 39, 43, 44, 48, 49, 56, 72, 73, 74, 76, 77, 78, 79, 80, 82, 95, 96, 103, 110, 134, 157, 202, 258, 283, 318, 392, 412, 448], "summary": {"covered_lines": 45, "num_statements": 45, "percent_covered": 100.0, "percent_covered_display": "100", "missing_lines": 0, "excluded_lines": 0}, "missing_lines": [], "excluded_lines": []}}, "classes": {"BoundingBox": {"executed_lines": [36, 41, 46, 51], "summary": {"covered_lines": 4, "num_statements": 5, "percent_covered": 80.0, "percent_covered_display": "80", "missing_lines": 1, "excluded_lines": 0}, "missing_lines": [58], "excluded_lines": []}, "ROI": {"executed_lines": [], "summary": {"covered_lines": 0, "num_statements": 13, "percent_covered": 0.0, "percent_covered_display": "0", "missing_lines": 13, "excluded_lines": 0}, "missing_lines": [84, 85, 87, 98, 105, 118, 119, 120, 121, 124, 125, 128, 131], "excluded_lines": []}, "": {"executed_lines": [1, 11, 12, 13, 14, 15, 17, 19, 22, 23, 24, 26, 27, 28, 29, 30, 31, 33, 34, 38, 39, 43, 44, 48, 49, 56, 72, 73, 74, 76, 77, 78, 79, 80, 82, 95, 96, 103, 110, 134, 157, 175, 178, 179, 182, 183, 184, 185, 188, 191, 194, 199, 202, 258, 283, 318, 392, 412, 448], "summary": {"covered_lines": 56, "num_statements": 142, "percent_covered": 39.436619718309856, "percent_covered_display": "39", "missing_lines": 86, "excluded_lines": 0}, "missing_lines": [136, 137, 138, 139, 146, 147, 154, 192, 223, 224, 226, 228, 229, 230, 231, 234, 237, 239, 240, 241, 242, 243, 248, 250, 255, 272, 273, 275, 280, 302, 303, 306, 307, 308, 310, 313, 315, 334, 335, 336, 337, 339, 341, 349, 350, 351, 356, 357, 358, 360, 361, 362, 367, 368, 370, 371, 373, 374, 375, 378, 379, 380, 384, 386, 387, 389, 404, 430, 433, 434, 437, 445, 468, 469, 470, 471, 473, 476, 485, 486, 487, 488, 489, 490, 493, 503], "excluded_lines": []}}}, "src/utils/startup_validation.py": {"executed_lines": [], "summary": {"covered_lines": 0, "num_statements": 98, "percent_covered": 0.0, "percent_covered_display": "0", "missing_lines": 98, "excluded_lines": 0}, "missing_lines": [8, 9, 10, 11, 13, 15, 18, 27, 30, 31, 32, 34, 37, 38, 44, 45, 51, 52, 54, 55, 59, 60, 64, 65, 69, 70, 77, 78, 81, 82, 83, 84, 85, 86, 89, 90, 91, 93, 95, 96, 98, 99, 100, 101, 107, 108, 111, 112, 113, 116, 117, 124, 125, 126, 127, 132, 135, 136, 137, 140, 141, 147, 149, 150, 152, 153, 154, 156, 159, 172, 173, 174, 176, 177, 180, 181, 182, 183, 191, 193, 194, 195, 196, 198, 199, 200, 201, 203, 204, 209, 212, 214, 219, 220, 221, 222, 223, 224], "excluded_lines": [], "functions": {"validate_liveness_configuration": {"executed_lines": [], "summary": {"covered_lines": 0, "num_statements": 61, "percent_covered": 0.0, "percent_covered_display": "0", "missing_lines": 61, "excluded_lines": 0}, "missing_lines": [27, 30, 31, 32, 34, 37, 38, 44, 45, 51, 52, 54, 55, 59, 60, 64, 65, 69, 70, 77, 78, 81, 82, 83, 84, 85, 86, 89, 90, 91, 93, 95, 96, 98, 99, 100, 101, 107, 108, 111, 112, 113, 116, 117, 124, 125, 126, 127, 132, 135, 136, 137, 140, 141, 147, 149, 150, 152, 153, 154, 156], "excluded_lines": []}, "validate_startup_requirements": {"executed_lines": [], "summary": {"covered_lines": 0, "num_statements": 21, "percent_covered": 0.0, "percent_covered_display": "0", "missing_lines": 21, "excluded_lines": 0}, "missing_lines": [172, 173, 174, 176, 177, 180, 181, 182, 183, 191, 193, 194, 195, 196, 198, 199, 200, 201, 203, 204, 209], "excluded_lines": []}, "": {"executed_lines": [], "summary": {"covered_lines": 0, "num_statements": 16, "percent_covered": 0.0, "percent_covered_display": "0", "missing_lines": 16, "excluded_lines": 0}, "missing_lines": [8, 9, 10, 11, 13, 15, 18, 159, 212, 214, 219, 220, 221, 222, 223, 224], "excluded_lines": []}}, "classes": {"": {"executed_lines": [], "summary": {"covered_lines": 0, "num_statements": 98, "percent_covered": 0.0, "percent_covered_display": "0", "missing_lines": 98, "excluded_lines": 0}, "missing_lines": [8, 9, 10, 11, 13, 15, 18, 27, 30, 31, 32, 34, 37, 38, 44, 45, 51, 52, 54, 55, 59, 60, 64, 65, 69, 70, 77, 78, 81, 82, 83, 84, 85, 86, 89, 90, 91, 93, 95, 96, 98, 99, 100, 101, 107, 108, 111, 112, 113, 116, 117, 124, 125, 126, 127, 132, 135, 136, 137, 140, 141, 147, 149, 150, 152, 153, 154, 156, 159, 172, 173, 174, 176, 177, 180, 181, 182, 183, 191, 193, 194, 195, 196, 198, 199, 200, 201, 203, 204, 209, 212, 214, 219, 220, 221, 222, 223, 224], "excluded_lines": []}}}}, "totals": {"covered_lines": 1258, "num_statements": 3724, "percent_covered": 33.78088077336198, "percent_covered_display": "34", "missing_lines": 2466, "excluded_lines": 1}}